TN:verilator_coverage
SF:../lab1_imul/IntMulAlt.v
DA:24,54
DA:25,2
DA:27,0
DA:28,0
DA:29,0
DA:31,0
DA:32,0
DA:33,0
DA:40,0
DA:41,0
DA:42,0
DA:43,0
DA:44,0
DA:45,0
DA:46,0
DA:86,54
DA:87,2
DA:90,0
DA:91,0
DA:94,0
DA:95,0
DA:96,0
DA:97,0
DA:98,0
DA:99,0
DA:100,0
DA:103,2
DA:104,0
DA:111,0
DA:123,0
DA:136,0
DA:149,2
DA:161,2
DA:172,2
DA:185,0
DA:197,0
DA:210,2
DA:221,0
DA:237,54
DA:238,2
DA:241,0
DA:242,0
DA:243,0
DA:244,0
DA:245,0
DA:246,0
DA:247,0
DA:250,0
DA:251,0
DA:252,0
DA:253,0
DA:257,0
DA:258,0
DA:259,0
DA:261,26
DA:273,26
DA:274,26
DA:275,26
DA:276,26
DA:277,26
DA:278,26
DA:279,26
DA:280,26
DA:281,26
DA:282,26
DA:287,26
DA:289,8
DA:292,18
DA:297,0
DA:298,0
DA:299,26
DA:301,0
DA:302,84
DA:304,0
DA:306,0
DA:307,0
DA:309,0
DA:311,0
DA:312,0
DA:323,0
DA:324,0
DA:325,26
DA:326,26
DA:332,0
DA:337,0
DA:338,0
DA:339,0
DA:340,0
DA:341,0
DA:342,0
DA:343,0
DA:344,0
DA:345,0
DA:346,0
DA:347,0
DA:348,0
DA:349,0
DA:350,0
DA:351,0
DA:352,0
DA:353,0
DA:354,0
DA:355,0
DA:356,0
DA:357,0
DA:358,0
DA:359,0
DA:360,0
DA:361,0
DA:362,0
DA:363,0
DA:364,0
DA:365,0
DA:366,0
DA:367,0
DA:368,0
DA:370,0
DA:371,0
DA:373,0
DA:374,0
DA:376,0
DA:378,0
DA:379,0
DA:381,0
DA:386,0
DA:387,0
end_of_record
SF:../vc/TestMem_2ports4B.v
DA:26,629
DA:27,0
DA:28,0
DA:29,6
DA:30,0
DA:31,51
DA:40,0
DA:63,3239
DA:64,0
DA:65,0
DA:66,0
DA:67,799
DA:68,0
DA:77,0
DA:105,118291
DA:106,359
DA:109,359
DA:113,9026
DA:114,0
DA:115,0
DA:119,2586
DA:120,0
DA:121,674
DA:125,6250
DA:126,8766
DA:127,2462
DA:131,2586
DA:132,2586
DA:133,767
DA:193,9004
DA:194,2754
DA:195,0
DA:216,2586
DA:217,0
DA:218,629
DA:243,0
DA:244,0
DA:245,359
DA:246,0
DA:247,0
DA:259,0
DA:260,0
DA:261,0
DA:262,0
DA:263,51
DA:278,6
DA:279,0
DA:281,0
DA:282,0
DA:283,0
DA:284,0
DA:287,359
DA:288,359
DA:294,359
DA:295,3639
DA:296,3639
DA:297,3639
DA:298,3639
DA:299,3639
DA:300,3639
DA:304,3639
DA:305,3639
DA:308,3639
DA:309,14556
DA:317,357
DA:318,357
DA:343,357
DA:344,4231
DA:345,4231
DA:346,4231
DA:347,4231
DA:348,4231
DA:349,4231
DA:350,4231
DA:351,4231
DA:352,4231
DA:370,0
DA:375,0
DA:386,359
DA:389,0
DA:394,0
DA:397,0
DA:400,744
DA:403,45
DA:408,6
DA:411,6
DA:414,51
DA:417,51
DA:423,0
DA:427,1074
DA:434,0
DA:439,0
DA:453,359
DA:454,0
DA:455,0
DA:456,1436
DA:457,5385
DA:459,0
DA:460,0
DA:464,0
DA:466,0
DA:467,0
DA:469,54658
DA:471,0
DA:472,0
DA:476,687
DA:479,687
DA:480,2748
DA:484,54658
DA:485,0
DA:486,0
DA:487,0
DA:488,0
DA:489,0
DA:493,54658
DA:494,0
DA:495,0
DA:496,0
DA:497,0
DA:498,0
DA:504,58966
DA:513,4667
DA:514,4667
DA:515,0
DA:516,0
DA:518,4667
DA:521,0
DA:522,54299
DA:524,54299
DA:525,0
DA:528,687
DA:529,687
DA:532,54299
DA:533,0
DA:536,54299
DA:537,0
DA:547,2462
DA:559,767
DA:624,58966
DA:625,4667
DA:626,0
DA:627,0
DA:628,0
DA:629,0
end_of_record
SF:../vc/TestRandDelay.v
DA:18,236582
DA:19,718
DA:23,0
DA:27,1406
DA:28,0
DA:29,854
DA:33,2848
DA:34,0
DA:35,674
DA:44,0
DA:46,117932
DA:47,0
DA:48,117932
DA:50,0
DA:55,0
DA:56,0
DA:57,0
DA:77,680
DA:88,0
DA:89,0
DA:91,117932
DA:92,9334
DA:93,9334
DA:95,108598
DA:96,108598
DA:104,0
DA:108,0
DA:110,0
DA:116,65520
DA:117,0
DA:118,0
DA:125,0
DA:126,0
DA:127,0
DA:138,0
DA:140,0
DA:142,65520
DA:143,65520
DA:144,65520
DA:145,65520
DA:146,65520
DA:147,65520
DA:150,0
DA:151,0
DA:152,0
DA:153,0
DA:154,0
DA:155,0
DA:158,0
DA:159,0
DA:160,0
DA:161,0
DA:162,0
DA:163,0
DA:183,117932
DA:184,9334
DA:185,0
DA:186,0
DA:187,0
DA:188,0
DA:189,0
end_of_record
SF:../vc/TestRandDelayMem_2ports4B.v
DA:32,118291
DA:33,359
DA:37,359
DA:41,0
DA:45,9026
DA:46,0
DA:47,0
DA:51,2586
DA:52,0
DA:53,854
DA:57,6250
DA:58,8766
DA:59,3072
DA:63,2586
DA:64,2586
DA:65,468
DA:72,9026
DA:73,0
DA:74,0
DA:76,2586
DA:77,0
DA:78,674
DA:81,6250
DA:82,8766
DA:83,2462
DA:85,2586
DA:86,2586
DA:87,767
DA:161,359
DA:162,359
DA:163,359
DA:166,357
DA:167,357
DA:168,357
end_of_record
SF:../vc/TestRandDelaySinkFile.v
DA:17,118291
DA:18,359
DA:22,0
DA:26,690
DA:27,4242
DA:28,440
DA:32,357
DA:39,712
DA:40,690
DA:41,74
DA:75,359
DA:76,359
DA:77,359
end_of_record
SF:../vc/TestRandDelaySourceFile.v
DA:16,118291
DA:17,359
DA:21,0
DA:25,2136
DA:26,2134
DA:27,392
DA:31,357
DA:38,716
DA:39,2134
DA:40,278
DA:54,359
DA:55,359
DA:56,359
end_of_record
SF:../vc/TestSinkFile.v
DA:20,118291
DA:21,359
DA:25,712
DA:26,690
DA:27,74
DA:31,357
DA:52,712
DA:53,0
DA:54,0
DA:55,0
DA:68,359
DA:69,58966
DA:70,58966
DA:71,0
DA:72,359
DA:73,359
DA:76,359
DA:77,358
DA:78,358
DA:79,358
DA:82,358
DA:84,358
DA:85,358
DA:95,0
DA:98,58966
DA:114,712
DA:121,47
DA:122,0
DA:124,66
DA:127,58966
DA:128,4667
DA:129,4667
DA:131,356
DA:133,356
DA:134,309
DA:135,309
DA:136,309
DA:137,309
DA:139,47
DA:140,47
DA:141,47
DA:142,47
DA:143,47
DA:145,47
DA:146,0
DA:147,0
DA:148,0
DA:149,0
DA:150,0
DA:151,0
DA:152,0
DA:153,0
DA:154,0
DA:155,0
DA:156,0
DA:165,359
DA:166,2
DA:167,2
DA:168,2
DA:169,2
DA:177,58966
DA:178,4667
DA:179,0
DA:180,0
end_of_record
SF:../vc/TestSourceFile.v
DA:16,118291
DA:17,359
DA:21,716
DA:22,2134
DA:23,278
DA:27,357
DA:49,2134
DA:50,1
DA:51,0
DA:52,0
DA:65,359
DA:66,58966
DA:67,58966
DA:69,0
DA:71,359
DA:72,359
DA:74,359
DA:75,359
DA:76,710
DA:77,710
DA:80,710
DA:82,710
DA:83,710
DA:115,1031
DA:118,58966
DA:119,5026
DA:120,1067
DA:133,2134
DA:146,58966
DA:147,4667
DA:148,0
DA:149,0
end_of_record
SF:../vc/arithmetic.v
DA:16,4
DA:17,0
DA:18,0
DA:19,4
DA:20,2
DA:34,2
DA:35,0
DA:36,2
DA:69,2
DA:70,4
DA:136,2
DA:137,914
DA:138,2
DA:188,2
DA:189,0
DA:190,2
DA:206,884
DA:207,0
DA:208,878
end_of_record
SF:../vc/mem-msgs.v
DA:89,709746
DA:90,2154
DA:91,34836
DA:92,0
DA:93,0
DA:96,0
DA:98,0
DA:100,716
DA:102,0
DA:104,386
DA:116,0
DA:311,709746
DA:312,2154
DA:313,26508
DA:314,34056
DA:315,0
DA:319,0
DA:321,0
DA:323,0
DA:325,0
DA:327,1875
DA:339,0
end_of_record
SF:../vc/muxes.v
DA:16,234
DA:17,0
DA:18,234
DA:21,0
DA:22,0
DA:23,0
DA:24,0
DA:25,15812
DA:26,0
DA:40,316
DA:41,1020
DA:42,4
DA:45,0
DA:46,0
DA:47,0
DA:48,180
DA:49,55604
DA:50,9438
DA:51,0
DA:65,4
DA:66,0
DA:67,6
DA:70,0
DA:71,0
DA:72,0
DA:73,0
DA:74,0
DA:75,4
DA:76,32
DA:77,0
end_of_record
SF:../vc/queues.v
DA:38,236582
DA:39,718
DA:41,11612
DA:42,0
DA:44,11590
DA:45,2754
DA:47,3456
DA:48,3454
DA:49,3454
DA:54,3454
DA:55,3454
DA:57,117932
DA:58,117932
DA:70,11612
DA:73,11590
DA:79,3454
DA:82,2356
DA:85,0
DA:124,118291
DA:125,359
DA:126,11612
DA:127,11590
DA:128,674
DA:129,629
DA:134,629
DA:185,238
DA:187,2992
DA:188,0
DA:190,2992
DA:191,0
DA:193,0
DA:194,0
DA:195,0
DA:196,0
DA:197,0
DA:202,0
DA:203,0
DA:213,0
DA:214,0
DA:229,0
DA:230,0
DA:247,2992
DA:250,2992
DA:256,0
DA:259,0
DA:262,2992
DA:284,0
DA:289,0
DA:292,0
DA:295,0
DA:337,83446
DA:338,238
DA:339,0
DA:340,0
DA:341,0
DA:342,0
DA:343,0
DA:344,0
DA:349,0
DA:394,83446
DA:395,238
DA:397,712
DA:398,0
DA:399,674
DA:401,690
DA:402,2754
DA:403,629
DA:405,11590
end_of_record
SF:../vc/regfiles.v
DA:20,83446
DA:21,238
DA:25,0
DA:26,0
DA:30,0
DA:31,0
DA:32,0
DA:35,0
DA:43,41604
DA:44,41604
DA:45,0
DA:150,54
DA:151,2
DA:155,2
DA:156,0
DA:160,0
DA:161,0
DA:165,0
DA:166,0
DA:167,2
DA:179,26
DA:180,26
DA:181,0
DA:300,54
DA:301,2
DA:303,2
DA:304,0
DA:306,0
DA:307,0
DA:309,0
DA:310,0
DA:311,2
DA:317,0
DA:318,0
end_of_record
SF:../vc/regs.v
DA:23,108
DA:24,4
DA:25,4
DA:28,52
DA:29,52
DA:42,250338
DA:43,714
DA:44,0
DA:45,0
DA:48,124812
DA:49,124812
DA:61,54
DA:62,2
DA:63,629
DA:64,1528
DA:65,236
DA:68,26
DA:69,17244
DA:70,26
DA:95,54
DA:96,2
DA:97,0
DA:98,1
DA:99,2846
DA:102,26
DA:103,107175
DA:104,26
end_of_record
SF:../vc/trace.v
DA:20,54
DA:21,2
DA:44,0
DA:45,0
DA:49,0
DA:62,0
DA:63,0
DA:64,0
DA:65,0
DA:71,26
DA:72,26
DA:80,0
DA:85,0
DA:86,0
DA:88,0
DA:89,0
DA:90,0
DA:93,0
DA:95,0
DA:96,0
DA:97,0
DA:99,0
DA:100,0
DA:103,0
DA:113,0
DA:118,0
DA:120,0
DA:121,0
DA:123,0
DA:124,0
DA:125,0
DA:126,0
DA:129,0
DA:139,0
DA:145,0
DA:146,0
DA:147,0
DA:149,0
DA:150,0
DA:151,0
DA:152,0
DA:153,0
DA:155,0
DA:156,0
DA:159,0
DA:169,0
DA:175,0
DA:177,0
DA:178,0
DA:179,0
DA:182,0
DA:183,0
DA:184,0
DA:185,0
DA:186,0
DA:187,0
DA:188,0
DA:199,0
DA:206,0
DA:208,0
DA:209,0
DA:210,0
DA:213,0
DA:214,0
DA:216,0
DA:217,0
DA:219,0
DA:220,0
DA:221,0
DA:223,0
DA:224,0
DA:225,0
DA:227,0
DA:228,0
DA:229,0
end_of_record
SF:DropUnit.v
DA:16,83446
DA:17,238
DA:21,592
DA:23,1510
DA:24,238
DA:25,2754
DA:27,1510
DA:28,830
DA:29,2754
DA:35,0
DA:36,0
DA:37,2992
DA:47,0
DA:48,0
DA:52,125288
DA:53,0
DA:55,125288
DA:57,0
DA:61,0
DA:62,0
DA:64,0
DA:71,0
DA:72,0
DA:76,41604
DA:77,41604
DA:79,0
DA:82,0
DA:83,0
DA:90,41604
DA:92,3094
DA:93,3094
DA:95,38510
end_of_record
SF:ProcAlt.v
DA:26,40361
DA:27,119
DA:31,130
DA:32,709
DA:33,708
DA:37,189
DA:38,228
DA:39,1496
DA:43,0
DA:44,1076
DA:45,0
DA:49,0
DA:50,119
DA:51,957
DA:55,0
DA:56,580
DA:57,0
DA:61,0
DA:62,580
DA:63,580
DA:69,0
DA:70,1168
DA:71,0
DA:78,0
DA:79,0
DA:80,1076
DA:81,0
DA:83,0
DA:110,296
DA:111,0
DA:112,415
DA:113,957
DA:135,0
DA:136,0
DA:137,580
DA:138,0
DA:140,165
DA:141,58
DA:142,0
DA:169,234
DA:170,189
DA:171,236
DA:172,234
DA:195,957
DA:196,10
DA:198,957
DA:199,549
DA:200,488
DA:201,0
DA:202,28
DA:203,22
DA:204,23
DA:205,324
DA:206,326
DA:208,28
DA:209,506
DA:210,24
DA:211,23
DA:212,22
DA:214,6
DA:215,290
DA:216,0
DA:218,8
DA:219,72
DA:220,1592
DA:221,0
DA:226,2
DA:227,531
DA:228,243
DA:229,590
end_of_record
SF:ProcAltCtrl.v
DA:14,40361
DA:15,119
DA:19,1076
DA:20,0
DA:21,415
DA:22,957
DA:23,296
DA:27,580
DA:28,0
DA:29,580
DA:30,580
DA:31,0
DA:35,709
DA:36,708
DA:37,236
DA:38,234
DA:42,957
DA:43,10
DA:45,957
DA:46,549
DA:47,488
DA:48,0
DA:49,28
DA:50,324
DA:51,326
DA:53,28
DA:54,506
DA:55,22
DA:57,6
DA:58,290
DA:60,8
DA:61,72
DA:62,1592
DA:63,0
DA:65,22
DA:66,24
DA:70,2
DA:71,531
DA:72,243
DA:73,590
DA:75,23
DA:76,23
DA:80,1168
DA:104,119
DA:105,415
DA:106,1140
DA:107,1160
DA:108,1160
DA:120,296
DA:121,951
DA:122,22
DA:123,0
DA:124,8
DA:130,1253
DA:131,957
DA:132,28
DA:133,6
DA:134,8
DA:141,8
DA:142,288
DA:149,296
DA:150,288
DA:162,20121
DA:163,1547
DA:164,1547
DA:165,4013
DA:166,4013
DA:171,288
DA:172,2
DA:173,0
DA:177,0
DA:178,144
DA:179,144
DA:180,4
DA:181,4
DA:182,19973
DA:183,19973
DA:210,1372
DA:223,20121
DA:224,1547
DA:225,1547
DA:226,4013
DA:227,4013
DA:232,72
DA:233,2
DA:234,292
DA:235,292
DA:337,303
DA:338,2
DA:339,0
DA:340,549
DA:341,715
DA:342,506
DA:343,22
DA:344,22
DA:345,290
DA:346,290
DA:347,1107
DA:348,488
DA:349,502
DA:350,502
DA:351,488
DA:352,0
DA:353,8
DA:355,20121
DA:374,20121
DA:375,20121
DA:376,20121
DA:377,20121
DA:378,20121
DA:379,20121
DA:380,20121
DA:381,20121
DA:382,20121
DA:383,20121
DA:384,20121
DA:385,20121
DA:386,20121
DA:387,20121
DA:388,20121
DA:389,20121
DA:390,20121
DA:396,0
DA:398,0
DA:402,175
DA:405,10209
DA:406,13
DA:407,40
DA:408,2
DA:409,2
DA:410,10
DA:411,7
DA:412,3
DA:413,5
DA:414,2
DA:415,2
DA:418,614
DA:419,1
DA:420,3
DA:421,6
DA:422,7
DA:423,5
DA:424,5
DA:425,15
DA:426,2
DA:427,5
DA:428,1
DA:431,4
DA:432,1
DA:436,146
DA:437,4
DA:440,420
DA:441,221
DA:444,4753
DA:445,327
DA:448,3111
DA:453,72
DA:461,0
DA:462,0
DA:463,0
DA:464,0
DA:465,0
DA:467,327
DA:468,327
DA:469,4753
DA:470,4753
DA:471,20121
DA:472,0
DA:473,20121
DA:474,0
DA:475,20121
DA:476,0
DA:481,0
DA:482,4
DA:483,4
DA:484,4
DA:486,20117
DA:487,20117
DA:488,20117
DA:494,0
DA:495,379
DA:496,157
DA:497,108
DA:498,19477
DA:501,0
DA:502,186
DA:503,110
DA:504,9
DA:505,19816
DA:510,462
DA:516,316
DA:524,332
DA:529,222
DA:536,236
DA:541,34
DA:548,38
DA:554,200
DA:564,690
DA:569,38
DA:577,4
DA:585,4
DA:593,200
DA:601,0
DA:609,0
DA:617,23
DA:625,269
DA:646,1146
DA:657,2
DA:658,290
DA:659,290
DA:660,1107
DA:661,72
DA:662,502
DA:663,0
DA:664,0
DA:665,2
DA:669,20121
DA:670,1547
DA:671,1547
DA:673,185
DA:674,18389
DA:675,18389
DA:676,18389
DA:677,18389
DA:678,18389
DA:679,18389
DA:680,18389
DA:681,18389
DA:682,18389
DA:683,18389
DA:684,18389
DA:685,18389
DA:690,0
DA:691,146
DA:692,146
DA:693,146
DA:695,4
DA:696,4
DA:697,4
DA:699,0
DA:700,0
DA:701,0
DA:703,0
DA:704,0
DA:705,0
DA:707,0
DA:708,0
DA:709,0
DA:711,0
DA:712,0
DA:713,0
DA:715,1
DA:716,1
DA:717,1
DA:719,19970
DA:720,19970
DA:721,19970
DA:727,24
DA:732,0
DA:753,0
DA:754,420
DA:755,420
DA:756,221
DA:757,221
DA:758,19480
DA:759,19480
DA:769,1166
DA:780,2
DA:781,290
DA:782,1107
DA:783,72
DA:784,502
DA:785,0
DA:789,20121
DA:790,1547
DA:791,1547
DA:793,12
DA:794,18562
DA:795,18562
DA:796,18562
DA:797,18562
DA:798,18562
DA:799,18562
DA:800,18562
DA:801,18562
DA:818,1166
DA:829,2
DA:830,502
DA:831,1107
DA:832,0
DA:836,20121
DA:837,1547
DA:838,1547
DA:840,28
DA:841,18546
DA:842,18546
DA:843,18546
DA:844,18546
DA:845,18546
DA:846,18546
end_of_record
SF:ProcAltDpath.v
DA:25,40361
DA:26,119
DA:30,0
DA:31,0
DA:35,165
DA:36,58
DA:37,146
DA:41,130
DA:42,189
DA:46,296
DA:48,957
DA:49,10
DA:51,957
DA:52,549
DA:53,488
DA:54,0
DA:55,28
DA:56,324
DA:57,326
DA:59,28
DA:60,506
DA:61,22
DA:63,6
DA:64,290
DA:66,8
DA:67,72
DA:68,1592
DA:69,0
DA:71,22
DA:72,24
DA:76,2
DA:77,531
DA:78,243
DA:79,590
DA:81,23
DA:82,23
DA:86,0
DA:87,0
DA:101,119
DA:102,0
DA:103,0
DA:104,581
DA:105,581
DA:122,165
DA:138,119
DA:139,72
DA:140,2
DA:141,292
DA:142,292
DA:181,65
DA:182,14
DA:183,189
DA:198,107
DA:210,64
DA:222,91
DA:232,424
DA:234,130
DA:236,0
DA:274,75
DA:275,418
DA:276,119
DA:323,189
DA:338,6
DA:351,119
DA:376,189
DA:387,146
DA:388,189
DA:404,189
DA:423,0
end_of_record
SF:ProcBase.v
DA:22,43085
DA:23,119
DA:27,130
DA:28,709
DA:29,708
DA:33,225
DA:34,228
DA:35,1598
DA:39,0
DA:40,1916
DA:41,0
DA:45,0
DA:46,119
DA:47,1797
DA:51,0
DA:52,580
DA:53,0
DA:57,0
DA:58,580
DA:59,580
DA:65,0
DA:66,1984
DA:67,0
DA:75,0
DA:76,0
DA:77,1916
DA:78,0
DA:80,0
DA:107,296
DA:108,0
DA:109,415
DA:110,1797
DA:132,0
DA:133,0
DA:134,580
DA:135,0
DA:137,193
DA:138,58
DA:139,0
DA:166,230
DA:167,225
DA:168,236
DA:169,230
DA:192,1797
DA:193,10
DA:195,1797
DA:196,549
DA:197,488
DA:198,0
DA:199,28
DA:200,22
DA:201,45
DA:203,28
DA:204,506
DA:205,44
DA:206,45
DA:207,22
DA:209,6
DA:210,290
DA:211,0
DA:213,8
DA:214,72
DA:215,1766
DA:216,0
DA:221,2
DA:222,645
DA:223,295
DA:224,638
end_of_record
SF:ProcBaseCtrl.v
DA:14,43085
DA:15,119
DA:19,1916
DA:20,0
DA:21,415
DA:22,1797
DA:23,296
DA:27,580
DA:28,0
DA:29,580
DA:30,580
DA:31,0
DA:35,709
DA:36,708
DA:37,236
DA:38,230
DA:42,1797
DA:43,10
DA:45,1797
DA:46,549
DA:47,488
DA:48,0
DA:49,28
DA:51,28
DA:52,506
DA:53,22
DA:55,6
DA:56,290
DA:58,8
DA:59,72
DA:60,1766
DA:61,0
DA:63,22
DA:64,44
DA:68,2
DA:69,645
DA:70,295
DA:71,638
DA:73,45
DA:74,45
DA:78,1984
DA:102,119
DA:103,415
DA:104,1976
DA:105,1976
DA:106,1976
DA:118,296
DA:119,1793
DA:120,22
DA:121,0
DA:122,8
DA:128,2093
DA:129,1799
DA:130,28
DA:131,6
DA:132,8
DA:139,8
DA:140,288
DA:147,296
DA:148,288
DA:160,21483
DA:161,1547
DA:162,1547
DA:163,4329
DA:164,4329
DA:169,288
DA:170,2
DA:171,0
DA:175,0
DA:176,144
DA:177,144
DA:178,4
DA:179,4
DA:180,21335
DA:181,21335
DA:208,2212
DA:221,21483
DA:222,1547
DA:223,1547
DA:224,4329
DA:225,4329
DA:230,72
DA:231,2
DA:232,292
DA:233,292
DA:334,303
DA:335,2
DA:336,0
DA:337,549
DA:338,715
DA:339,506
DA:340,22
DA:341,22
DA:342,290
DA:343,290
DA:344,1107
DA:345,488
DA:346,502
DA:347,502
DA:348,488
DA:349,0
DA:350,8
DA:352,21483
DA:371,21483
DA:372,21483
DA:373,21483
DA:374,21483
DA:375,21483
DA:376,21483
DA:377,21483
DA:378,21483
DA:379,21483
DA:380,21483
DA:381,21483
DA:382,21483
DA:383,21483
DA:384,21483
DA:385,21483
DA:386,21483
DA:387,21483
DA:393,0
DA:395,0
DA:399,175
DA:402,10450
DA:403,48
DA:404,133
DA:405,8
DA:406,8
DA:407,16
DA:408,28
DA:409,12
DA:410,20
DA:411,8
DA:412,8
DA:415,661
DA:416,4
DA:417,12
DA:418,24
DA:419,28
DA:420,20
DA:421,20
DA:422,23
DA:423,8
DA:424,5
DA:425,1
DA:428,4
DA:429,1
DA:433,508
DA:434,16
DA:437,423
DA:438,539
DA:441,4218
DA:442,629
DA:445,3425
DA:450,72
DA:458,0
DA:459,0
DA:460,0
DA:461,0
DA:462,0
DA:464,629
DA:465,629
DA:466,4218
DA:467,4218
DA:468,21483
DA:469,0
DA:470,21483
DA:471,0
DA:472,21483
DA:473,0
DA:478,0
DA:479,4
DA:480,4
DA:481,4
DA:483,21479
DA:484,21479
DA:485,21479
DA:493,664
DA:498,576
DA:505,796
DA:512,806
DA:519,520
DA:526,524
DA:533,534
DA:540,45
DA:548,1131
DA:569,1982
DA:580,2
DA:581,290
DA:582,290
DA:583,1107
DA:584,72
DA:585,502
DA:586,0
DA:587,0
DA:588,2
DA:592,21483
DA:593,1547
DA:594,1547
DA:596,199
DA:597,19737
DA:598,19737
DA:599,19737
DA:600,19737
DA:601,19737
DA:602,19737
DA:603,19737
DA:604,19737
DA:605,19737
DA:606,19737
DA:607,19737
DA:608,19737
DA:613,0
DA:614,146
DA:615,146
DA:616,146
DA:618,4
DA:619,4
DA:620,4
DA:622,0
DA:623,0
DA:624,0
DA:626,0
DA:627,0
DA:628,0
DA:630,0
DA:631,0
DA:632,0
DA:634,0
DA:635,0
DA:636,0
DA:638,1
DA:639,1
DA:640,1
DA:642,21332
DA:643,21332
DA:644,21332
DA:650,46
DA:655,0
DA:676,0
DA:677,423
DA:678,423
DA:679,539
DA:680,539
DA:681,20521
DA:682,20521
DA:692,1982
DA:703,2
DA:704,290
DA:705,1107
DA:706,72
DA:707,502
DA:708,0
DA:712,21483
DA:713,1547
DA:714,1547
DA:716,26
DA:717,19910
DA:718,19910
DA:719,19910
DA:720,19910
DA:721,19910
DA:722,19910
DA:723,19910
DA:724,19910
DA:741,1982
DA:752,2
DA:753,502
DA:754,1107
DA:755,0
DA:759,21483
DA:760,1547
DA:761,1547
DA:763,30
DA:764,19906
DA:765,19906
DA:766,19906
DA:767,19906
DA:768,19906
DA:769,19906
end_of_record
SF:ProcBaseDpath.v
DA:25,54
DA:26,2
DA:30,0
DA:31,0
DA:35,2
DA:36,324
DA:37,176
DA:41,136
DA:42,2
DA:46,296
DA:48,1797
DA:49,288
DA:51,1797
DA:52,549
DA:53,488
DA:54,0
DA:55,2
DA:57,28
DA:58,732
DA:59,22
DA:61,6
DA:62,290
DA:64,8
DA:65,72
DA:66,1766
DA:67,0
DA:69,22
DA:70,44
DA:74,2
DA:75,2
DA:76,2
DA:77,6
DA:79,45
DA:80,45
DA:84,0
DA:85,0
DA:99,4
DA:100,0
DA:101,0
DA:102,2
DA:103,2
DA:120,2
DA:136,6
DA:137,2
DA:138,2
DA:139,292
DA:140,782
DA:179,347
DA:180,324
DA:181,2
DA:196,2
DA:206,476
DA:208,136
DA:210,0
DA:248,2
DA:249,476
DA:250,4
DA:297,2
DA:312,26
DA:325,4
DA:350,2
DA:361,176
DA:362,2
DA:378,2
DA:397,0
end_of_record
SF:ProcDpathAlu.v
DA:12,2
DA:13,914
DA:14,1464
DA:15,2
DA:16,2
DA:17,2
DA:18,6
DA:21,0
DA:23,0
DA:24,60
DA:25,61
DA:26,15
DA:27,25
DA:28,56
DA:29,70
DA:30,40
DA:31,50
DA:32,26
DA:33,20
DA:34,846
DA:35,8972
DA:42,0
end_of_record
SF:ProcDpathImmGen.v
DA:11,2
DA:12,2
DA:13,0
DA:16,0
DA:17,0
DA:18,32
DA:19,32
DA:21,0
DA:22,0
DA:24,0
DA:25,0
DA:27,0
DA:28,0
DA:30,8
DA:31,8
DA:33,0
DA:34,0
DA:36,0
DA:37,0
end_of_record
SF:ProcFLMultiCycle.v
DA:20,34845
DA:21,121
DA:25,132
DA:26,718
DA:27,718
DA:31,22
DA:32,234
DA:33,1148
DA:37,0
DA:38,6034
DA:39,0
DA:43,0
DA:44,6012
DA:45,6012
DA:49,0
DA:50,1426
DA:51,0
DA:55,0
DA:56,1426
DA:57,1426
DA:63,0
DA:64,0
DA:65,0
DA:73,0
DA:74,0
DA:75,0
DA:76,0
DA:78,121
DA:91,0
DA:92,0
DA:93,1426
DA:94,0
DA:96,0
DA:97,0
DA:98,50
DA:125,236
DA:126,22
DA:127,240
DA:128,236
DA:148,0
DA:149,300
DA:150,2
DA:151,292
DA:152,238
DA:153,0
DA:154,292
DA:166,0
DA:167,121
DA:168,0
DA:169,2
DA:170,2
DA:171,5930
DA:175,3498
DA:176,3498
DA:178,3498
DA:182,213
DA:183,213
DA:185,213
DA:189,735
DA:190,735
DA:192,735
DA:196,807
DA:197,807
DA:199,807
DA:203,18
DA:204,18
DA:206,18
DA:210,12
DA:211,12
DA:213,12
DA:220,0
DA:221,0
DA:222,0
DA:223,0
DA:224,0
DA:225,0
DA:226,0
DA:227,0
DA:228,0
DA:229,0
DA:230,0
DA:231,0
DA:232,0
DA:233,0
DA:234,0
DA:235,0
DA:236,242
DA:237,484
DA:238,484
DA:240,242
DA:241,3055
DA:242,3055
DA:244,3018
DA:245,3018
DA:246,3018
DA:247,3018
DA:248,3018
DA:250,0
DA:252,3016
DA:253,3016
DA:254,3016
DA:255,3016
DA:256,3016
DA:258,0
DA:259,0
DA:262,6108
DA:263,6108
DA:264,6108
DA:265,6108
DA:266,3439
DA:267,3439
DA:268,3439
DA:269,1077
DA:270,1077
DA:271,9240
DA:272,9240
DA:273,9240
DA:276,0
DA:277,0
DA:278,0
DA:279,0
DA:281,152
DA:282,0
DA:283,152
DA:284,152
DA:285,32
DA:286,32
DA:287,32
DA:288,32
DA:292,258
DA:293,258
DA:295,38
DA:296,38
DA:298,2
DA:299,2
DA:301,2
DA:302,2
DA:304,10
DA:305,10
DA:307,7
DA:308,7
DA:310,3
DA:311,3
DA:313,17
DA:314,17
DA:316,675
DA:317,675
DA:319,1
DA:320,1
DA:322,3
DA:323,3
DA:325,6
DA:326,6
DA:328,7
DA:329,7
DA:331,5
DA:332,5
DA:334,6
DA:335,6
DA:337,2
DA:338,2
DA:340,2
DA:341,2
DA:343,5
DA:344,5
DA:346,64
DA:347,64
DA:349,2
DA:350,2
DA:352,5
DA:353,5
DA:355,1
DA:356,1
DA:358,468
DA:359,468
DA:360,468
DA:361,468
DA:362,468
DA:363,0
DA:364,468
DA:365,0
DA:366,0
DA:367,0
DA:370,245
DA:371,245
DA:372,245
DA:373,245
DA:374,245
DA:375,0
DA:376,245
DA:377,0
DA:378,0
DA:379,0
DA:382,4
DA:383,4
DA:384,4
DA:386,1
DA:387,1
DA:388,1
DA:390,4
DA:391,2
DA:393,146
DA:394,6
DA:395,140
DA:398,56
DA:399,5
DA:401,81
DA:402,13
DA:404,5
DA:405,1
DA:407,5
DA:408,1
DA:410,381
DA:413,0
DA:414,713
DA:415,713
DA:416,468
DA:417,468
DA:418,0
DA:419,468
DA:420,468
DA:421,0
DA:422,0
DA:425,245
DA:426,245
DA:427,0
DA:428,0
DA:429,0
DA:436,8988
DA:438,8988
DA:443,17362
DA:444,17362
DA:445,17362
DA:446,17362
DA:449,2934
DA:450,2934
DA:452,17362
DA:453,17362
DA:454,17362
DA:455,1573
DA:456,1573
end_of_record
SF:tb_Proc.v
DA:24,0
DA:26,359
DA:27,392
DA:28,2136
DA:29,2134
DA:33,440
DA:34,690
DA:35,4242
DA:39,0
DA:40,9026
DA:41,0
DA:45,0
DA:46,6250
DA:47,8766
DA:51,0
DA:52,2586
DA:53,0
DA:57,0
DA:58,2586
DA:59,2586
DA:65,0
DA:66,3152
DA:67,0
DA:69,357
DA:70,357
DA:71,359
DA:208,0
DA:211,359
DA:212,359
DA:213,359
DA:214,359
DA:217,359
DA:218,359
DA:219,359
DA:220,359
DA:221,359
DA:223,0
DA:224,359
DA:225,359
DA:226,359
DA:227,359
DA:229,359
DA:230,359
DA:231,359
DA:232,359
DA:233,359
DA:234,359
DA:238,357
DA:239,357
DA:240,357
DA:253,56826
DA:254,357
DA:255,357
DA:256,357
DA:257,357
DA:258,357
DA:259,357
DA:260,357
DA:262,357
DA:263,357
DA:264,357
DA:265,357
DA:266,357
DA:269,2
DA:270,2
DA:271,59325
DA:273,2
DA:274,2
DA:277,359
DA:278,2
DA:279,357
DA:280,357
DA:281,2
DA:282,2
DA:283,2
DA:289,59325
DA:290,59325
DA:291,59325
DA:293,0
end_of_record
SF:tinyrv2_encoding.v
DA:145,0
DA:146,0
DA:148,0
DA:152,0
DA:153,0
DA:155,0
DA:159,0
DA:160,0
DA:162,0
DA:166,0
DA:167,0
DA:169,0
DA:173,0
DA:174,0
DA:176,0
DA:180,0
DA:181,0
DA:183,0
DA:191,0
DA:192,0
DA:193,0
DA:194,0
DA:195,0
DA:197,0
DA:198,0
DA:199,0
DA:200,0
DA:201,0
DA:203,0
DA:204,0
DA:208,0
DA:209,0
DA:210,0
DA:211,0
DA:213,0
DA:217,0
DA:218,0
DA:220,0
DA:222,0
DA:223,0
DA:225,0
DA:227,0
DA:228,0
DA:230,0
DA:232,0
DA:233,0
DA:234,0
DA:235,0
DA:236,0
DA:237,0
DA:238,0
DA:239,0
DA:240,0
DA:241,0
DA:243,0
DA:245,0
DA:249,0
DA:250,0
DA:251,0
DA:252,0
DA:253,0
DA:255,0
DA:256,0
DA:257,0
DA:258,0
DA:259,0
DA:260,0
DA:261,0
DA:262,0
DA:264,0
DA:265,0
DA:266,0
DA:267,0
DA:268,0
DA:269,0
DA:271,0
DA:272,0
DA:273,0
DA:274,0
DA:275,0
DA:276,0
DA:278,0
DA:279,0
DA:281,0
DA:282,0
DA:284,0
DA:285,0
DA:287,0
DA:288,0
DA:289,0
DA:290,0
DA:291,0
DA:292,0
DA:294,0
DA:295,0
DA:305,0
DA:306,0
DA:308,0
DA:309,0
DA:310,0
DA:311,0
DA:313,0
DA:314,0
DA:315,0
DA:316,0
DA:317,0
DA:318,0
DA:319,0
DA:320,0
DA:322,0
DA:323,0
DA:324,0
DA:325,0
DA:326,0
DA:327,0
DA:329,0
DA:330,0
DA:331,0
DA:332,0
DA:333,0
DA:334,0
DA:336,0
DA:337,0
DA:339,0
DA:340,0
DA:342,0
DA:343,0
DA:345,0
DA:346,0
DA:347,0
DA:348,0
DA:349,0
DA:350,0
DA:352,0
DA:354,0
DA:370,4
DA:374,10
DA:375,288
DA:376,4
DA:377,292
DA:378,238
DA:379,0
DA:380,292
end_of_record
SF:utb_ProcBaseDpath.v
DA:17,0
DA:20,2
DA:24,2
DA:25,0
DA:26,0
DA:30,2
DA:31,0
DA:32,0
DA:36,0
DA:37,2
DA:41,0
DA:42,0
DA:44,0
DA:45,0
DA:46,0
DA:47,0
DA:48,2
DA:51,0
DA:52,0
DA:53,0
DA:56,0
DA:57,0
DA:59,0
DA:60,0
DA:61,0
DA:62,0
DA:64,0
DA:65,0
DA:69,2
DA:73,2
DA:74,2
DA:75,6
DA:76,0
DA:77,0
DA:81,0
DA:82,0
DA:105,2
DA:107,2
DA:109,2
DA:110,2
DA:111,2
DA:112,2
DA:113,2
DA:114,2
DA:115,2
DA:116,2
DA:117,2
DA:118,2
DA:119,2
DA:120,2
DA:121,2
DA:122,2
DA:123,2
DA:124,2
DA:125,2
DA:126,2
DA:127,2
DA:128,2
DA:129,2
DA:130,2
DA:131,2
DA:132,2
DA:133,2
DA:134,2
DA:135,2
DA:136,2
DA:137,2
DA:143,2
DA:144,2
DA:145,2
DA:146,2
DA:148,2
DA:149,2
DA:150,2
DA:151,2
DA:154,2
DA:155,2
DA:157,2
DA:158,2
DA:159,2
DA:160,2
DA:162,2
DA:163,2
DA:164,2
DA:165,2
DA:168,2
DA:169,2
DA:171,2
DA:172,2
DA:173,2
DA:174,2
DA:176,2
DA:177,2
DA:178,2
DA:179,2
DA:181,2
DA:182,2
DA:183,2
DA:184,2
DA:187,2
DA:188,2
DA:191,2
DA:192,2
DA:194,2
DA:195,2
DA:196,2
DA:197,2
DA:199,2
DA:200,2
DA:201,2
DA:202,2
DA:204,2
DA:205,2
DA:206,2
DA:207,2
DA:211,2
DA:222,2
end_of_record
