TN:verilator_coverage
SF:../lab1_imul/IntMulAlt.v
DA:24,4068
DA:25,30
DA:27,4
DA:28,68
DA:29,12
DA:31,68
DA:32,4
DA:33,28
DA:40,68
DA:41,68
DA:42,68
DA:43,68
DA:44,56
DA:45,12
DA:46,0
DA:86,4068
DA:87,30
DA:90,12
DA:91,28
DA:94,68
DA:95,68
DA:96,68
DA:97,68
DA:98,56
DA:99,0
DA:100,12
DA:103,23
DA:104,12
DA:111,12
DA:123,12
DA:136,12
DA:149,60
DA:161,60
DA:172,60
DA:185,28
DA:197,28
DA:210,60
DA:221,24
DA:237,4068
DA:238,30
DA:241,12
DA:242,68
DA:243,68
DA:244,68
DA:245,68
DA:246,56
DA:247,0
DA:250,4
DA:251,68
DA:252,4
DA:253,68
DA:257,68
DA:258,68
DA:259,68
DA:261,2033
DA:273,2033
DA:274,2033
DA:275,2033
DA:276,2033
DA:277,2033
DA:278,2033
DA:279,2033
DA:280,2033
DA:281,2033
DA:282,2033
DA:287,2033
DA:289,22
DA:292,2011
DA:297,0
DA:298,0
DA:299,1801
DA:301,102
DA:302,6811
DA:304,198
DA:306,34
DA:307,164
DA:309,34
DA:311,34
DA:312,0
DA:323,0
DA:324,0
DA:325,1801
DA:326,1801
DA:332,198
DA:337,98
DA:338,32
DA:339,0
DA:340,0
DA:341,0
DA:342,0
DA:343,0
DA:344,0
DA:345,0
DA:346,0
DA:347,0
DA:348,0
DA:349,0
DA:350,0
DA:351,0
DA:352,0
DA:353,0
DA:354,0
DA:355,0
DA:356,0
DA:357,0
DA:358,0
DA:359,0
DA:360,0
DA:361,0
DA:362,0
DA:363,0
DA:364,0
DA:365,0
DA:366,0
DA:367,62
DA:368,62
DA:370,52
DA:371,52
DA:373,18
DA:374,18
DA:376,146
DA:378,146
DA:379,146
DA:381,198
DA:386,34
DA:387,34
end_of_record
SF:../vc/TestMem_2ports4B.v
DA:26,520
DA:27,0
DA:28,0
DA:29,3
DA:30,0
DA:31,147
DA:40,0
DA:63,2859
DA:64,0
DA:65,0
DA:66,0
DA:67,634
DA:68,0
DA:77,0
DA:105,76473
DA:106,357
DA:109,357
DA:113,15592
DA:114,189
DA:115,0
DA:119,2936
DA:120,0
DA:121,634
DA:125,10615
DA:126,16850
DA:127,2126
DA:131,2792
DA:132,3026
DA:133,662
DA:193,15326
DA:194,10462
DA:195,0
DA:216,2936
DA:217,1664
DA:218,520
DA:243,0
DA:244,0
DA:245,357
DA:246,0
DA:247,0
DA:259,0
DA:260,0
DA:261,0
DA:262,0
DA:263,147
DA:278,3
DA:279,0
DA:281,0
DA:282,0
DA:283,0
DA:284,0
DA:287,357
DA:288,357
DA:294,357
DA:295,3633
DA:296,3633
DA:297,3633
DA:298,3633
DA:299,3633
DA:300,3633
DA:304,3633
DA:305,3633
DA:308,3633
DA:309,14532
DA:317,354
DA:318,354
DA:343,354
DA:344,3345
DA:345,3345
DA:346,3345
DA:347,3345
DA:348,3345
DA:349,3345
DA:350,3345
DA:351,3345
DA:352,3345
DA:370,0
DA:375,0
DA:386,357
DA:389,0
DA:394,0
DA:397,0
DA:400,332
DA:403,45
DA:408,6
DA:411,6
DA:414,147
DA:417,147
DA:423,0
DA:427,1018
DA:434,0
DA:439,0
DA:453,357
DA:454,0
DA:455,0
DA:456,1428
DA:457,5355
DA:459,0
DA:460,0
DA:464,0
DA:466,0
DA:467,0
DA:469,33774
DA:471,0
DA:472,0
DA:476,529
DA:479,529
DA:480,2116
DA:484,33774
DA:485,0
DA:486,0
DA:487,0
DA:488,0
DA:489,0
DA:493,33774
DA:494,0
DA:495,0
DA:496,0
DA:497,0
DA:498,0
DA:504,38058
DA:513,4641
DA:514,4641
DA:515,0
DA:516,0
DA:518,4641
DA:521,0
DA:522,33417
DA:524,33417
DA:525,0
DA:528,529
DA:529,529
DA:532,33417
DA:533,0
DA:536,33417
DA:537,0
DA:547,2127
DA:559,674
DA:624,38058
DA:625,4641
DA:626,0
DA:627,0
DA:628,0
DA:629,0
end_of_record
SF:../vc/TestRandDelay.v
DA:18,152946
DA:19,714
DA:23,0
DA:27,1395
DA:28,5552
DA:29,770
DA:33,2835
DA:34,189
DA:35,634
DA:44,0
DA:46,76116
DA:47,76116
DA:48,0
DA:50,76116
DA:55,2772
DA:56,2769
DA:57,0
DA:77,422
DA:88,2769
DA:89,2769
DA:91,76116
DA:92,9282
DA:93,9282
DA:95,66834
DA:96,66834
DA:104,0
DA:108,0
DA:110,0
DA:116,45197
DA:117,3752
DA:118,3752
DA:125,5021
DA:126,3743
DA:127,3743
DA:138,0
DA:140,0
DA:142,45197
DA:143,45197
DA:144,45197
DA:145,45197
DA:146,45197
DA:147,45197
DA:150,5021
DA:151,5021
DA:152,5021
DA:153,5021
DA:154,5021
DA:155,5021
DA:158,0
DA:159,0
DA:160,0
DA:161,0
DA:162,0
DA:163,0
DA:183,76116
DA:184,9282
DA:185,0
DA:186,0
DA:187,0
DA:188,0
DA:189,0
end_of_record
SF:../vc/TestRandDelayMem_2ports4B.v
DA:32,76473
DA:33,357
DA:37,357
DA:41,0
DA:45,12613
DA:46,20922
DA:47,0
DA:51,2828
DA:52,17889
DA:53,770
DA:57,14100
DA:58,15112
DA:59,3162
DA:63,2924
DA:64,2924
DA:65,328
DA:72,15592
DA:73,189
DA:74,0
DA:76,2936
DA:77,0
DA:78,634
DA:81,10615
DA:82,16850
DA:83,2126
DA:85,2792
DA:86,3026
DA:87,662
DA:161,357
DA:162,357
DA:163,357
DA:166,354
DA:167,354
DA:168,354
end_of_record
SF:../vc/TestRandDelaySinkFile.v
DA:17,76473
DA:18,357
DA:22,0
DA:26,684
DA:27,3428
DA:28,578
DA:32,354
DA:39,708
DA:40,687
DA:41,66
DA:75,357
DA:76,357
DA:77,357
end_of_record
SF:../vc/TestRandDelaySourceFile.v
DA:16,76473
DA:17,357
DA:21,0
DA:25,2127
DA:26,2124
DA:27,390
DA:31,354
DA:38,711
DA:39,2124
DA:40,276
DA:54,357
DA:55,357
DA:56,357
end_of_record
SF:../vc/TestSinkFile.v
DA:20,76473
DA:21,357
DA:25,708
DA:26,687
DA:27,66
DA:31,354
DA:52,708
DA:53,0
DA:54,0
DA:55,0
DA:68,357
DA:69,38058
DA:70,38058
DA:71,0
DA:72,357
DA:73,357
DA:76,357
DA:77,357
DA:78,357
DA:79,357
DA:82,357
DA:84,357
DA:85,357
DA:95,0
DA:98,38058
DA:114,708
DA:121,0
DA:122,0
DA:124,66
DA:127,38058
DA:128,4641
DA:129,4641
DA:131,354
DA:133,354
DA:134,354
DA:135,354
DA:136,354
DA:137,354
DA:139,0
DA:140,0
DA:141,0
DA:142,0
DA:143,0
DA:145,0
DA:146,0
DA:147,0
DA:148,0
DA:149,0
DA:150,0
DA:151,0
DA:152,0
DA:153,0
DA:154,0
DA:155,0
DA:156,0
DA:165,357
DA:166,3
DA:167,3
DA:168,3
DA:169,3
DA:177,38058
DA:178,4641
DA:179,0
DA:180,0
end_of_record
SF:../vc/TestSourceFile.v
DA:16,76473
DA:17,357
DA:21,711
DA:22,2124
DA:23,276
DA:27,354
DA:49,2124
DA:50,3
DA:51,0
DA:52,0
DA:65,357
DA:66,38058
DA:67,38058
DA:69,0
DA:71,357
DA:72,357
DA:74,357
DA:75,357
DA:76,708
DA:77,708
DA:80,708
DA:82,708
DA:83,708
DA:115,1026
DA:118,38058
DA:119,4998
DA:120,1062
DA:133,2124
DA:146,38058
DA:147,4641
DA:148,0
DA:149,0
end_of_record
SF:../vc/arithmetic.v
DA:16,16
DA:17,4
DA:18,0
DA:19,20
DA:20,12
DA:34,60
DA:35,28
DA:36,60
DA:69,8
DA:70,198
DA:136,23
DA:137,12
DA:138,43
DA:188,60
DA:189,0
DA:190,60
DA:206,12
DA:207,0
DA:208,12
end_of_record
SF:../vc/mem-msgs.v
DA:89,458838
DA:90,2142
DA:91,49410
DA:92,77811
DA:93,0
DA:96,0
DA:98,0
DA:100,988
DA:102,0
DA:104,766
DA:116,0
DA:311,458838
DA:312,2142
DA:313,47455
DA:314,55948
DA:315,0
DA:319,0
DA:321,0
DA:323,0
DA:325,0
DA:327,1470
DA:339,0
end_of_record
SF:../vc/muxes.v
DA:16,158
DA:17,236
DA:18,158
DA:21,0
DA:22,0
DA:23,0
DA:24,208
DA:25,13220
DA:26,0
DA:40,44
DA:41,20
DA:42,36
DA:45,0
DA:46,0
DA:47,0
DA:48,9714
DA:49,8812
DA:50,4244
DA:51,0
DA:65,99
DA:66,2
DA:67,101
DA:70,0
DA:71,0
DA:72,0
DA:73,0
DA:74,221
DA:75,4
DA:76,3078
DA:77,0
end_of_record
SF:../vc/queues.v
DA:38,152946
DA:39,714
DA:41,18528
DA:42,189
DA:44,16919
DA:45,12126
DA:47,14327
DA:48,14220
DA:49,14220
DA:54,14220
DA:55,14327
DA:57,76116
DA:58,76116
DA:70,18528
DA:73,18451
DA:79,14220
DA:82,2476
DA:85,0
DA:124,76473
DA:125,357
DA:126,642
DA:127,642
DA:128,634
DA:129,520
DA:134,520
DA:185,238
DA:187,11116
DA:188,0
DA:190,8110
DA:191,13056
DA:193,6562
DA:194,3362
DA:195,3308
DA:196,6436
DA:197,6436
DA:202,3362
DA:203,3434
DA:213,3308
DA:214,3362
DA:229,0
DA:230,0
DA:247,11116
DA:250,11094
DA:256,6436
DA:259,0
DA:262,5814
DA:284,3308
DA:289,3308
DA:292,3362
DA:295,3362
DA:337,46978
DA:338,238
DA:339,6562
DA:340,6436
DA:341,3362
DA:342,3308
DA:343,0
DA:344,0
DA:349,0
DA:394,46978
DA:395,238
DA:397,708
DA:398,189
DA:399,634
DA:401,684
DA:402,3428
DA:403,520
DA:405,642
end_of_record
SF:../vc/regfiles.v
DA:20,46978
DA:21,238
DA:25,3308
DA:26,0
DA:30,6562
DA:31,3362
DA:32,0
DA:35,0
DA:43,23370
DA:44,3362
DA:45,3362
DA:150,4068
DA:151,30
DA:155,4
DA:156,16
DA:160,8
DA:161,4
DA:165,50
DA:166,4
DA:167,20
DA:179,2033
DA:180,758
DA:181,1275
DA:300,4068
DA:301,30
DA:303,4
DA:304,16
DA:306,8
DA:307,4
DA:309,50
DA:310,4
DA:311,20
DA:317,16
DA:318,4
end_of_record
SF:../vc/regs.v
DA:23,8136
DA:24,72
DA:25,72
DA:28,4066
DA:29,4066
DA:42,140934
DA:43,714
DA:44,6670
DA:45,6796
DA:48,70110
DA:49,70110
DA:61,4068
DA:62,30
DA:63,739
DA:64,1438
DA:65,68
DA:68,2033
DA:69,34
DA:70,118
DA:95,4068
DA:96,30
DA:97,0
DA:98,3
DA:99,16
DA:102,2033
DA:103,118
DA:104,1915
end_of_record
SF:../vc/trace.v
DA:20,4068
DA:21,30
DA:44,0
DA:45,0
DA:49,0
DA:62,0
DA:63,0
DA:64,0
DA:65,0
DA:71,2033
DA:72,2033
DA:80,0
DA:85,0
DA:86,0
DA:88,0
DA:89,0
DA:90,0
DA:93,0
DA:95,0
DA:96,0
DA:97,0
DA:99,0
DA:100,0
DA:103,0
DA:113,0
DA:118,0
DA:120,0
DA:121,0
DA:123,0
DA:124,0
DA:125,0
DA:126,0
DA:129,0
DA:139,0
DA:145,0
DA:146,0
DA:147,0
DA:149,0
DA:150,0
DA:151,0
DA:152,0
DA:153,0
DA:155,0
DA:156,0
DA:159,0
DA:169,0
DA:175,0
DA:177,0
DA:178,0
DA:179,0
DA:182,0
DA:183,0
DA:184,0
DA:185,0
DA:186,0
DA:187,0
DA:188,0
DA:199,0
DA:206,0
DA:208,0
DA:209,0
DA:210,0
DA:213,0
DA:214,0
DA:216,0
DA:217,0
DA:219,0
DA:220,0
DA:221,0
DA:223,0
DA:224,0
DA:225,0
DA:227,0
DA:228,0
DA:229,0
end_of_record
SF:DropUnit.v
DA:16,46978
DA:17,238
DA:21,924
DA:23,2142
DA:24,9665
DA:25,10675
DA:27,2142
DA:28,9156
DA:29,10878
DA:35,475
DA:36,476
DA:37,10817
DA:47,0
DA:48,288
DA:52,714
DA:53,714
DA:55,69008
DA:57,288
DA:61,150
DA:62,714
DA:64,150
DA:71,0
DA:72,288
DA:76,23082
DA:77,23082
DA:79,288
DA:82,288
DA:83,288
DA:90,23370
DA:92,3094
DA:93,3094
DA:95,20276
end_of_record
SF:ProcAlt.v
DA:26,22671
DA:27,119
DA:31,130
DA:32,709
DA:33,708
DA:37,264
DA:38,228
DA:39,1018
DA:43,0
DA:44,3825
DA:45,6304
DA:49,0
DA:50,4764
DA:51,5239
DA:55,0
DA:56,972
DA:57,5317
DA:61,0
DA:62,1020
DA:63,1020
DA:69,0
DA:70,4053
DA:71,0
DA:78,3172
DA:79,0
DA:80,5437
DA:81,0
DA:83,0
DA:110,472
DA:111,0
DA:112,4457
DA:113,5318
DA:135,530
DA:136,0
DA:137,1038
DA:138,530
DA:140,224
DA:141,128
DA:142,306
DA:169,234
DA:170,264
DA:171,236
DA:172,234
DA:195,5318
DA:196,10
DA:198,1252
DA:199,2622
DA:200,524
DA:201,0
DA:202,8
DA:203,34
DA:204,34
DA:205,510
DA:206,264
DA:208,322
DA:209,550
DA:210,34
DA:211,34
DA:212,32
DA:214,838
DA:215,346
DA:216,0
DA:218,8
DA:219,338
DA:220,2546
DA:221,0
DA:225,2
DA:227,465
DA:228,522
DA:229,732
end_of_record
SF:ProcAltCtrl.v
DA:14,3379
DA:15,70
DA:19,89
DA:20,0
DA:21,1
DA:22,19
DA:23,180
DA:27,10
DA:28,3
DA:29,3
DA:30,6
DA:31,2
DA:35,1
DA:36,4
DA:37,2
DA:38,1
DA:42,19
DA:43,10
DA:45,18
DA:46,7
DA:47,2
DA:48,0
DA:49,2
DA:50,4
DA:51,22
DA:52,6
DA:54,12
DA:55,6
DA:56,2
DA:57,2
DA:59,6
DA:60,4
DA:62,2
DA:63,2
DA:64,101
DA:65,0
DA:69,1
DA:70,2
DA:72,2
DA:73,2
DA:74,2
DA:75,1
DA:79,229
DA:103,70
DA:104,243
DA:105,235
DA:106,233
DA:107,229
DA:119,1
DA:120,6
DA:121,6
DA:122,4
DA:123,2
DA:129,19
DA:130,18
DA:131,12
DA:132,6
DA:133,2
DA:140,8
DA:141,162
DA:148,180
DA:149,108
DA:161,1689
DA:162,35
DA:163,35
DA:164,289
DA:165,1365
DA:170,162
DA:171,2
DA:172,0
DA:177,0
DA:178,232
DA:179,232
DA:180,4
DA:181,4
DA:182,6294
DA:183,6294
DA:210,269
DA:223,1689
DA:224,35
DA:225,35
DA:226,255
DA:227,1399
DA:232,2
DA:233,2
DA:234,2
DA:235,2
DA:337,1
DA:338,2
DA:339,2
DA:340,7
DA:341,9
DA:342,6
DA:343,2
DA:344,2
DA:345,2
DA:346,4
DA:347,7
DA:348,2
DA:349,2
DA:350,2
DA:351,2
DA:352,0
DA:353,8
DA:355,6542
DA:374,6542
DA:375,6542
DA:376,6542
DA:377,6542
DA:378,6542
DA:379,6542
DA:380,6542
DA:381,6542
DA:382,6542
DA:383,6542
DA:384,6542
DA:385,6542
DA:386,6542
DA:387,6542
DA:388,6542
DA:389,6542
DA:390,6542
DA:396,0
DA:398,0
DA:402,61
DA:405,250
DA:406,71
DA:407,71
DA:408,2
DA:409,2
DA:410,10
DA:411,7
DA:412,3
DA:413,5
DA:414,2
DA:415,2
DA:418,4
DA:419,1
DA:420,3
DA:421,6
DA:422,7
DA:423,5
DA:424,5
DA:425,85
DA:426,2
DA:427,5
DA:428,1
DA:431,4
DA:432,1
DA:435,42
DA:436,4
DA:437,64
DA:438,5
DA:439,68
DA:440,5
DA:443,230
DA:444,247
DA:447,414
DA:448,314
DA:451,138
DA:456,2
DA:465,0
DA:466,0
DA:467,0
DA:468,0
DA:469,0
DA:471,314
DA:472,314
DA:473,414
DA:474,414
DA:475,6542
DA:476,0
DA:477,6542
DA:478,0
DA:479,6542
DA:480,0
DA:485,0
DA:486,4
DA:487,4
DA:488,4
DA:490,6618
DA:491,6618
DA:492,6618
DA:498,0
DA:499,243
DA:500,6
DA:501,6
DA:502,4090
DA:505,0
DA:506,121
DA:507,6
DA:508,6
DA:509,5227
DA:514,36
DA:520,20
DA:528,36
DA:533,22
DA:540,36
DA:545,22
DA:552,2
DA:558,2
DA:568,2
DA:573,2
DA:581,22
DA:589,50
DA:597,2
DA:605,8
DA:613,2
DA:621,2
DA:627,4
DA:648,259
DA:659,1
DA:660,2
DA:661,4
DA:662,7
DA:663,2
DA:664,2
DA:665,0
DA:666,2
DA:667,2
DA:671,1689
DA:672,35
DA:673,35
DA:675,148
DA:676,1506
DA:677,1506
DA:678,1506
DA:679,1506
DA:680,1506
DA:681,1506
DA:682,1506
DA:683,1506
DA:684,1506
DA:685,1506
DA:686,1506
DA:687,1506
DA:692,0
DA:693,3
DA:694,3
DA:695,3
DA:697,4
DA:698,4
DA:699,4
DA:701,17
DA:702,17
DA:703,17
DA:705,5
DA:706,5
DA:707,5
DA:709,5
DA:710,5
DA:711,5
DA:713,5
DA:714,5
DA:715,5
DA:717,1
DA:718,1
DA:719,1
DA:721,1608
DA:722,1608
DA:723,1608
DA:729,2
DA:734,4
DA:756,0
DA:757,59
DA:758,59
DA:759,160
DA:760,160
DA:761,1470
DA:762,1470
DA:772,243
DA:783,1
DA:784,2
DA:785,7
DA:786,2
DA:787,2
DA:788,0
DA:792,1689
DA:793,35
DA:794,35
DA:796,70
DA:797,1584
DA:798,1584
DA:799,1584
DA:800,1584
DA:801,1584
DA:802,1584
DA:803,1584
DA:804,1584
DA:821,235
DA:832,1
DA:833,2
DA:834,7
DA:835,0
DA:839,1689
DA:840,35
DA:841,35
DA:843,15
DA:844,1639
DA:845,1639
DA:846,1639
DA:847,1639
DA:848,1639
DA:849,1639
end_of_record
SF:ProcAltDpath.v
DA:25,2031
DA:26,15
DA:30,0
DA:31,0
DA:35,12
DA:36,6
DA:37,2
DA:41,2
DA:42,10
DA:46,472
DA:48,6
DA:49,2
DA:51,6
DA:52,1
DA:53,7
DA:54,0
DA:55,1
DA:56,1
DA:57,1
DA:58,2
DA:60,6
DA:61,9
DA:62,2
DA:63,2
DA:65,2
DA:66,4
DA:68,8
DA:69,2
DA:70,24
DA:71,0
DA:75,2
DA:76,34
DA:78,22
DA:79,22
DA:80,20
DA:81,34
DA:85,0
DA:86,0
DA:100,29
DA:101,0
DA:102,0
DA:103,28
DA:104,28
DA:121,12
DA:137,34
DA:138,4
DA:139,2
DA:140,4
DA:141,2
DA:180,8
DA:181,2
DA:182,10
DA:197,10
DA:209,6
DA:221,12
DA:231,6
DA:233,2
DA:235,0
DA:271,12
DA:272,6
DA:273,34
DA:320,12
DA:335,14
DA:348,102
DA:373,10
DA:384,2
DA:385,10
DA:401,10
DA:420,0
end_of_record
SF:ProcBase.v
DA:22,24307
DA:23,119
DA:27,130
DA:28,709
DA:29,708
DA:33,288
DA:34,228
DA:35,1094
DA:39,0
DA:40,4285
DA:41,6752
DA:45,0
DA:46,4901
DA:47,5436
DA:51,0
DA:52,916
DA:53,5658
DA:57,0
DA:58,964
DA:59,964
DA:65,0
DA:66,4244
DA:67,0
DA:75,3264
DA:76,0
DA:77,5679
DA:78,0
DA:80,0
DA:107,452
DA:108,0
DA:109,4699
DA:110,5560
DA:132,506
DA:133,0
DA:134,982
DA:135,506
DA:137,270
DA:138,130
DA:139,288
DA:166,172
DA:167,288
DA:168,236
DA:169,172
DA:192,5560
DA:193,10
DA:195,2090
DA:196,2100
DA:197,736
DA:198,0
DA:199,8
DA:200,34
DA:201,34
DA:203,374
DA:204,672
DA:205,34
DA:206,34
DA:207,34
DA:209,818
DA:210,330
DA:211,0
DA:213,8
DA:214,338
DA:215,2545
DA:216,0
DA:220,2
DA:222,595
DA:223,590
DA:224,782
end_of_record
SF:ProcBaseCtrl.v
DA:14,3260
DA:15,68
DA:19,391
DA:20,0
DA:21,1
DA:22,353
DA:23,180
DA:27,8
DA:28,3
DA:29,3
DA:30,4
DA:31,2
DA:35,1
DA:36,4
DA:37,1
DA:38,1
DA:42,353
DA:43,10
DA:45,352
DA:46,7
DA:47,2
DA:48,0
DA:49,2
DA:50,6
DA:52,12
DA:53,5
DA:54,2
DA:56,6
DA:57,2
DA:59,2
DA:60,2
DA:61,382
DA:62,0
DA:64,2
DA:68,1
DA:69,2
DA:71,2
DA:72,2
DA:73,2
DA:74,1
DA:78,509
DA:102,68
DA:103,241
DA:104,533
DA:105,523
DA:106,509
DA:118,1
DA:119,340
DA:120,6
DA:121,4
DA:122,2
DA:128,353
DA:129,352
DA:130,12
DA:131,6
DA:132,2
DA:139,8
DA:140,162
DA:147,180
DA:148,162
DA:160,1630
DA:161,34
DA:162,34
DA:163,762
DA:164,834
DA:169,162
DA:170,2
DA:171,0
DA:176,0
DA:177,222
DA:178,222
DA:179,4
DA:180,4
DA:181,6058
DA:182,6058
DA:209,571
DA:222,1630
DA:223,34
DA:224,34
DA:225,728
DA:226,868
DA:231,2
DA:232,2
DA:233,2
DA:234,2
DA:336,1
DA:337,2
DA:338,2
DA:339,7
DA:340,8
DA:341,5
DA:342,2
DA:343,2
DA:344,2
DA:345,2
DA:346,6
DA:347,2
DA:348,1
DA:349,1
DA:350,2
DA:351,0
DA:352,8
DA:354,6308
DA:373,6308
DA:374,6308
DA:375,6308
DA:376,6308
DA:377,6308
DA:378,6308
DA:379,6308
DA:380,6308
DA:381,6308
DA:382,6308
DA:383,6308
DA:384,6308
DA:385,6308
DA:386,6308
DA:387,6308
DA:388,6308
DA:389,6308
DA:395,0
DA:397,0
DA:401,70
DA:404,24
DA:405,152
DA:406,113
DA:407,8
DA:408,8
DA:409,16
DA:410,28
DA:411,12
DA:412,20
DA:413,8
DA:414,8
DA:417,4
DA:418,4
DA:419,12
DA:420,24
DA:421,28
DA:422,20
DA:423,20
DA:424,98
DA:425,8
DA:426,5
DA:427,1
DA:430,4
DA:431,1
DA:434,42
DA:435,16
DA:436,208
DA:437,20
DA:438,68
DA:439,20
DA:442,226
DA:443,422
DA:446,414
DA:447,310
DA:450,138
DA:455,2
DA:464,0
DA:465,0
DA:466,0
DA:467,0
DA:468,0
DA:470,310
DA:471,310
DA:472,414
DA:473,414
DA:474,6308
DA:475,0
DA:476,6308
DA:477,0
DA:478,6308
DA:479,0
DA:484,0
DA:485,4
DA:486,4
DA:487,4
DA:489,6382
DA:490,6382
DA:491,6382
DA:499,2
DA:504,336
DA:511,326
DA:518,316
DA:525,186
DA:532,182
DA:539,174
DA:546,2
DA:552,338
DA:573,561
DA:584,1
DA:585,2
DA:586,2
DA:587,6
DA:588,2
DA:589,1
DA:590,0
DA:591,2
DA:592,2
DA:596,1630
DA:597,34
DA:598,34
DA:600,148
DA:601,1448
DA:602,1448
DA:603,1448
DA:604,1448
DA:605,1448
DA:606,1448
DA:607,1448
DA:608,1448
DA:609,1448
DA:610,1448
DA:611,1448
DA:612,1448
DA:617,0
DA:618,3
DA:619,3
DA:620,3
DA:622,4
DA:623,4
DA:624,4
DA:626,17
DA:627,17
DA:628,17
DA:630,5
DA:631,5
DA:632,5
DA:634,5
DA:635,5
DA:636,5
DA:638,5
DA:639,5
DA:640,5
DA:642,1
DA:643,1
DA:644,1
DA:646,1549
DA:647,1549
DA:648,1549
DA:654,2
DA:659,4
DA:681,0
DA:682,58
DA:683,58
DA:684,160
DA:685,160
DA:686,1412
DA:687,1412
DA:697,541
DA:708,1
DA:709,2
DA:710,6
DA:711,2
DA:712,1
DA:713,0
DA:717,1630
DA:718,34
DA:719,34
DA:721,70
DA:722,1526
DA:723,1526
DA:724,1526
DA:725,1526
DA:726,1526
DA:727,1526
DA:728,1526
DA:729,1526
DA:746,525
DA:757,1
DA:758,1
DA:759,6
DA:760,0
DA:764,1630
DA:765,34
DA:766,34
DA:768,15
DA:769,1581
DA:770,1581
DA:771,1581
DA:772,1581
DA:773,1581
DA:774,1581
end_of_record
SF:ProcBaseDpath.v
DA:25,2037
DA:26,15
DA:30,0
DA:31,0
DA:35,12
DA:36,2
DA:37,2
DA:41,2
DA:42,10
DA:46,452
DA:48,10
DA:49,2
DA:51,10
DA:52,1
DA:53,7
DA:54,0
DA:55,1
DA:56,2
DA:58,6
DA:59,9
DA:60,2
DA:61,2
DA:63,2
DA:64,4
DA:66,8
DA:67,2
DA:68,26
DA:69,0
DA:73,2
DA:74,34
DA:76,21
DA:77,22
DA:78,20
DA:79,34
DA:83,0
DA:84,0
DA:98,29
DA:99,0
DA:100,0
DA:101,28
DA:102,28
DA:119,12
DA:135,34
DA:136,4
DA:137,2
DA:138,4
DA:139,2
DA:178,8
DA:179,2
DA:180,10
DA:195,11
DA:205,6
DA:207,2
DA:209,0
DA:245,11
DA:246,6
DA:247,34
DA:294,12
DA:309,14
DA:322,102
DA:347,10
DA:358,2
DA:359,10
DA:375,10
DA:394,0
end_of_record
SF:ProcDpathAlu.v
DA:12,23
DA:13,12
DA:14,18
DA:15,24
DA:16,43
DA:17,44
DA:18,40
DA:21,0
DA:23,0
DA:24,1866
DA:25,223
DA:26,15
DA:27,25
DA:28,56
DA:29,70
DA:30,40
DA:31,50
DA:32,152
DA:33,20
DA:34,948
DA:35,3832
DA:36,0
end_of_record
SF:ProcDpathImmGen.v
DA:11,2
DA:12,4
DA:13,4
DA:16,0
DA:17,0
DA:18,3628
DA:19,3628
DA:21,669
DA:22,669
DA:24,1244
DA:25,1244
DA:27,0
DA:28,0
DA:30,8
DA:31,8
end_of_record
SF:ProcFLMultiCycle.v
DA:20,29495
DA:21,119
DA:25,130
DA:26,709
DA:27,708
DA:31,22
DA:32,228
DA:33,1316
DA:37,0
DA:38,4503
DA:39,7866
DA:43,0
DA:44,4435
DA:45,4437
DA:49,0
DA:50,940
DA:51,6914
DA:55,0
DA:56,940
DA:57,940
DA:63,0
DA:64,0
DA:65,0
DA:73,0
DA:74,0
DA:75,0
DA:76,0
DA:78,119
DA:91,416
DA:92,0
DA:93,940
DA:94,416
DA:96,0
DA:97,0
DA:98,50
DA:125,236
DA:126,22
DA:127,236
DA:128,236
DA:148,0
DA:149,338
DA:150,2
DA:151,128
DA:152,234
DA:153,0
DA:154,128
DA:166,0
DA:167,119
DA:168,0
DA:169,2
DA:170,2
DA:171,4348
DA:175,2010
DA:176,2010
DA:178,2010
DA:182,213
DA:183,213
DA:185,213
DA:189,492
DA:190,492
DA:192,492
DA:196,621
DA:197,621
DA:199,621
DA:203,18
DA:204,18
DA:206,18
DA:210,12
DA:211,12
DA:213,12
DA:220,0
DA:221,0
DA:222,0
DA:223,0
DA:224,0
DA:225,0
DA:226,0
DA:227,0
DA:228,0
DA:229,0
DA:230,0
DA:231,0
DA:232,0
DA:233,0
DA:234,0
DA:235,0
DA:236,238
DA:237,476
DA:238,476
DA:240,238
DA:241,2273
DA:242,2273
DA:244,3244
DA:245,3244
DA:246,3244
DA:247,989
DA:248,2255
DA:250,989
DA:252,3466
DA:253,3466
DA:254,1225
DA:255,2241
DA:256,2241
DA:258,1225
DA:259,1225
DA:262,3352
DA:263,3352
DA:264,3352
DA:265,3352
DA:266,1479
DA:267,1479
DA:268,1479
DA:269,1062
DA:270,1062
DA:271,3375
DA:272,3375
DA:273,3375
DA:276,0
DA:277,0
DA:278,0
DA:279,0
DA:281,151
DA:282,0
DA:283,151
DA:284,151
DA:285,33
DA:286,33
DA:287,33
DA:288,33
DA:292,196
DA:293,196
DA:295,38
DA:296,38
DA:298,2
DA:299,2
DA:301,2
DA:302,2
DA:304,10
DA:305,10
DA:307,7
DA:308,7
DA:310,3
DA:311,3
DA:313,17
DA:314,17
DA:316,341
DA:317,341
DA:319,1
DA:320,1
DA:322,3
DA:323,3
DA:325,6
DA:326,6
DA:328,7
DA:329,7
DA:331,5
DA:332,5
DA:334,5
DA:335,5
DA:337,2
DA:338,2
DA:340,2
DA:341,2
DA:343,5
DA:344,5
DA:346,64
DA:347,64
DA:349,2
DA:350,2
DA:352,5
DA:353,5
DA:355,1
DA:356,1
DA:358,306
DA:359,306
DA:360,306
DA:361,306
DA:362,306
DA:363,0
DA:364,306
DA:365,0
DA:366,0
DA:367,0
DA:370,164
DA:371,164
DA:372,164
DA:373,164
DA:374,164
DA:375,0
DA:376,164
DA:377,0
DA:378,0
DA:379,0
DA:382,4
DA:383,4
DA:384,4
DA:386,1
DA:387,1
DA:388,1
DA:390,4
DA:391,2
DA:393,84
DA:394,6
DA:395,78
DA:398,56
DA:399,5
DA:401,80
DA:402,12
DA:404,5
DA:405,1
DA:407,5
DA:408,1
DA:410,289
DA:413,0
DA:414,925
DA:415,925
DA:416,618
DA:417,618
DA:418,306
DA:419,306
DA:420,306
DA:421,312
DA:422,312
DA:425,307
DA:426,307
DA:427,143
DA:428,143
DA:429,143
DA:436,6582
DA:438,6582
DA:443,14688
DA:444,14688
DA:445,14688
DA:446,14688
DA:449,2154
DA:450,2154
DA:452,14688
DA:453,14688
DA:454,14688
DA:455,1547
DA:456,1547
end_of_record
SF:tb_Proc.v
DA:24,1
DA:26,357
DA:27,390
DA:28,2127
DA:29,2124
DA:33,578
DA:34,684
DA:35,3428
DA:39,0
DA:40,12613
DA:41,20922
DA:45,0
DA:46,14100
DA:47,15112
DA:51,0
DA:52,2828
DA:53,17889
DA:57,0
DA:58,2924
DA:59,2924
DA:65,0
DA:66,8297
DA:67,0
DA:69,354
DA:70,354
DA:71,357
DA:208,0
DA:211,357
DA:212,357
DA:213,357
DA:214,357
DA:217,357
DA:218,357
DA:219,357
DA:220,357
DA:221,357
DA:223,0
DA:224,357
DA:225,357
DA:226,357
DA:227,357
DA:229,357
DA:230,357
DA:231,357
DA:232,357
DA:233,357
DA:234,357
DA:238,354
DA:239,354
DA:240,354
DA:253,35937
DA:254,354
DA:255,354
DA:256,354
DA:257,354
DA:258,354
DA:259,354
DA:260,354
DA:262,354
DA:263,354
DA:264,354
DA:265,354
DA:266,354
DA:269,3
DA:270,3
DA:271,38415
DA:273,3
DA:274,3
DA:277,357
DA:278,3
DA:279,354
DA:280,354
DA:281,3
DA:282,3
DA:283,3
DA:289,38415
DA:290,38415
DA:291,1387
DA:293,1387
end_of_record
SF:tinyrv2_encoding.v
DA:145,300
DA:146,300
DA:148,300
DA:152,0
DA:153,0
DA:155,0
DA:159,100
DA:160,100
DA:162,100
DA:166,25
DA:167,25
DA:169,25
DA:173,0
DA:174,0
DA:176,0
DA:180,0
DA:181,0
DA:183,0
DA:191,0
DA:192,0
DA:193,0
DA:194,0
DA:195,0
DA:197,0
DA:198,0
DA:199,0
DA:200,0
DA:201,0
DA:203,544
DA:204,544
DA:208,544
DA:209,544
DA:210,544
DA:211,544
DA:213,544
DA:217,0
DA:218,544
DA:220,0
DA:222,250
DA:223,294
DA:225,250
DA:227,150
DA:228,394
DA:230,150
DA:232,1
DA:233,1
DA:234,5
DA:235,5
DA:236,0
DA:237,0
DA:238,0
DA:239,0
DA:240,538
DA:241,0
DA:243,538
DA:245,544
DA:249,544
DA:250,5
DA:251,1
DA:252,6
DA:253,6
DA:255,101
DA:256,0
DA:257,0
DA:258,0
DA:259,0
DA:260,0
DA:261,0
DA:262,0
DA:264,100
DA:265,0
DA:266,0
DA:267,0
DA:268,0
DA:269,0
DA:271,0
DA:272,0
DA:273,0
DA:274,0
DA:275,0
DA:276,0
DA:278,0
DA:279,0
DA:281,200
DA:282,100
DA:284,0
DA:285,0
DA:287,0
DA:288,25
DA:289,0
DA:290,0
DA:291,0
DA:292,0
DA:294,0
DA:295,0
DA:305,1627
DA:306,1627
DA:308,1627
DA:309,15
DA:310,3
DA:311,18
DA:313,303
DA:314,0
DA:315,0
DA:316,0
DA:317,0
DA:318,0
DA:319,0
DA:320,0
DA:322,300
DA:323,0
DA:324,0
DA:325,0
DA:326,0
DA:327,0
DA:329,0
DA:330,0
DA:331,0
DA:332,0
DA:333,0
DA:334,0
DA:336,0
DA:337,0
DA:339,600
DA:340,300
DA:342,0
DA:343,0
DA:345,0
DA:346,75
DA:347,0
DA:348,0
DA:349,0
DA:350,0
DA:352,0
DA:354,13
DA:370,8
DA:374,20
DA:375,350
DA:376,8
DA:377,140
DA:378,270
DA:379,0
DA:380,140
end_of_record
SF:utb_ProcAltCtrl.v
DA:16,0
DA:19,70
DA:23,89
DA:24,0
DA:25,1
DA:26,19
DA:27,180
DA:31,10
DA:32,3
DA:33,3
DA:34,6
DA:35,2
DA:39,1
DA:40,4
DA:41,2
DA:42,1
DA:46,19
DA:47,56
DA:49,18
DA:50,7
DA:51,2
DA:52,0
DA:53,2
DA:54,4
DA:55,22
DA:57,12
DA:58,6
DA:59,2
DA:61,6
DA:62,4
DA:64,2
DA:65,2
DA:66,101
DA:67,0
DA:69,6
DA:70,2
DA:74,1
DA:75,2
DA:76,2
DA:77,2
DA:79,2
DA:80,1
DA:83,229
DA:176,1
DA:182,1
DA:183,1
DA:184,1
DA:185,1
DA:186,1
DA:188,1
DA:189,1
DA:192,1
DA:193,1
DA:194,1
DA:195,1
DA:196,1
DA:198,1
DA:199,1
DA:200,1
DA:201,1
DA:204,1
DA:206,1
DA:208,1
DA:209,1
DA:210,1
DA:211,1
DA:212,1
DA:214,1
DA:217,1
DA:218,1
DA:219,1
DA:220,1
DA:221,1
DA:223,1
DA:224,1
DA:225,1
DA:226,1
DA:228,1
DA:229,1
DA:230,1
DA:231,1
DA:233,1
DA:234,1
DA:235,1
DA:236,1
DA:238,1
DA:239,1
DA:240,1
DA:241,1
DA:243,1
DA:244,1
DA:245,1
DA:246,1
DA:248,1
DA:249,1
DA:250,1
DA:251,1
DA:253,1
DA:254,1
DA:255,1
DA:256,1
DA:258,1
DA:259,1
DA:260,1
DA:261,1
DA:263,1
DA:264,1
DA:265,1
DA:266,1
DA:268,1
DA:269,1
DA:270,1
DA:271,1
DA:273,1
DA:274,1
DA:275,1
DA:276,1
DA:278,1
DA:279,1
DA:280,1
DA:281,1
DA:283,1
DA:284,1
DA:285,1
DA:286,1
DA:288,1
DA:289,1
DA:290,1
DA:291,1
DA:295,1
DA:296,1
DA:297,1
DA:298,1
DA:299,1
DA:301,1
DA:302,1
DA:303,1
DA:304,1
DA:306,1
DA:307,1
DA:308,1
DA:309,1
DA:311,1
DA:312,1
DA:313,1
DA:314,1
DA:316,1
DA:317,1
DA:318,1
DA:319,1
DA:321,1
DA:322,1
DA:323,1
DA:324,1
DA:328,1
DA:329,1
DA:330,1
DA:331,1
DA:332,1
DA:334,1
DA:335,1
DA:336,1
DA:337,1
DA:339,1
DA:340,1
DA:341,1
DA:342,1
DA:346,1
DA:347,1
DA:348,1
DA:349,1
DA:350,1
DA:352,1
DA:353,1
DA:354,1
DA:355,1
DA:357,1
DA:358,1
DA:359,1
DA:360,1
DA:363,1
DA:371,1
DA:372,1
DA:373,1
DA:374,1
DA:375,1
DA:377,1
DA:378,1
DA:381,1
DA:382,1
DA:383,1
DA:384,1
DA:385,1
DA:387,1
DA:388,1
DA:389,1
DA:390,1
DA:394,1
DA:395,1
DA:396,1
DA:397,1
DA:398,1
DA:399,1
DA:400,1
DA:402,1
DA:403,1
DA:404,1
DA:405,1
DA:407,1
DA:408,1
DA:409,1
DA:410,1
DA:412,1
DA:413,1
DA:414,1
DA:415,1
DA:417,1
DA:418,1
DA:419,1
DA:420,1
DA:422,1
DA:423,1
DA:424,1
DA:425,1
DA:427,1
DA:428,1
DA:429,1
DA:430,1
DA:432,1
DA:433,1
DA:434,1
DA:435,1
DA:437,1
DA:438,1
DA:439,1
DA:440,1
DA:442,1
DA:443,1
DA:444,1
DA:445,1
DA:447,1
DA:448,1
DA:449,1
DA:450,1
DA:452,1
DA:453,1
DA:454,1
DA:455,1
DA:457,1
DA:458,1
DA:459,1
DA:460,1
DA:462,1
DA:463,1
DA:464,1
DA:465,1
DA:467,1
DA:468,1
DA:469,1
DA:470,1
DA:472,1
DA:473,1
DA:474,1
DA:475,1
DA:477,1
DA:478,1
DA:479,1
DA:480,1
DA:482,1
DA:483,1
DA:484,1
DA:485,1
DA:487,1
DA:488,1
DA:489,1
DA:490,1
DA:492,1
DA:493,1
DA:494,1
DA:495,1
DA:497,1
DA:498,1
DA:499,1
DA:500,1
DA:502,1
DA:503,1
DA:504,1
DA:505,1
DA:507,1
DA:508,1
DA:509,1
DA:510,1
DA:512,1
DA:513,1
DA:514,1
DA:515,1
DA:519,1
DA:520,1
DA:521,1
DA:522,1
DA:523,1
DA:524,1
DA:525,1
DA:527,1
DA:528,1
DA:529,1
DA:530,1
DA:532,1
DA:533,1
DA:534,1
DA:535,1
DA:537,1
DA:538,1
DA:539,1
DA:540,1
DA:542,1
DA:543,1
DA:544,1
DA:545,1
DA:547,1
DA:548,1
DA:549,1
DA:550,1
DA:552,1
DA:553,1
DA:554,1
DA:555,1
DA:557,1
DA:558,1
DA:559,1
DA:560,1
DA:562,1
DA:563,1
DA:564,1
DA:565,1
DA:567,1
DA:568,1
DA:569,1
DA:570,1
DA:572,1
DA:573,1
DA:574,1
DA:575,1
DA:577,1
DA:578,1
DA:579,1
DA:580,1
DA:582,1
DA:583,1
DA:584,1
DA:585,1
DA:587,1
DA:588,1
DA:589,1
DA:590,1
DA:592,1
DA:593,1
DA:594,1
DA:595,1
DA:597,1
DA:598,1
DA:599,1
DA:600,1
DA:602,1
DA:603,1
DA:604,1
DA:605,1
DA:607,1
DA:608,1
DA:609,1
DA:610,1
DA:612,1
DA:613,1
DA:614,1
DA:615,1
DA:617,1
DA:618,1
DA:619,1
DA:620,1
DA:622,1
DA:623,1
DA:624,1
DA:625,1
DA:627,1
DA:628,1
DA:629,1
DA:630,1
DA:632,1
DA:633,1
DA:634,1
DA:635,1
DA:637,1
DA:638,1
DA:639,1
DA:640,1
DA:642,1
DA:643,1
DA:644,1
DA:645,1
DA:647,1
DA:648,1
DA:649,1
DA:650,1
DA:652,1
DA:653,1
DA:654,1
DA:655,1
DA:657,1
DA:658,1
DA:659,1
DA:660,1
DA:662,1
DA:663,1
DA:664,1
DA:665,1
DA:667,1
DA:668,1
DA:669,1
DA:670,1
DA:672,1
DA:673,1
DA:674,1
DA:675,1
DA:677,1
DA:678,1
DA:679,1
DA:680,1
DA:682,1
DA:683,1
DA:684,1
DA:685,1
DA:687,1
DA:688,1
DA:689,1
DA:690,1
DA:694,1
DA:695,1
DA:696,1
DA:697,1
DA:698,1
DA:700,1
DA:701,1
DA:702,1
DA:703,1
DA:705,1
DA:706,1
DA:707,1
DA:708,1
DA:710,1
DA:711,1
DA:712,1
DA:713,1
DA:717,1
DA:718,1
DA:719,1
DA:720,1
DA:721,1
DA:723,1
DA:724,1
DA:725,1
DA:726,1
DA:728,1
DA:729,1
DA:730,1
DA:731,1
DA:733,1
DA:734,1
DA:735,1
DA:736,1
DA:738,1
DA:739,1
DA:740,1
DA:741,1
DA:745,1
DA:746,1
DA:747,1
DA:748,1
DA:749,1
DA:751,1
DA:752,1
DA:753,1
DA:754,1
DA:756,1
DA:757,1
DA:758,1
DA:759,1
DA:761,1
DA:762,1
DA:763,1
DA:764,1
DA:767,1
DA:773,1
DA:774,1
DA:775,1
DA:776,1
DA:777,1
DA:779,1
DA:780,1
DA:783,1
DA:784,1
DA:785,1
DA:786,1
DA:787,1
DA:789,1
DA:790,1
DA:791,1
DA:792,1
DA:796,1
DA:797,1
DA:798,1
DA:799,1
DA:800,1
DA:801,1
DA:802,1
DA:804,1
DA:805,1
DA:806,1
DA:807,1
DA:809,1
DA:810,1
DA:811,1
DA:812,1
DA:814,1
DA:815,1
DA:816,1
DA:817,1
DA:819,1
DA:820,1
DA:821,1
DA:822,1
DA:824,1
DA:825,1
DA:826,1
DA:827,1
DA:829,1
DA:830,1
DA:831,1
DA:832,1
DA:834,1
DA:835,1
DA:836,1
DA:837,1
DA:839,1
DA:840,1
DA:841,1
DA:842,1
DA:844,1
DA:845,1
DA:846,1
DA:847,1
DA:849,1
DA:850,1
DA:851,1
DA:852,1
DA:854,1
DA:855,1
DA:856,1
DA:857,1
DA:859,1
DA:860,1
DA:861,1
DA:862,1
DA:864,1
DA:865,1
DA:866,1
DA:867,1
DA:869,1
DA:870,1
DA:871,1
DA:872,1
DA:874,1
DA:875,1
DA:876,1
DA:877,1
DA:879,1
DA:880,1
DA:881,1
DA:882,1
DA:885,1
DA:891,1
DA:892,1
DA:893,1
DA:894,1
DA:895,1
DA:897,1
DA:898,1
DA:901,1
DA:902,1
DA:903,1
DA:904,1
DA:905,1
DA:907,1
DA:908,1
DA:909,1
DA:910,1
DA:914,1
DA:915,1
DA:916,1
DA:917,1
DA:918,1
DA:919,1
DA:920,1
DA:922,1
DA:923,1
DA:924,1
DA:925,1
DA:927,1
DA:928,1
DA:929,1
DA:930,1
DA:932,1
DA:933,1
DA:934,1
DA:935,1
DA:937,1
DA:938,1
DA:939,1
DA:940,1
DA:942,1
DA:943,1
DA:944,1
DA:945,1
DA:947,1
DA:948,1
DA:949,1
DA:950,1
DA:952,1
DA:953,1
DA:954,1
DA:955,1
DA:957,1
DA:958,1
DA:959,1
DA:960,1
DA:962,1
DA:963,1
DA:964,1
DA:965,1
DA:967,1
DA:968,1
DA:969,1
DA:970,1
DA:972,1
DA:973,1
DA:974,1
DA:975,1
DA:977,1
DA:978,1
DA:979,1
DA:980,1
DA:982,1
DA:983,1
DA:984,1
DA:985,1
DA:987,1
DA:988,1
DA:989,1
DA:990,1
DA:992,1
DA:993,1
DA:994,1
DA:995,1
DA:997,1
DA:998,1
DA:999,1
DA:1000,1
DA:1003,1
DA:1009,1
DA:1010,1
DA:1011,1
DA:1012,1
DA:1013,1
DA:1015,1
DA:1016,1
DA:1019,1
DA:1020,1
DA:1021,1
DA:1022,1
DA:1023,1
DA:1025,1
DA:1026,1
DA:1027,1
DA:1028,1
DA:1032,1
DA:1033,1
DA:1034,1
DA:1035,1
DA:1036,1
DA:1037,1
DA:1038,1
DA:1040,1
DA:1041,1
DA:1042,1
DA:1043,1
DA:1045,1
DA:1046,1
DA:1047,1
DA:1048,1
DA:1050,1
DA:1051,1
DA:1052,1
DA:1053,1
DA:1055,1
DA:1056,1
DA:1057,1
DA:1058,1
DA:1060,1
DA:1061,1
DA:1062,1
DA:1063,1
DA:1065,1
DA:1066,1
DA:1067,1
DA:1068,1
DA:1070,1
DA:1071,1
DA:1072,1
DA:1073,1
DA:1075,1
DA:1076,1
DA:1077,1
DA:1078,1
DA:1080,1
DA:1081,1
DA:1082,1
DA:1083,1
DA:1085,1
DA:1086,1
DA:1087,1
DA:1088,1
DA:1090,1
DA:1091,1
DA:1092,1
DA:1093,1
DA:1095,1
DA:1096,1
DA:1097,1
DA:1098,1
DA:1100,1
DA:1101,1
DA:1102,1
DA:1103,1
DA:1105,1
DA:1106,1
DA:1107,1
DA:1108,1
DA:1110,1
DA:1111,1
DA:1112,1
DA:1113,1
DA:1115,1
DA:1116,1
DA:1117,1
DA:1118,1
DA:1121,1
DA:1127,1
DA:1128,1
DA:1129,1
DA:1130,1
DA:1131,1
DA:1133,1
DA:1134,1
DA:1137,1
DA:1138,1
DA:1139,1
DA:1140,1
DA:1141,1
DA:1143,1
DA:1144,1
DA:1145,1
DA:1146,1
DA:1150,1
DA:1151,1
DA:1152,1
DA:1153,1
DA:1154,1
DA:1155,1
DA:1156,1
DA:1158,1
DA:1159,1
DA:1160,1
DA:1161,1
DA:1163,1
DA:1164,1
DA:1165,1
DA:1166,1
DA:1168,1
DA:1169,1
DA:1170,1
DA:1171,1
DA:1173,1
DA:1174,1
DA:1175,1
DA:1176,1
DA:1178,1
DA:1179,1
DA:1180,1
DA:1181,1
DA:1183,1
DA:1184,1
DA:1185,1
DA:1186,1
DA:1188,1
DA:1189,1
DA:1190,1
DA:1191,1
DA:1193,1
DA:1194,1
DA:1195,1
DA:1196,1
DA:1198,1
DA:1199,1
DA:1200,1
DA:1201,1
DA:1203,1
DA:1204,1
DA:1205,1
DA:1206,1
DA:1208,1
DA:1209,1
DA:1210,1
DA:1211,1
DA:1213,1
DA:1214,1
DA:1215,1
DA:1216,1
DA:1218,1
DA:1219,1
DA:1220,1
DA:1221,1
DA:1223,1
DA:1224,1
DA:1225,1
DA:1226,1
DA:1228,1
DA:1229,1
DA:1230,1
DA:1231,1
DA:1233,1
DA:1234,1
DA:1235,1
DA:1236,1
DA:1239,1
DA:1245,1
DA:1246,1
DA:1247,1
DA:1248,1
DA:1249,1
DA:1251,1
DA:1252,1
DA:1255,1
DA:1256,1
DA:1257,1
DA:1258,1
DA:1259,1
DA:1261,1
DA:1262,1
DA:1263,1
DA:1264,1
DA:1268,1
DA:1269,1
DA:1270,1
DA:1271,1
DA:1272,1
DA:1273,1
DA:1274,1
DA:1276,1
DA:1277,1
DA:1278,1
DA:1279,1
DA:1281,1
DA:1282,1
DA:1283,1
DA:1284,1
DA:1286,1
DA:1287,1
DA:1288,1
DA:1289,1
DA:1291,1
DA:1292,1
DA:1293,1
DA:1294,1
DA:1296,1
DA:1297,1
DA:1298,1
DA:1299,1
DA:1301,1
DA:1302,1
DA:1303,1
DA:1304,1
DA:1306,1
DA:1307,1
DA:1308,1
DA:1309,1
DA:1311,1
DA:1312,1
DA:1313,1
DA:1314,1
DA:1316,1
DA:1317,1
DA:1318,1
DA:1319,1
DA:1321,1
DA:1322,1
DA:1323,1
DA:1324,1
DA:1326,1
DA:1327,1
DA:1328,1
DA:1329,1
DA:1331,1
DA:1332,1
DA:1333,1
DA:1334,1
DA:1336,1
DA:1337,1
DA:1338,1
DA:1339,1
DA:1341,1
DA:1342,1
DA:1343,1
DA:1344,1
DA:1346,1
DA:1347,1
DA:1348,1
DA:1349,1
DA:1351,1
DA:1352,1
DA:1353,1
DA:1354,1
DA:1357,1
DA:1363,1
DA:1364,1
DA:1365,1
DA:1366,1
DA:1367,1
DA:1369,1
DA:1370,1
DA:1373,1
DA:1374,1
DA:1375,1
DA:1376,1
DA:1377,1
DA:1379,1
DA:1380,1
DA:1381,1
DA:1382,1
DA:1386,1
DA:1387,1
DA:1388,1
DA:1389,1
DA:1390,1
DA:1391,1
DA:1392,1
DA:1394,1
DA:1395,1
DA:1396,1
DA:1397,1
DA:1399,1
DA:1400,1
DA:1401,1
DA:1402,1
DA:1404,1
DA:1405,1
DA:1406,1
DA:1407,1
DA:1409,1
DA:1410,1
DA:1411,1
DA:1412,1
DA:1414,1
DA:1415,1
DA:1416,1
DA:1417,1
DA:1419,1
DA:1420,1
DA:1421,1
DA:1422,1
DA:1424,1
DA:1425,1
DA:1426,1
DA:1427,1
DA:1429,1
DA:1430,1
DA:1431,1
DA:1432,1
DA:1434,1
DA:1435,1
DA:1436,1
DA:1437,1
DA:1439,1
DA:1440,1
DA:1441,1
DA:1442,1
DA:1444,1
DA:1445,1
DA:1446,1
DA:1447,1
DA:1449,1
DA:1450,1
DA:1451,1
DA:1452,1
DA:1454,1
DA:1455,1
DA:1456,1
DA:1457,1
DA:1459,1
DA:1460,1
DA:1461,1
DA:1462,1
DA:1464,1
DA:1465,1
DA:1466,1
DA:1467,1
DA:1469,1
DA:1470,1
DA:1471,1
DA:1472,1
DA:1475,1
DA:1481,1
DA:1482,1
DA:1483,1
DA:1484,1
DA:1485,1
DA:1487,1
DA:1488,1
DA:1491,1
DA:1492,1
DA:1493,1
DA:1494,1
DA:1495,1
DA:1497,1
DA:1498,1
DA:1499,1
DA:1500,1
DA:1504,1
DA:1505,1
DA:1506,1
DA:1507,1
DA:1508,1
DA:1509,1
DA:1510,1
DA:1512,1
DA:1513,1
DA:1514,1
DA:1515,1
DA:1517,1
DA:1518,1
DA:1519,1
DA:1520,1
DA:1522,1
DA:1523,1
DA:1524,1
DA:1525,1
DA:1527,1
DA:1528,1
DA:1529,1
DA:1530,1
DA:1532,1
DA:1533,1
DA:1534,1
DA:1535,1
DA:1537,1
DA:1538,1
DA:1539,1
DA:1540,1
DA:1542,1
DA:1543,1
DA:1544,1
DA:1545,1
DA:1547,1
DA:1548,1
DA:1549,1
DA:1550,1
DA:1552,1
DA:1553,1
DA:1554,1
DA:1555,1
DA:1557,1
DA:1558,1
DA:1559,1
DA:1560,1
DA:1562,1
DA:1563,1
DA:1564,1
DA:1565,1
DA:1567,1
DA:1568,1
DA:1569,1
DA:1570,1
DA:1572,1
DA:1573,1
DA:1574,1
DA:1575,1
DA:1577,1
DA:1578,1
DA:1579,1
DA:1580,1
DA:1582,1
DA:1583,1
DA:1584,1
DA:1585,1
DA:1587,1
DA:1588,1
DA:1589,1
DA:1590,1
DA:1593,1
DA:1599,1
DA:1600,1
DA:1601,1
DA:1602,1
DA:1603,1
DA:1605,1
DA:1606,1
DA:1609,1
DA:1610,1
DA:1611,1
DA:1612,1
DA:1613,1
DA:1615,1
DA:1616,1
DA:1617,1
DA:1618,1
DA:1622,1
DA:1623,1
DA:1624,1
DA:1625,1
DA:1626,1
DA:1627,1
DA:1628,1
DA:1630,1
DA:1631,1
DA:1632,1
DA:1633,1
DA:1635,1
DA:1636,1
DA:1637,1
DA:1638,1
DA:1640,1
DA:1641,1
DA:1642,1
DA:1643,1
DA:1645,1
DA:1646,1
DA:1647,1
DA:1648,1
DA:1650,1
DA:1651,1
DA:1652,1
DA:1653,1
DA:1655,1
DA:1656,1
DA:1657,1
DA:1658,1
DA:1660,1
DA:1661,1
DA:1662,1
DA:1663,1
DA:1665,1
DA:1666,1
DA:1667,1
DA:1668,1
DA:1670,1
DA:1671,1
DA:1672,1
DA:1673,1
DA:1675,1
DA:1676,1
DA:1677,1
DA:1678,1
DA:1680,1
DA:1681,1
DA:1682,1
DA:1683,1
DA:1685,1
DA:1686,1
DA:1687,1
DA:1688,1
DA:1690,1
DA:1691,1
DA:1692,1
DA:1693,1
DA:1695,1
DA:1696,1
DA:1697,1
DA:1698,1
DA:1700,1
DA:1701,1
DA:1702,1
DA:1703,1
DA:1705,1
DA:1706,1
DA:1707,1
DA:1708,1
DA:1711,1
DA:1717,1
DA:1718,1
DA:1719,1
DA:1720,1
DA:1721,1
DA:1723,1
DA:1724,1
DA:1727,1
DA:1728,1
DA:1729,1
DA:1730,1
DA:1731,1
DA:1733,1
DA:1734,1
DA:1735,1
DA:1736,1
DA:1740,1
DA:1741,1
DA:1742,1
DA:1743,1
DA:1744,1
DA:1745,1
DA:1746,1
DA:1748,1
DA:1749,1
DA:1750,1
DA:1751,1
DA:1753,1
DA:1754,1
DA:1755,1
DA:1756,1
DA:1758,1
DA:1759,1
DA:1760,1
DA:1761,1
DA:1763,1
DA:1764,1
DA:1765,1
DA:1766,1
DA:1768,1
DA:1769,1
DA:1770,1
DA:1771,1
DA:1773,1
DA:1774,1
DA:1775,1
DA:1776,1
DA:1778,1
DA:1779,1
DA:1780,1
DA:1781,1
DA:1783,1
DA:1784,1
DA:1785,1
DA:1786,1
DA:1788,1
DA:1789,1
DA:1790,1
DA:1791,1
DA:1793,1
DA:1794,1
DA:1795,1
DA:1796,1
DA:1798,1
DA:1799,1
DA:1800,1
DA:1801,1
DA:1803,1
DA:1804,1
DA:1805,1
DA:1806,1
DA:1808,1
DA:1809,1
DA:1810,1
DA:1811,1
DA:1813,1
DA:1814,1
DA:1815,1
DA:1816,1
DA:1818,1
DA:1819,1
DA:1820,1
DA:1821,1
DA:1823,1
DA:1824,1
DA:1825,1
DA:1826,1
DA:1829,1
DA:1835,1
DA:1836,1
DA:1837,1
DA:1838,1
DA:1839,1
DA:1841,1
DA:1842,1
DA:1845,1
DA:1846,1
DA:1847,1
DA:1848,1
DA:1849,1
DA:1851,1
DA:1852,1
DA:1853,1
DA:1854,1
DA:1858,1
DA:1859,1
DA:1860,1
DA:1861,1
DA:1862,1
DA:1863,1
DA:1864,1
DA:1866,1
DA:1867,1
DA:1868,1
DA:1869,1
DA:1871,1
DA:1872,1
DA:1873,1
DA:1874,1
DA:1876,1
DA:1877,1
DA:1878,1
DA:1879,1
DA:1881,1
DA:1882,1
DA:1883,1
DA:1884,1
DA:1886,1
DA:1887,1
DA:1888,1
DA:1889,1
DA:1891,1
DA:1892,1
DA:1893,1
DA:1894,1
DA:1896,1
DA:1897,1
DA:1898,1
DA:1899,1
DA:1901,1
DA:1902,1
DA:1903,1
DA:1904,1
DA:1906,1
DA:1907,1
DA:1908,1
DA:1909,1
DA:1911,1
DA:1912,1
DA:1913,1
DA:1914,1
DA:1916,1
DA:1917,1
DA:1918,1
DA:1919,1
DA:1921,1
DA:1922,1
DA:1923,1
DA:1924,1
DA:1926,1
DA:1927,1
DA:1928,1
DA:1929,1
DA:1931,1
DA:1932,1
DA:1933,1
DA:1934,1
DA:1936,1
DA:1937,1
DA:1938,1
DA:1939,1
DA:1941,1
DA:1942,1
DA:1943,1
DA:1944,1
DA:1947,1
DA:1953,1
DA:1954,1
DA:1955,1
DA:1956,1
DA:1957,1
DA:1959,1
DA:1960,1
DA:1963,1
DA:1964,1
DA:1965,1
DA:1966,1
DA:1967,1
DA:1969,1
DA:1970,1
DA:1971,1
DA:1972,1
DA:1976,1
DA:1977,1
DA:1978,1
DA:1979,1
DA:1980,1
DA:1981,1
DA:1982,1
DA:1984,1
DA:1985,1
DA:1986,1
DA:1987,1
DA:1989,1
DA:1990,1
DA:1991,1
DA:1992,1
DA:1994,1
DA:1995,1
DA:1996,1
DA:1997,1
DA:1999,1
DA:2000,1
DA:2001,1
DA:2002,1
DA:2004,1
DA:2005,1
DA:2006,1
DA:2007,1
DA:2009,1
DA:2010,1
DA:2011,1
DA:2012,1
DA:2014,1
DA:2015,1
DA:2016,1
DA:2017,1
DA:2019,1
DA:2020,1
DA:2021,1
DA:2022,1
DA:2024,1
DA:2025,1
DA:2026,1
DA:2027,1
DA:2029,1
DA:2030,1
DA:2031,1
DA:2032,1
DA:2034,1
DA:2035,1
DA:2036,1
DA:2037,1
DA:2039,1
DA:2040,1
DA:2041,1
DA:2042,1
DA:2044,1
DA:2045,1
DA:2046,1
DA:2047,1
DA:2049,1
DA:2050,1
DA:2051,1
DA:2052,1
DA:2054,1
DA:2055,1
DA:2056,1
DA:2057,1
DA:2059,1
DA:2060,1
DA:2061,1
DA:2062,1
DA:2065,1
DA:2071,1
DA:2072,1
DA:2073,1
DA:2074,1
DA:2075,1
DA:2077,1
DA:2078,1
DA:2081,1
DA:2082,1
DA:2083,1
DA:2084,1
DA:2085,1
DA:2087,1
DA:2088,1
DA:2089,1
DA:2090,1
DA:2094,1
DA:2095,1
DA:2096,1
DA:2097,1
DA:2098,1
DA:2099,1
DA:2100,1
DA:2102,1
DA:2103,1
DA:2104,1
DA:2105,1
DA:2107,1
DA:2108,1
DA:2109,1
DA:2110,1
DA:2112,1
DA:2113,1
DA:2114,1
DA:2115,1
DA:2117,1
DA:2118,1
DA:2119,1
DA:2120,1
DA:2122,1
DA:2123,1
DA:2124,1
DA:2125,1
DA:2127,1
DA:2128,1
DA:2129,1
DA:2130,1
DA:2132,1
DA:2133,1
DA:2134,1
DA:2135,1
DA:2137,1
DA:2138,1
DA:2139,1
DA:2140,1
DA:2142,1
DA:2143,1
DA:2144,1
DA:2145,1
DA:2147,1
DA:2148,1
DA:2149,1
DA:2150,1
DA:2152,1
DA:2153,1
DA:2154,1
DA:2155,1
DA:2157,1
DA:2158,1
DA:2159,1
DA:2160,1
DA:2162,1
DA:2163,1
DA:2164,1
DA:2165,1
DA:2167,1
DA:2168,1
DA:2169,1
DA:2170,1
DA:2172,1
DA:2173,1
DA:2174,1
DA:2175,1
DA:2177,1
DA:2178,1
DA:2179,1
DA:2180,1
DA:2183,1
DA:2189,1
DA:2190,1
DA:2191,1
DA:2192,1
DA:2193,1
DA:2195,1
DA:2196,1
DA:2199,1
DA:2200,1
DA:2201,1
DA:2202,1
DA:2203,1
DA:2205,1
DA:2206,1
DA:2207,1
DA:2208,1
DA:2212,1
DA:2213,1
DA:2214,1
DA:2215,1
DA:2216,1
DA:2217,1
DA:2218,1
DA:2220,1
DA:2221,1
DA:2222,1
DA:2223,1
DA:2225,1
DA:2226,1
DA:2227,1
DA:2228,1
DA:2230,1
DA:2231,1
DA:2232,1
DA:2233,1
DA:2235,1
DA:2236,1
DA:2237,1
DA:2238,1
DA:2240,1
DA:2241,1
DA:2242,1
DA:2243,1
DA:2245,1
DA:2246,1
DA:2247,1
DA:2248,1
DA:2250,1
DA:2251,1
DA:2252,1
DA:2253,1
DA:2255,1
DA:2256,1
DA:2257,1
DA:2258,1
DA:2260,1
DA:2261,1
DA:2262,1
DA:2263,1
DA:2265,1
DA:2266,1
DA:2267,1
DA:2268,1
DA:2270,1
DA:2271,1
DA:2272,1
DA:2273,1
DA:2275,1
DA:2276,1
DA:2277,1
DA:2278,1
DA:2280,1
DA:2281,1
DA:2282,1
DA:2283,1
DA:2285,1
DA:2286,1
DA:2287,1
DA:2288,1
DA:2290,1
DA:2291,1
DA:2292,1
DA:2293,1
DA:2295,1
DA:2296,1
DA:2297,1
DA:2298,1
DA:2301,1
DA:2307,1
DA:2308,1
DA:2309,1
DA:2310,1
DA:2311,1
DA:2313,1
DA:2314,1
DA:2317,1
DA:2318,1
DA:2319,1
DA:2320,1
DA:2321,1
DA:2323,1
DA:2324,1
DA:2325,1
DA:2326,1
DA:2330,1
DA:2331,1
DA:2332,1
DA:2333,1
DA:2334,1
DA:2335,1
DA:2336,1
DA:2338,1
DA:2339,1
DA:2340,1
DA:2341,1
DA:2343,1
DA:2344,1
DA:2345,1
DA:2346,1
DA:2348,1
DA:2349,1
DA:2350,1
DA:2351,1
DA:2353,1
DA:2354,1
DA:2355,1
DA:2356,1
DA:2358,1
DA:2359,1
DA:2360,1
DA:2361,1
DA:2363,1
DA:2364,1
DA:2365,1
DA:2366,1
DA:2368,1
DA:2369,1
DA:2370,1
DA:2371,1
DA:2373,1
DA:2374,1
DA:2375,1
DA:2376,1
DA:2378,1
DA:2379,1
DA:2380,1
DA:2381,1
DA:2383,1
DA:2384,1
DA:2385,1
DA:2386,1
DA:2388,1
DA:2389,1
DA:2390,1
DA:2391,1
DA:2393,1
DA:2394,1
DA:2395,1
DA:2396,1
DA:2398,1
DA:2399,1
DA:2400,1
DA:2401,1
DA:2403,1
DA:2404,1
DA:2405,1
DA:2406,1
DA:2408,1
DA:2409,1
DA:2410,1
DA:2411,1
DA:2413,1
DA:2414,1
DA:2415,1
DA:2416,1
DA:2419,1
DA:2425,1
DA:2426,1
DA:2427,1
DA:2428,1
DA:2429,1
DA:2431,1
DA:2432,1
DA:2435,1
DA:2436,1
DA:2437,1
DA:2438,1
DA:2439,1
DA:2441,1
DA:2442,1
DA:2443,1
DA:2444,1
DA:2448,1
DA:2449,1
DA:2450,1
DA:2451,1
DA:2452,1
DA:2453,1
DA:2454,1
DA:2456,1
DA:2457,1
DA:2458,1
DA:2459,1
DA:2461,1
DA:2462,1
DA:2463,1
DA:2464,1
DA:2466,1
DA:2467,1
DA:2468,1
DA:2469,1
DA:2471,1
DA:2472,1
DA:2473,1
DA:2474,1
DA:2476,1
DA:2477,1
DA:2478,1
DA:2479,1
DA:2481,1
DA:2482,1
DA:2483,1
DA:2484,1
DA:2486,1
DA:2487,1
DA:2488,1
DA:2489,1
DA:2491,1
DA:2492,1
DA:2493,1
DA:2494,1
DA:2496,1
DA:2497,1
DA:2498,1
DA:2499,1
DA:2501,1
DA:2502,1
DA:2503,1
DA:2504,1
DA:2506,1
DA:2507,1
DA:2508,1
DA:2509,1
DA:2511,1
DA:2512,1
DA:2513,1
DA:2514,1
DA:2516,1
DA:2517,1
DA:2518,1
DA:2519,1
DA:2521,1
DA:2522,1
DA:2523,1
DA:2524,1
DA:2526,1
DA:2527,1
DA:2528,1
DA:2529,1
DA:2531,1
DA:2532,1
DA:2533,1
DA:2534,1
DA:2537,1
DA:2543,1
DA:2544,1
DA:2545,1
DA:2546,1
DA:2547,1
DA:2549,1
DA:2550,1
DA:2553,1
DA:2554,1
DA:2555,1
DA:2556,1
DA:2557,1
DA:2559,1
DA:2560,1
DA:2561,1
DA:2562,1
DA:2566,1
DA:2567,1
DA:2568,1
DA:2569,1
DA:2570,1
DA:2571,1
DA:2572,1
DA:2574,1
DA:2575,1
DA:2576,1
DA:2577,1
DA:2579,1
DA:2580,1
DA:2581,1
DA:2582,1
DA:2584,1
DA:2585,1
DA:2586,1
DA:2587,1
DA:2589,1
DA:2590,1
DA:2591,1
DA:2592,1
DA:2594,1
DA:2595,1
DA:2596,1
DA:2597,1
DA:2599,1
DA:2600,1
DA:2601,1
DA:2602,1
DA:2604,1
DA:2605,1
DA:2606,1
DA:2607,1
DA:2609,1
DA:2610,1
DA:2611,1
DA:2612,1
DA:2614,1
DA:2615,1
DA:2616,1
DA:2617,1
DA:2619,1
DA:2620,1
DA:2621,1
DA:2622,1
DA:2624,1
DA:2625,1
DA:2626,1
DA:2627,1
DA:2629,1
DA:2630,1
DA:2631,1
DA:2632,1
DA:2634,1
DA:2635,1
DA:2636,1
DA:2637,1
DA:2639,1
DA:2640,1
DA:2641,1
DA:2642,1
DA:2644,1
DA:2645,1
DA:2646,1
DA:2647,1
DA:2649,1
DA:2650,1
DA:2651,1
DA:2652,1
DA:2655,1
DA:2661,1
DA:2662,1
DA:2663,1
DA:2664,1
DA:2665,1
DA:2667,1
DA:2668,1
DA:2671,1
DA:2672,1
DA:2673,1
DA:2674,1
DA:2675,1
DA:2677,1
DA:2678,1
DA:2679,1
DA:2680,1
DA:2684,1
DA:2685,1
DA:2686,1
DA:2687,1
DA:2688,1
DA:2689,1
DA:2690,1
DA:2692,1
DA:2693,1
DA:2694,1
DA:2695,1
DA:2697,1
DA:2698,1
DA:2699,1
DA:2700,1
DA:2702,1
DA:2703,1
DA:2704,1
DA:2705,1
DA:2707,1
DA:2708,1
DA:2709,1
DA:2710,1
DA:2712,1
DA:2713,1
DA:2714,1
DA:2715,1
DA:2717,1
DA:2718,1
DA:2719,1
DA:2720,1
DA:2722,1
DA:2723,1
DA:2724,1
DA:2725,1
DA:2727,1
DA:2728,1
DA:2729,1
DA:2730,1
DA:2732,1
DA:2733,1
DA:2734,1
DA:2735,1
DA:2737,1
DA:2738,1
DA:2739,1
DA:2740,1
DA:2742,1
DA:2743,1
DA:2744,1
DA:2745,1
DA:2747,1
DA:2748,1
DA:2749,1
DA:2750,1
DA:2752,1
DA:2753,1
DA:2754,1
DA:2755,1
DA:2757,1
DA:2758,1
DA:2759,1
DA:2760,1
DA:2762,1
DA:2763,1
DA:2764,1
DA:2765,1
DA:2767,1
DA:2768,1
DA:2769,1
DA:2770,1
DA:2773,1
DA:2779,1
DA:2780,1
DA:2781,1
DA:2782,1
DA:2783,1
DA:2785,1
DA:2786,1
DA:2789,1
DA:2790,1
DA:2791,1
DA:2792,1
DA:2793,1
DA:2795,1
DA:2796,1
DA:2797,1
DA:2798,1
DA:2802,1
DA:2803,1
DA:2804,1
DA:2805,1
DA:2806,1
DA:2807,1
DA:2808,1
DA:2810,1
DA:2811,1
DA:2812,1
DA:2813,1
DA:2815,1
DA:2816,1
DA:2817,1
DA:2818,1
DA:2820,1
DA:2821,1
DA:2822,1
DA:2823,1
DA:2825,1
DA:2826,1
DA:2827,1
DA:2828,1
DA:2830,1
DA:2831,1
DA:2832,1
DA:2833,1
DA:2835,1
DA:2836,1
DA:2837,1
DA:2838,1
DA:2840,1
DA:2841,1
DA:2842,1
DA:2843,1
DA:2845,1
DA:2846,1
DA:2847,1
DA:2848,1
DA:2850,1
DA:2851,1
DA:2852,1
DA:2853,1
DA:2855,1
DA:2856,1
DA:2857,1
DA:2858,1
DA:2860,1
DA:2861,1
DA:2862,1
DA:2863,1
DA:2865,1
DA:2866,1
DA:2867,1
DA:2868,1
DA:2870,1
DA:2871,1
DA:2872,1
DA:2873,1
DA:2875,1
DA:2876,1
DA:2877,1
DA:2878,1
DA:2880,1
DA:2881,1
DA:2882,1
DA:2883,1
DA:2885,1
DA:2886,1
DA:2887,1
DA:2888,1
DA:2891,1
DA:2897,1
DA:2898,1
DA:2899,1
DA:2900,1
DA:2901,1
DA:2903,1
DA:2904,1
DA:2907,1
DA:2908,1
DA:2909,1
DA:2910,1
DA:2911,1
DA:2913,1
DA:2914,1
DA:2915,1
DA:2916,1
DA:2920,1
DA:2921,1
DA:2922,1
DA:2923,1
DA:2924,1
DA:2925,1
DA:2926,1
DA:2928,1
DA:2929,1
DA:2930,1
DA:2931,1
DA:2933,1
DA:2934,1
DA:2935,1
DA:2936,1
DA:2938,1
DA:2939,1
DA:2940,1
DA:2941,1
DA:2943,1
DA:2944,1
DA:2945,1
DA:2946,1
DA:2948,1
DA:2949,1
DA:2950,1
DA:2951,1
DA:2953,1
DA:2954,1
DA:2955,1
DA:2956,1
DA:2958,1
DA:2959,1
DA:2960,1
DA:2961,1
DA:2963,1
DA:2964,1
DA:2965,1
DA:2966,1
DA:2968,1
DA:2969,1
DA:2970,1
DA:2971,1
DA:2973,1
DA:2974,1
DA:2975,1
DA:2976,1
DA:2978,1
DA:2979,1
DA:2980,1
DA:2981,1
DA:2983,1
DA:2984,1
DA:2985,1
DA:2986,1
DA:2988,1
DA:2989,1
DA:2990,1
DA:2991,1
DA:2993,1
DA:2994,1
DA:2995,1
DA:2996,1
DA:2998,1
DA:2999,1
DA:3000,1
DA:3001,1
DA:3003,1
DA:3004,1
DA:3005,1
DA:3006,1
DA:3009,1
DA:3015,1
DA:3016,1
DA:3017,1
DA:3018,1
DA:3019,1
DA:3021,1
DA:3022,1
DA:3025,1
DA:3026,1
DA:3027,1
DA:3028,1
DA:3029,1
DA:3031,1
DA:3032,1
DA:3033,1
DA:3034,1
DA:3038,1
DA:3039,1
DA:3040,1
DA:3041,1
DA:3042,1
DA:3043,1
DA:3044,1
DA:3046,1
DA:3047,1
DA:3048,1
DA:3049,1
DA:3051,1
DA:3052,1
DA:3053,1
DA:3054,1
DA:3056,1
DA:3057,1
DA:3058,1
DA:3059,1
DA:3061,1
DA:3062,1
DA:3063,1
DA:3064,1
DA:3066,1
DA:3067,1
DA:3068,1
DA:3069,1
DA:3071,1
DA:3072,1
DA:3073,1
DA:3074,1
DA:3076,1
DA:3077,1
DA:3078,1
DA:3079,1
DA:3081,1
DA:3082,1
DA:3083,1
DA:3084,1
DA:3086,1
DA:3087,1
DA:3088,1
DA:3089,1
DA:3091,1
DA:3092,1
DA:3093,1
DA:3094,1
DA:3096,1
DA:3097,1
DA:3098,1
DA:3099,1
DA:3101,1
DA:3102,1
DA:3103,1
DA:3104,1
DA:3106,1
DA:3107,1
DA:3108,1
DA:3109,1
DA:3111,1
DA:3112,1
DA:3113,1
DA:3114,1
DA:3116,1
DA:3117,1
DA:3118,1
DA:3119,1
DA:3121,1
DA:3122,1
DA:3123,1
DA:3124,1
DA:3126,1
DA:3127,1
DA:3128,1
DA:3129,1
DA:3132,1
DA:3138,1
DA:3139,1
DA:3140,1
DA:3141,1
DA:3142,1
DA:3143,1
DA:3144,1
DA:3146,1
DA:3147,1
DA:3150,1
DA:3151,1
DA:3152,1
DA:3153,1
DA:3154,1
DA:3157,1
DA:3158,1
DA:3160,1
DA:3161,1
DA:3162,1
DA:3163,1
DA:3164,1
DA:3168,1
DA:3169,1
DA:3170,1
DA:3171,1
DA:3172,1
DA:3173,1
DA:3174,1
DA:3176,1
DA:3177,1
DA:3178,1
DA:3179,1
DA:3181,1
DA:3182,1
DA:3183,1
DA:3184,1
DA:3186,1
DA:3187,1
DA:3188,1
DA:3189,1
DA:3191,1
DA:3192,1
DA:3193,1
DA:3194,1
DA:3196,1
DA:3197,1
DA:3198,1
DA:3199,1
DA:3201,1
DA:3202,1
DA:3203,1
DA:3204,1
DA:3206,1
DA:3207,1
DA:3208,1
DA:3209,1
DA:3211,1
DA:3212,1
DA:3213,1
DA:3214,1
DA:3216,1
DA:3217,1
DA:3218,1
DA:3219,1
DA:3221,1
DA:3222,1
DA:3223,1
DA:3224,1
DA:3226,1
DA:3227,1
DA:3228,1
DA:3229,1
DA:3231,1
DA:3232,1
DA:3233,1
DA:3234,1
DA:3236,1
DA:3237,1
DA:3238,1
DA:3239,1
DA:3241,1
DA:3242,1
DA:3243,1
DA:3244,1
DA:3246,1
DA:3247,1
DA:3248,1
DA:3249,1
DA:3251,1
DA:3252,1
DA:3253,1
DA:3254,1
DA:3258,1
DA:3259,1
DA:3260,1
DA:3261,1
DA:3262,1
DA:3264,1
DA:3265,1
DA:3266,1
DA:3267,1
DA:3269,1
DA:3270,1
DA:3271,1
DA:3272,1
DA:3274,1
DA:3275,1
DA:3276,1
DA:3277,1
DA:3280,1
DA:3281,1
DA:3283,1
DA:3284,1
DA:3285,1
DA:3286,1
DA:3287,1
DA:3289,1
DA:3290,1
DA:3291,1
DA:3292,1
DA:3294,1
DA:3295,1
DA:3296,1
DA:3297,1
DA:3299,1
DA:3300,1
DA:3301,1
DA:3302,1
DA:3305,1
DA:3311,1
DA:3312,1
DA:3313,1
DA:3314,1
DA:3315,1
DA:3317,1
DA:3318,1
DA:3321,1
DA:3322,1
DA:3323,1
DA:3324,1
DA:3325,1
DA:3327,1
DA:3328,1
DA:3329,1
DA:3330,1
DA:3334,1
DA:3335,1
DA:3336,1
DA:3337,1
DA:3338,1
DA:3339,1
DA:3340,1
DA:3342,1
DA:3343,1
DA:3344,1
DA:3345,1
DA:3347,1
DA:3348,1
DA:3349,1
DA:3350,1
DA:3352,1
DA:3353,1
DA:3354,1
DA:3355,1
DA:3357,1
DA:3358,1
DA:3359,1
DA:3360,1
DA:3362,1
DA:3363,1
DA:3364,1
DA:3365,1
DA:3367,1
DA:3368,1
DA:3369,1
DA:3370,1
DA:3372,1
DA:3373,1
DA:3374,1
DA:3375,1
DA:3377,1
DA:3378,1
DA:3379,1
DA:3380,1
DA:3382,1
DA:3383,1
DA:3384,1
DA:3385,1
DA:3387,1
DA:3388,1
DA:3389,1
DA:3390,1
DA:3392,1
DA:3393,1
DA:3394,1
DA:3395,1
DA:3397,1
DA:3398,1
DA:3399,1
DA:3400,1
DA:3402,1
DA:3403,1
DA:3404,1
DA:3405,1
DA:3407,1
DA:3408,1
DA:3409,1
DA:3410,1
DA:3412,1
DA:3413,1
DA:3414,1
DA:3415,1
DA:3417,1
DA:3418,1
DA:3419,1
DA:3420,1
DA:3422,1
DA:3423,1
DA:3424,1
DA:3425,1
DA:3427,1
DA:3428,1
DA:3429,1
DA:3430,1
DA:3432,1
DA:3433,1
DA:3434,1
DA:3435,1
DA:3437,1
DA:3438,1
DA:3439,1
DA:3440,1
DA:3442,1
DA:3443,1
DA:3444,1
DA:3445,1
DA:3447,1
DA:3448,1
DA:3449,1
DA:3450,1
DA:3453,1
DA:3459,1
DA:3460,1
DA:3461,1
DA:3462,1
DA:3463,1
DA:3465,1
DA:3466,1
DA:3469,1
DA:3470,1
DA:3471,1
DA:3472,1
DA:3473,1
DA:3475,1
DA:3476,1
DA:3477,1
DA:3478,1
DA:3482,1
DA:3483,1
DA:3484,1
DA:3485,1
DA:3486,1
DA:3487,1
DA:3488,1
DA:3490,1
DA:3491,1
DA:3492,1
DA:3493,1
DA:3495,1
DA:3496,1
DA:3497,1
DA:3498,1
DA:3500,1
DA:3501,1
DA:3502,1
DA:3503,1
DA:3505,1
DA:3506,1
DA:3507,1
DA:3508,1
DA:3510,1
DA:3511,1
DA:3512,1
DA:3513,1
DA:3515,1
DA:3516,1
DA:3517,1
DA:3518,1
DA:3520,1
DA:3521,1
DA:3522,1
DA:3523,1
DA:3525,1
DA:3526,1
DA:3527,1
DA:3528,1
DA:3530,1
DA:3531,1
DA:3532,1
DA:3533,1
DA:3535,1
DA:3536,1
DA:3537,1
DA:3538,1
DA:3540,1
DA:3541,1
DA:3542,1
DA:3543,1
DA:3545,1
DA:3546,1
DA:3547,1
DA:3548,1
DA:3550,1
DA:3551,1
DA:3552,1
DA:3553,1
DA:3555,1
DA:3556,1
DA:3557,1
DA:3558,1
DA:3560,1
DA:3561,1
DA:3562,1
DA:3563,1
DA:3565,1
DA:3566,1
DA:3567,1
DA:3568,1
DA:3570,1
DA:3571,1
DA:3572,1
DA:3573,1
DA:3575,1
DA:3576,1
DA:3577,1
DA:3578,1
DA:3582,1
DA:3583,1
DA:3584,1
DA:3585,1
DA:3586,1
DA:3588,1
DA:3589,1
DA:3590,1
DA:3591,1
DA:3593,1
DA:3594,1
DA:3595,1
DA:3596,1
DA:3598,1
DA:3599,1
DA:3600,1
DA:3601,1
DA:3603,1
DA:3604,1
DA:3605,1
DA:3606,1
DA:3608,1
DA:3609,1
DA:3610,1
DA:3611,1
DA:3613,1
DA:3614,1
DA:3615,1
DA:3616,1
DA:3618,1
DA:3619,1
DA:3620,1
DA:3621,1
DA:3623,1
DA:3624,1
DA:3625,1
DA:3626,1
DA:3629,1
DA:3635,1
DA:3636,1
DA:3637,1
DA:3638,1
DA:3639,1
DA:3640,1
DA:3642,1
DA:3643,1
DA:3646,1
DA:3647,1
DA:3648,1
DA:3649,1
DA:3650,1
DA:3652,1
DA:3653,1
DA:3654,1
DA:3655,1
DA:3659,1
DA:3660,1
DA:3661,1
DA:3662,1
DA:3663,1
DA:3664,1
DA:3665,1
DA:3667,1
DA:3668,1
DA:3669,1
DA:3670,1
DA:3672,1
DA:3673,1
DA:3674,1
DA:3675,1
DA:3677,1
DA:3678,1
DA:3679,1
DA:3680,1
DA:3682,1
DA:3683,1
DA:3684,1
DA:3685,1
DA:3687,1
DA:3688,1
DA:3689,1
DA:3690,1
DA:3692,1
DA:3693,1
DA:3694,1
DA:3695,1
DA:3697,1
DA:3698,1
DA:3699,1
DA:3700,1
DA:3702,1
DA:3703,1
DA:3704,1
DA:3705,1
DA:3707,1
DA:3708,1
DA:3709,1
DA:3710,1
DA:3712,1
DA:3713,1
DA:3714,1
DA:3715,1
DA:3717,1
DA:3718,1
DA:3719,1
DA:3720,1
DA:3722,1
DA:3723,1
DA:3724,1
DA:3725,1
DA:3727,1
DA:3728,1
DA:3729,1
DA:3730,1
DA:3732,1
DA:3733,1
DA:3734,1
DA:3735,1
DA:3737,1
DA:3738,1
DA:3739,1
DA:3740,1
DA:3744,1
DA:3745,1
DA:3746,1
DA:3747,1
DA:3748,1
DA:3750,1
DA:3751,1
DA:3752,1
DA:3753,1
DA:3755,1
DA:3756,1
DA:3757,1
DA:3758,1
DA:3760,1
DA:3761,1
DA:3762,1
DA:3763,1
DA:3765,1
DA:3766,1
DA:3767,1
DA:3768,1
DA:3770,1
DA:3771,1
DA:3772,1
DA:3773,1
DA:3775,1
DA:3776,1
DA:3777,1
DA:3778,1
DA:3780,1
DA:3781,1
DA:3782,1
DA:3783,1
DA:3785,1
DA:3786,1
DA:3787,1
DA:3788,1
DA:3791,1
DA:3797,1
DA:3798,1
DA:3799,1
DA:3800,1
DA:3801,1
DA:3802,1
DA:3804,1
DA:3805,1
DA:3808,1
DA:3809,1
DA:3810,1
DA:3811,1
DA:3812,1
DA:3814,1
DA:3815,1
DA:3816,1
DA:3817,1
DA:3821,1
DA:3822,1
DA:3823,1
DA:3824,1
DA:3825,1
DA:3826,1
DA:3827,1
DA:3829,1
DA:3830,1
DA:3831,1
DA:3832,1
DA:3834,1
DA:3835,1
DA:3836,1
DA:3837,1
DA:3839,1
DA:3840,1
DA:3841,1
DA:3842,1
DA:3844,1
DA:3845,1
DA:3846,1
DA:3847,1
DA:3849,1
DA:3850,1
DA:3851,1
DA:3852,1
DA:3854,1
DA:3855,1
DA:3856,1
DA:3857,1
DA:3859,1
DA:3860,1
DA:3861,1
DA:3862,1
DA:3864,1
DA:3865,1
DA:3866,1
DA:3867,1
DA:3869,1
DA:3870,1
DA:3871,1
DA:3872,1
DA:3874,1
DA:3875,1
DA:3876,1
DA:3877,1
DA:3879,1
DA:3880,1
DA:3881,1
DA:3882,1
DA:3884,1
DA:3885,1
DA:3886,1
DA:3887,1
DA:3889,1
DA:3890,1
DA:3891,1
DA:3892,1
DA:3894,1
DA:3895,1
DA:3896,1
DA:3897,1
DA:3899,1
DA:3900,1
DA:3901,1
DA:3902,1
DA:3906,1
DA:3907,1
DA:3908,1
DA:3909,1
DA:3910,1
DA:3912,1
DA:3913,1
DA:3914,1
DA:3915,1
DA:3917,1
DA:3918,1
DA:3919,1
DA:3920,1
DA:3922,1
DA:3923,1
DA:3924,1
DA:3925,1
DA:3927,1
DA:3928,1
DA:3929,1
DA:3930,1
DA:3932,1
DA:3933,1
DA:3934,1
DA:3935,1
DA:3937,1
DA:3938,1
DA:3939,1
DA:3940,1
DA:3942,1
DA:3943,1
DA:3944,1
DA:3945,1
DA:3947,1
DA:3948,1
DA:3949,1
DA:3950,1
DA:3953,1
DA:3959,1
DA:3960,1
DA:3961,1
DA:3962,1
DA:3963,1
DA:3964,1
DA:3965,1
DA:3967,1
DA:3968,1
DA:3971,1
DA:3972,1
DA:3973,1
DA:3974,1
DA:3975,1
DA:3977,1
DA:3978,1
DA:3979,1
DA:3980,1
DA:3984,1
DA:3985,1
DA:3986,1
DA:3987,1
DA:3988,1
DA:3989,1
DA:3990,1
DA:3992,1
DA:3993,1
DA:3994,1
DA:3995,1
DA:3997,1
DA:3998,1
DA:3999,1
DA:4000,1
DA:4002,1
DA:4003,1
DA:4004,1
DA:4005,1
DA:4007,1
DA:4008,1
DA:4009,1
DA:4010,1
DA:4012,1
DA:4013,1
DA:4014,1
DA:4015,1
DA:4017,1
DA:4018,1
DA:4019,1
DA:4020,1
DA:4022,1
DA:4023,1
DA:4024,1
DA:4025,1
DA:4027,1
DA:4028,1
DA:4029,1
DA:4030,1
DA:4032,1
DA:4033,1
DA:4034,1
DA:4035,1
DA:4037,1
DA:4038,1
DA:4039,1
DA:4040,1
DA:4042,1
DA:4043,1
DA:4044,1
DA:4045,1
DA:4047,1
DA:4048,1
DA:4049,1
DA:4050,1
DA:4052,1
DA:4053,1
DA:4054,1
DA:4055,1
DA:4057,1
DA:4058,1
DA:4059,1
DA:4060,1
DA:4062,1
DA:4063,1
DA:4064,1
DA:4065,1
DA:4069,1
DA:4070,1
DA:4071,1
DA:4072,1
DA:4073,1
DA:4075,1
DA:4076,1
DA:4077,1
DA:4078,1
DA:4080,1
DA:4081,1
DA:4082,1
DA:4083,1
DA:4085,1
DA:4086,1
DA:4087,1
DA:4088,1
DA:4090,1
DA:4091,1
DA:4092,1
DA:4093,1
DA:4095,1
DA:4096,1
DA:4097,1
DA:4098,1
DA:4100,1
DA:4101,1
DA:4102,1
DA:4103,1
DA:4105,1
DA:4106,1
DA:4107,1
DA:4108,1
DA:4110,1
DA:4111,1
DA:4112,1
DA:4113,1
DA:4116,1
DA:4122,1
DA:4123,1
DA:4124,1
DA:4125,1
DA:4126,1
DA:4127,1
DA:4128,1
DA:4129,1
DA:4131,1
DA:4132,1
DA:4135,1
DA:4136,1
DA:4137,1
DA:4138,1
DA:4139,1
DA:4141,1
DA:4142,1
DA:4143,1
DA:4144,1
DA:4148,1
DA:4149,1
DA:4150,1
DA:4151,1
DA:4152,1
DA:4153,1
DA:4154,1
DA:4156,1
DA:4157,1
DA:4158,1
DA:4159,1
DA:4161,1
DA:4162,1
DA:4163,1
DA:4164,1
DA:4166,1
DA:4167,1
DA:4168,1
DA:4169,1
DA:4171,1
DA:4172,1
DA:4173,1
DA:4174,1
DA:4176,1
DA:4177,1
DA:4178,1
DA:4179,1
DA:4181,1
DA:4182,1
DA:4183,1
DA:4184,1
DA:4186,1
DA:4187,1
DA:4188,1
DA:4189,1
DA:4191,1
DA:4192,1
DA:4193,1
DA:4194,1
DA:4196,1
DA:4197,1
DA:4198,1
DA:4199,1
DA:4201,1
DA:4202,1
DA:4203,1
DA:4204,1
DA:4206,1
DA:4207,1
DA:4208,1
DA:4209,1
DA:4211,1
DA:4212,1
DA:4213,1
DA:4214,1
DA:4216,1
DA:4217,1
DA:4218,1
DA:4219,1
DA:4221,1
DA:4222,1
DA:4223,1
DA:4224,1
DA:4226,1
DA:4227,1
DA:4228,1
DA:4229,1
DA:4233,1
DA:4234,1
DA:4235,1
DA:4236,1
DA:4237,1
DA:4239,1
DA:4240,1
DA:4241,1
DA:4242,1
DA:4244,1
DA:4245,1
DA:4246,1
DA:4247,1
DA:4249,1
DA:4250,1
DA:4251,1
DA:4252,1
DA:4254,1
DA:4255,1
DA:4256,1
DA:4257,1
DA:4259,1
DA:4260,1
DA:4261,1
DA:4262,1
DA:4264,1
DA:4265,1
DA:4266,1
DA:4267,1
DA:4269,1
DA:4270,1
DA:4271,1
DA:4272,1
DA:4274,1
DA:4275,1
DA:4276,1
DA:4277,1
DA:4280,1
DA:4286,1
DA:4287,1
DA:4288,1
DA:4289,1
DA:4290,1
DA:4291,1
DA:4292,1
DA:4293,1
DA:4295,1
DA:4296,1
DA:4299,1
DA:4300,1
DA:4301,1
DA:4302,1
DA:4303,1
DA:4305,1
DA:4306,1
DA:4307,1
DA:4308,1
DA:4312,1
DA:4313,1
DA:4314,1
DA:4315,1
DA:4316,1
DA:4317,1
DA:4318,1
DA:4320,1
DA:4321,1
DA:4322,1
DA:4323,1
DA:4325,1
DA:4326,1
DA:4327,1
DA:4328,1
DA:4330,1
DA:4331,1
DA:4332,1
DA:4333,1
DA:4335,1
DA:4336,1
DA:4337,1
DA:4338,1
DA:4340,1
DA:4341,1
DA:4342,1
DA:4343,1
DA:4345,1
DA:4346,1
DA:4347,1
DA:4348,1
DA:4350,1
DA:4351,1
DA:4352,1
DA:4353,1
DA:4355,1
DA:4356,1
DA:4357,1
DA:4358,1
DA:4360,1
DA:4361,1
DA:4362,1
DA:4363,1
DA:4365,1
DA:4366,1
DA:4367,1
DA:4368,1
DA:4370,1
DA:4371,1
DA:4372,1
DA:4373,1
DA:4375,1
DA:4376,1
DA:4377,1
DA:4378,1
DA:4380,1
DA:4381,1
DA:4382,1
DA:4383,1
DA:4385,1
DA:4386,1
DA:4387,1
DA:4388,1
DA:4390,1
DA:4391,1
DA:4392,1
DA:4393,1
DA:4397,1
DA:4398,1
DA:4399,1
DA:4400,1
DA:4401,1
DA:4403,1
DA:4404,1
DA:4405,1
DA:4406,1
DA:4408,1
DA:4409,1
DA:4410,1
DA:4411,1
DA:4413,1
DA:4414,1
DA:4415,1
DA:4416,1
DA:4418,1
DA:4419,1
DA:4420,1
DA:4421,1
DA:4423,1
DA:4424,1
DA:4425,1
DA:4426,1
DA:4428,1
DA:4429,1
DA:4430,1
DA:4431,1
DA:4433,1
DA:4434,1
DA:4435,1
DA:4436,1
DA:4438,1
DA:4439,1
DA:4440,1
DA:4441,1
DA:4444,1
DA:4450,1
DA:4451,1
DA:4452,1
DA:4453,1
DA:4454,1
DA:4455,1
DA:4456,1
DA:4457,1
DA:4459,1
DA:4460,1
DA:4463,1
DA:4464,1
DA:4465,1
DA:4466,1
DA:4467,1
DA:4469,1
DA:4470,1
DA:4471,1
DA:4472,1
DA:4476,1
DA:4477,1
DA:4478,1
DA:4479,1
DA:4480,1
DA:4481,1
DA:4482,1
DA:4484,1
DA:4485,1
DA:4486,1
DA:4487,1
DA:4489,1
DA:4490,1
DA:4491,1
DA:4492,1
DA:4494,1
DA:4495,1
DA:4496,1
DA:4497,1
DA:4499,1
DA:4500,1
DA:4501,1
DA:4502,1
DA:4504,1
DA:4505,1
DA:4506,1
DA:4507,1
DA:4509,1
DA:4510,1
DA:4511,1
DA:4512,1
DA:4514,1
DA:4515,1
DA:4516,1
DA:4517,1
DA:4519,1
DA:4520,1
DA:4521,1
DA:4522,1
DA:4524,1
DA:4525,1
DA:4526,1
DA:4527,1
DA:4529,1
DA:4530,1
DA:4531,1
DA:4532,1
DA:4534,1
DA:4535,1
DA:4536,1
DA:4537,1
DA:4539,1
DA:4540,1
DA:4541,1
DA:4542,1
DA:4544,1
DA:4545,1
DA:4546,1
DA:4547,1
DA:4549,1
DA:4550,1
DA:4551,1
DA:4552,1
DA:4554,1
DA:4555,1
DA:4556,1
DA:4557,1
DA:4561,1
DA:4562,1
DA:4563,1
DA:4564,1
DA:4565,1
DA:4567,1
DA:4568,1
DA:4569,1
DA:4570,1
DA:4572,1
DA:4573,1
DA:4574,1
DA:4575,1
DA:4577,1
DA:4578,1
DA:4579,1
DA:4580,1
DA:4582,1
DA:4583,1
DA:4584,1
DA:4585,1
DA:4587,1
DA:4588,1
DA:4589,1
DA:4590,1
DA:4592,1
DA:4593,1
DA:4594,1
DA:4595,1
DA:4597,1
DA:4598,1
DA:4599,1
DA:4600,1
DA:4602,1
DA:4603,1
DA:4604,1
DA:4605,1
DA:4608,1
DA:4614,1
DA:4615,1
DA:4616,1
DA:4617,1
DA:4618,1
DA:4619,1
DA:4621,1
DA:4622,1
DA:4625,1
DA:4626,1
DA:4627,1
DA:4628,1
DA:4629,1
DA:4631,1
DA:4632,1
DA:4633,1
DA:4634,1
DA:4638,1
DA:4639,1
DA:4640,1
DA:4641,1
DA:4642,1
DA:4643,1
DA:4644,1
DA:4646,1
DA:4647,1
DA:4648,1
DA:4649,1
DA:4651,1
DA:4652,1
DA:4653,1
DA:4654,1
DA:4656,1
DA:4657,1
DA:4658,1
DA:4659,1
DA:4661,1
DA:4662,1
DA:4663,1
DA:4664,1
DA:4666,1
DA:4667,1
DA:4668,1
DA:4669,1
DA:4671,1
DA:4672,1
DA:4673,1
DA:4674,1
DA:4676,1
DA:4677,1
DA:4678,1
DA:4679,1
DA:4681,1
DA:4682,1
DA:4683,1
DA:4684,1
DA:4686,1
DA:4687,1
DA:4688,1
DA:4689,1
DA:4691,1
DA:4692,1
DA:4693,1
DA:4694,1
DA:4696,1
DA:4697,1
DA:4698,1
DA:4699,1
DA:4701,1
DA:4702,1
DA:4703,1
DA:4704,1
DA:4706,1
DA:4707,1
DA:4708,1
DA:4709,1
DA:4711,1
DA:4712,1
DA:4713,1
DA:4714,1
DA:4716,1
DA:4717,1
DA:4718,1
DA:4719,1
DA:4721,1
DA:4722,1
DA:4723,1
DA:4724,1
DA:4726,1
DA:4727,1
DA:4728,1
DA:4729,1
DA:4733,1
DA:4734,1
DA:4735,1
DA:4736,1
DA:4737,1
DA:4739,1
DA:4740,1
DA:4741,1
DA:4742,1
DA:4744,1
DA:4745,1
DA:4746,1
DA:4747,1
DA:4750,1
DA:4751,1
DA:4752,1
DA:4755,1
DA:4756,1
DA:4757,1
DA:4758,1
DA:4759,1
DA:4761,1
DA:4762,1
DA:4763,1
DA:4764,1
DA:4766,1
DA:4767,1
DA:4768,1
DA:4769,1
DA:4771,1
DA:4772,1
DA:4773,1
DA:4774,1
DA:4777,1
DA:4778,1
DA:4779,1
DA:4782,1
DA:4783,1
DA:4784,1
DA:4785,1
DA:4786,1
DA:4788,1
DA:4789,1
DA:4790,1
DA:4791,1
DA:4793,1
DA:4794,1
DA:4795,1
DA:4796,1
DA:4798,1
DA:4799,1
DA:4800,1
DA:4801,1
DA:4803,1
DA:4804,1
DA:4805,1
DA:4806,1
DA:4808,1
DA:4809,1
DA:4810,1
DA:4811,1
DA:4814,1
DA:4820,1
DA:4821,1
DA:4822,1
DA:4823,1
DA:4824,1
DA:4825,1
DA:4827,1
DA:4828,1
DA:4831,1
DA:4832,1
DA:4833,1
DA:4834,1
DA:4835,1
DA:4837,1
DA:4838,1
DA:4839,1
DA:4840,1
DA:4844,1
DA:4845,1
DA:4846,1
DA:4847,1
DA:4848,1
DA:4849,1
DA:4850,1
DA:4852,1
DA:4853,1
DA:4854,1
DA:4855,1
DA:4857,1
DA:4858,1
DA:4859,1
DA:4860,1
DA:4862,1
DA:4863,1
DA:4864,1
DA:4865,1
DA:4867,1
DA:4868,1
DA:4869,1
DA:4870,1
DA:4872,1
DA:4873,1
DA:4874,1
DA:4875,1
DA:4877,1
DA:4878,1
DA:4879,1
DA:4880,1
DA:4882,1
DA:4883,1
DA:4884,1
DA:4885,1
DA:4887,1
DA:4888,1
DA:4889,1
DA:4890,1
DA:4892,1
DA:4893,1
DA:4894,1
DA:4895,1
DA:4897,1
DA:4898,1
DA:4899,1
DA:4900,1
DA:4902,1
DA:4903,1
DA:4904,1
DA:4905,1
DA:4907,1
DA:4908,1
DA:4909,1
DA:4910,1
DA:4912,1
DA:4913,1
DA:4914,1
DA:4915,1
DA:4917,1
DA:4918,1
DA:4919,1
DA:4920,1
DA:4922,1
DA:4923,1
DA:4924,1
DA:4925,1
DA:4929,1
DA:4930,1
DA:4931,1
DA:4932,1
DA:4933,1
DA:4935,1
DA:4936,1
DA:4937,1
DA:4938,1
DA:4940,1
DA:4941,1
DA:4942,1
DA:4943,1
DA:4946,1
DA:4947,1
DA:4948,1
DA:4951,1
DA:4952,1
DA:4953,1
DA:4954,1
DA:4955,1
DA:4957,1
DA:4958,1
DA:4959,1
DA:4960,1
DA:4962,1
DA:4963,1
DA:4964,1
DA:4965,1
DA:4967,1
DA:4968,1
DA:4969,1
DA:4970,1
DA:4973,1
DA:4974,1
DA:4975,1
DA:4978,1
DA:4979,1
DA:4980,1
DA:4981,1
DA:4982,1
DA:4984,1
DA:4985,1
DA:4986,1
DA:4987,1
DA:4989,1
DA:4990,1
DA:4991,1
DA:4992,1
DA:4994,1
DA:4995,1
DA:4996,1
DA:4997,1
DA:4999,1
DA:5000,1
DA:5001,1
DA:5002,1
DA:5005,1
DA:5011,1
DA:5012,1
DA:5013,1
DA:5014,1
DA:5015,1
DA:5016,1
DA:5018,1
DA:5019,1
DA:5022,1
DA:5023,1
DA:5024,1
DA:5025,1
DA:5026,1
DA:5028,1
DA:5029,1
DA:5030,1
DA:5031,1
DA:5035,1
DA:5036,1
DA:5037,1
DA:5038,1
DA:5039,1
DA:5040,1
DA:5041,1
DA:5043,1
DA:5044,1
DA:5045,1
DA:5046,1
DA:5048,1
DA:5049,1
DA:5050,1
DA:5051,1
DA:5053,1
DA:5054,1
DA:5055,1
DA:5056,1
DA:5058,1
DA:5059,1
DA:5060,1
DA:5061,1
DA:5063,1
DA:5064,1
DA:5065,1
DA:5066,1
DA:5068,1
DA:5069,1
DA:5070,1
DA:5071,1
DA:5073,1
DA:5074,1
DA:5075,1
DA:5076,1
DA:5078,1
DA:5079,1
DA:5080,1
DA:5081,1
DA:5083,1
DA:5084,1
DA:5085,1
DA:5086,1
DA:5088,1
DA:5089,1
DA:5090,1
DA:5091,1
DA:5093,1
DA:5094,1
DA:5095,1
DA:5096,1
DA:5098,1
DA:5099,1
DA:5100,1
DA:5101,1
DA:5103,1
DA:5104,1
DA:5105,1
DA:5106,1
DA:5108,1
DA:5109,1
DA:5110,1
DA:5111,1
DA:5113,1
DA:5114,1
DA:5115,1
DA:5116,1
DA:5118,1
DA:5119,1
DA:5120,1
DA:5121,1
DA:5123,1
DA:5124,1
DA:5125,1
DA:5126,1
DA:5128,1
DA:5129,1
DA:5130,1
DA:5131,1
DA:5133,1
DA:5134,1
DA:5135,1
DA:5136,1
DA:5138,1
DA:5139,1
DA:5140,1
DA:5141,1
DA:5144,1
DA:5145,1
DA:5148,1
DA:5149,1
DA:5150,1
DA:5151,1
DA:5152,1
DA:5154,1
DA:5155,1
DA:5156,1
DA:5157,1
DA:5159,1
DA:5160,1
DA:5161,1
DA:5162,1
DA:5166,1
DA:5169,1
DA:5170,1
DA:5171,1
DA:5172,1
DA:5173,1
DA:5175,1
DA:5176,1
DA:5177,1
DA:5178,1
DA:5181,1
DA:5187,1
DA:5188,1
DA:5189,1
DA:5190,1
DA:5191,1
DA:5192,1
DA:5194,1
DA:5195,1
DA:5198,1
DA:5199,1
DA:5200,1
DA:5201,1
DA:5202,1
DA:5204,1
DA:5205,1
DA:5206,1
DA:5207,1
DA:5211,1
DA:5212,1
DA:5213,1
DA:5214,1
DA:5215,1
DA:5216,1
DA:5217,1
DA:5219,1
DA:5220,1
DA:5221,1
DA:5222,1
DA:5224,1
DA:5225,1
DA:5226,1
DA:5227,1
DA:5229,1
DA:5230,1
DA:5231,1
DA:5232,1
DA:5234,1
DA:5235,1
DA:5236,1
DA:5237,1
DA:5239,1
DA:5240,1
DA:5241,1
DA:5242,1
DA:5244,1
DA:5245,1
DA:5246,1
DA:5247,1
DA:5249,1
DA:5250,1
DA:5251,1
DA:5252,1
DA:5254,1
DA:5255,1
DA:5256,1
DA:5257,1
DA:5259,1
DA:5260,1
DA:5261,1
DA:5262,1
DA:5264,1
DA:5265,1
DA:5266,1
DA:5267,1
DA:5269,1
DA:5270,1
DA:5271,1
DA:5272,1
DA:5274,1
DA:5275,1
DA:5276,1
DA:5277,1
DA:5279,1
DA:5280,1
DA:5281,1
DA:5282,1
DA:5284,1
DA:5285,1
DA:5286,1
DA:5287,1
DA:5289,1
DA:5290,1
DA:5291,1
DA:5292,1
DA:5294,1
DA:5295,1
DA:5296,1
DA:5297,1
DA:5299,1
DA:5300,1
DA:5301,1
DA:5302,1
DA:5304,1
DA:5305,1
DA:5306,1
DA:5307,1
DA:5311,1
DA:5314,1
DA:5317,1
DA:5318,1
DA:5319,1
DA:5320,1
DA:5321,1
DA:5323,1
DA:5324,1
DA:5325,1
DA:5326,1
DA:5328,1
DA:5329,1
DA:5330,1
DA:5331,1
DA:5333,1
DA:5334,1
DA:5335,1
DA:5336,1
DA:5338,1
DA:5339,1
DA:5340,1
DA:5341,1
DA:5343,1
DA:5344,1
DA:5345,1
DA:5346,1
DA:5348,1
DA:5349,1
DA:5350,1
DA:5351,1
DA:5354,1
DA:5355,1
DA:5357,1
DA:5358,1
DA:5359,1
DA:5360,1
DA:5361,1
DA:5363,1
DA:5364,1
DA:5365,1
DA:5366,1
DA:5368,1
DA:5369,1
DA:5370,1
DA:5371,1
DA:5373,1
DA:5374,1
DA:5375,1
DA:5376,1
DA:5378,1
DA:5379,1
DA:5380,1
DA:5381,1
DA:5383,1
DA:5384,1
DA:5385,1
DA:5386,1
DA:5389,1
DA:5397,1
DA:5398,1
DA:5399,1
DA:5400,1
DA:5401,1
DA:5403,1
DA:5404,1
DA:5407,1
DA:5408,1
DA:5409,1
DA:5410,1
DA:5411,1
DA:5413,1
DA:5414,1
DA:5415,1
DA:5416,1
DA:5420,1
DA:5421,1
DA:5422,1
DA:5423,1
DA:5424,1
DA:5425,1
DA:5426,1
DA:5428,1
DA:5429,1
DA:5430,1
DA:5431,1
DA:5433,1
DA:5434,1
DA:5435,1
DA:5436,1
DA:5438,1
DA:5439,1
DA:5440,1
DA:5441,1
DA:5443,1
DA:5444,1
DA:5445,1
DA:5446,1
DA:5450,1
DA:5451,1
DA:5452,1
DA:5453,1
DA:5454,1
DA:5455,1
DA:5456,1
DA:5458,1
DA:5459,1
DA:5460,1
DA:5461,1
DA:5463,1
DA:5464,1
DA:5465,1
DA:5466,1
DA:5468,1
DA:5469,1
DA:5470,1
DA:5471,1
DA:5473,1
DA:5474,1
DA:5475,1
DA:5476,1
DA:5478,1
DA:5479,1
DA:5480,1
DA:5481,1
DA:5483,1
DA:5484,1
DA:5485,1
DA:5486,1
DA:5488,1
DA:5489,1
DA:5490,1
DA:5491,1
DA:5493,1
DA:5494,1
DA:5495,1
DA:5496,1
DA:5498,1
DA:5499,1
DA:5500,1
DA:5501,1
DA:5503,1
DA:5504,1
DA:5505,1
DA:5506,1
DA:5508,1
DA:5509,1
DA:5510,1
DA:5511,1
DA:5513,1
DA:5514,1
DA:5515,1
DA:5516,1
DA:5518,1
DA:5519,1
DA:5520,1
DA:5521,1
DA:5523,1
DA:5524,1
DA:5525,1
DA:5526,1
DA:5528,1
DA:5529,1
DA:5530,1
DA:5531,1
DA:5535,1
DA:5536,1
DA:5537,1
DA:5538,1
DA:5539,1
DA:5541,1
DA:5542,1
DA:5543,1
DA:5544,1
DA:5546,1
DA:5547,1
DA:5548,1
DA:5549,1
DA:5551,1
DA:5552,1
DA:5553,1
DA:5554,1
DA:5556,1
DA:5557,1
DA:5558,1
DA:5559,1
DA:5561,1
DA:5562,1
DA:5563,1
DA:5564,1
DA:5566,1
DA:5567,1
DA:5568,1
DA:5569,1
DA:5571,1
DA:5572,1
DA:5573,1
DA:5574,1
DA:5576,1
DA:5577,1
DA:5578,1
DA:5579,1
DA:5581,1
DA:5582,1
DA:5583,1
DA:5584,1
DA:5586,1
DA:5587,1
DA:5588,1
DA:5589,1
DA:5591,1
DA:5592,1
DA:5593,1
DA:5594,1
DA:5596,1
DA:5597,1
DA:5598,1
DA:5599,1
DA:5601,1
DA:5602,1
DA:5603,1
DA:5604,1
DA:5608,1
DA:5609,1
DA:5610,1
DA:5611,1
DA:5612,1
DA:5614,1
DA:5615,1
DA:5616,1
DA:5617,1
DA:5619,1
DA:5620,1
DA:5621,1
DA:5622,1
DA:5624,1
DA:5625,1
DA:5626,1
DA:5627,1
DA:5629,1
DA:5630,1
DA:5631,1
DA:5632,1
DA:5634,1
DA:5635,1
DA:5636,1
DA:5637,1
DA:5641,1
DA:5642,1
DA:5643,1
DA:5644,1
DA:5645,1
DA:5649,1
DA:5650,1
DA:5651,1
DA:5652,1
DA:5653,1
DA:5655,1
DA:5656,1
DA:5657,1
DA:5658,1
DA:5660,1
DA:5661,1
DA:5662,1
DA:5663,1
DA:5665,1
DA:5666,1
DA:5667,1
DA:5668,1
DA:5671,1
DA:5673,1
DA:5674,1
DA:5675,1
DA:5679,45
DA:5680,45
DA:5681,45
DA:5682,3090
end_of_record
SF:utb_ProcAltDpath.v
DA:17,0
DA:20,15
DA:24,4
DA:25,0
DA:26,0
DA:30,12
DA:31,6
DA:32,2
DA:36,2
DA:37,10
DA:41,6
DA:42,2
DA:44,6
DA:45,1
DA:46,7
DA:47,0
DA:48,1
DA:49,1
DA:50,1
DA:52,6
DA:53,9
DA:54,2
DA:56,2
DA:57,4
DA:59,10
DA:60,2
DA:61,24
DA:62,0
DA:64,2
DA:65,2
DA:69,2
DA:70,22
DA:71,22
DA:72,20
DA:73,34
DA:74,34
DA:78,0
DA:79,0
DA:82,1
DA:102,1
DA:104,1
DA:106,1
DA:107,1
DA:108,1
DA:109,1
DA:110,1
DA:111,1
DA:112,1
DA:113,1
DA:114,1
DA:115,1
DA:116,1
DA:117,1
DA:118,1
DA:119,1
DA:120,1
DA:121,1
DA:122,1
DA:123,1
DA:124,1
DA:125,1
DA:126,1
DA:127,1
DA:128,1
DA:129,1
DA:130,1
DA:131,1
DA:132,1
DA:133,1
DA:134,1
DA:140,1
DA:141,1
DA:142,1
DA:143,1
DA:145,1
DA:146,1
DA:147,1
DA:148,1
DA:151,1
DA:152,1
DA:154,1
DA:155,1
DA:156,1
DA:157,1
DA:159,1
DA:160,1
DA:161,1
DA:162,1
DA:165,1
DA:166,1
DA:168,1
DA:169,1
DA:170,1
DA:171,1
DA:173,1
DA:174,1
DA:175,1
DA:176,1
DA:178,1
DA:179,1
DA:180,1
DA:181,1
DA:184,1
DA:185,1
DA:188,1
DA:189,1
DA:191,1
DA:192,1
DA:193,1
DA:194,1
DA:196,1
DA:197,1
DA:198,1
DA:199,1
DA:201,1
DA:202,1
DA:203,1
DA:204,1
DA:206,1
DA:213,1
DA:214,1
DA:216,1
DA:217,1
DA:218,1
DA:219,1
DA:222,1
DA:223,1
DA:226,1
DA:227,1
DA:232,1
DA:233,1
DA:234,1
DA:235,1
DA:236,1
DA:237,1
DA:238,1
DA:239,1
DA:240,1
DA:241,1
DA:242,1
DA:243,1
DA:246,1
DA:247,1
DA:248,1
DA:249,1
DA:250,1
DA:251,1
DA:252,1
DA:253,1
DA:254,1
DA:255,1
DA:256,1
DA:257,1
DA:259,1
DA:260,1
DA:261,1
DA:262,1
DA:264,1
DA:265,1
DA:266,1
DA:267,1
DA:271,1
DA:272,1
DA:273,1
DA:274,1
DA:275,1
DA:276,1
DA:277,1
DA:278,1
DA:279,1
DA:281,1
DA:282,1
DA:283,1
DA:284,1
DA:288,1
DA:289,1
DA:290,1
DA:291,1
DA:292,1
DA:293,1
DA:294,1
DA:298,1
DA:299,1
DA:300,1
DA:301,1
DA:302,1
DA:303,1
DA:304,1
DA:305,1
DA:306,1
DA:307,1
DA:310,1
DA:313,1
DA:314,1
DA:315,1
DA:316,1
DA:317,1
DA:319,1
DA:326,1
DA:327,1
DA:329,1
DA:330,1
DA:331,1
DA:332,1
DA:335,1
DA:336,1
DA:341,1
DA:342,1
DA:343,1
DA:344,1
DA:345,1
DA:346,1
DA:347,1
DA:348,1
DA:349,1
DA:350,1
DA:351,1
DA:352,1
DA:355,1
DA:356,1
DA:357,1
DA:358,1
DA:359,1
DA:360,1
DA:361,1
DA:362,1
DA:363,1
DA:364,1
DA:365,1
DA:366,1
DA:368,1
DA:369,1
DA:370,1
DA:371,1
DA:375,1
DA:376,1
DA:377,1
DA:378,1
DA:379,1
DA:380,1
DA:381,1
DA:382,1
DA:383,1
DA:385,1
DA:386,1
DA:387,1
DA:388,1
DA:392,1
DA:393,1
DA:394,1
DA:395,1
DA:396,1
DA:397,1
DA:398,1
DA:402,1
DA:403,1
DA:404,1
DA:405,1
DA:406,1
DA:407,1
DA:408,1
DA:409,1
DA:410,1
DA:411,1
DA:414,1
DA:417,1
DA:418,1
DA:419,1
DA:420,1
DA:421,1
DA:423,1
DA:430,1
DA:431,1
DA:433,1
DA:434,1
DA:435,1
DA:436,1
DA:440,1
DA:441,1
DA:444,1
DA:445,1
DA:450,1
DA:451,1
DA:452,1
DA:453,1
DA:454,1
DA:455,1
DA:456,1
DA:457,1
DA:458,1
DA:459,1
DA:460,1
DA:461,1
DA:464,1
DA:465,1
DA:466,1
DA:467,1
DA:468,1
DA:469,1
DA:470,1
DA:471,1
DA:472,1
DA:473,1
DA:474,1
DA:476,1
DA:477,1
DA:478,1
DA:479,1
DA:481,1
DA:482,1
DA:483,1
DA:484,1
DA:488,1
DA:489,1
DA:490,1
DA:491,1
DA:492,1
DA:493,1
DA:494,1
DA:495,1
DA:496,1
DA:498,1
DA:499,1
DA:500,1
DA:501,1
DA:503,1
DA:504,1
DA:505,1
DA:506,1
DA:508,1
DA:509,1
DA:510,1
DA:511,1
DA:512,1
DA:513,1
DA:514,1
DA:517,1
DA:518,1
DA:519,1
DA:520,1
DA:521,1
DA:522,1
DA:523,1
DA:527,1
DA:528,1
DA:529,1
DA:530,1
DA:531,1
DA:532,1
DA:533,1
DA:534,1
DA:535,1
DA:536,1
DA:539,1
DA:542,1
DA:543,1
DA:544,1
DA:545,1
DA:546,1
DA:548,1
DA:555,1
DA:556,1
DA:558,1
DA:559,1
DA:560,1
DA:561,1
DA:564,1
DA:565,1
DA:570,1
DA:571,1
DA:572,1
DA:573,1
DA:574,1
DA:575,1
DA:576,1
DA:577,1
DA:578,1
DA:579,1
DA:580,1
DA:581,1
DA:584,1
DA:585,1
DA:586,1
DA:587,1
DA:588,1
DA:589,1
DA:590,1
DA:591,1
DA:592,1
DA:593,1
DA:594,1
DA:595,1
DA:597,1
DA:598,1
DA:599,1
DA:600,1
DA:604,1
DA:605,1
DA:606,1
DA:607,1
DA:608,1
DA:609,1
DA:610,1
DA:611,1
DA:612,1
DA:613,1
DA:614,1
DA:615,1
DA:617,1
DA:618,1
DA:619,1
DA:620,1
DA:622,1
DA:623,1
DA:624,1
DA:625,1
DA:627,1
DA:628,1
DA:629,1
DA:630,1
DA:634,1
DA:637,1
DA:638,1
DA:639,1
DA:640,1
DA:641,1
DA:643,1
DA:644,1
DA:645,1
DA:646,1
DA:648,1
DA:649,1
DA:650,1
DA:651,1
DA:653,1
DA:654,1
DA:655,1
DA:656,1
DA:658,1
DA:659,1
DA:660,1
DA:661,1
DA:662,1
DA:663,1
DA:664,1
DA:665,1
DA:668,1
DA:669,1
DA:670,1
DA:671,1
DA:672,1
DA:675,1
DA:678,1
DA:679,1
DA:680,1
DA:681,1
DA:682,1
DA:683,1
DA:684,1
DA:687,1
DA:688,1
DA:689,1
DA:690,1
DA:691,1
DA:692,1
DA:693,1
DA:694,1
DA:695,1
DA:696,1
DA:699,1
DA:702,1
DA:703,1
DA:704,1
DA:705,1
DA:706,1
DA:708,1
DA:715,1
DA:716,1
DA:718,1
DA:719,1
DA:720,1
DA:721,1
DA:724,1
DA:725,1
DA:728,1
DA:729,1
DA:734,1
DA:735,1
DA:736,1
DA:737,1
DA:738,1
DA:739,1
DA:740,1
DA:741,1
DA:742,1
DA:743,1
DA:744,1
DA:745,1
DA:748,1
DA:749,1
DA:750,1
DA:751,1
DA:752,1
DA:753,1
DA:754,1
DA:755,1
DA:756,1
DA:757,1
DA:758,1
DA:759,1
DA:761,1
DA:762,1
DA:763,1
DA:764,1
DA:766,1
DA:767,1
DA:768,1
DA:769,1
DA:773,1
DA:774,1
DA:775,1
DA:776,1
DA:777,1
DA:778,1
DA:779,1
DA:780,1
DA:782,1
DA:783,1
DA:784,1
DA:785,1
DA:787,1
DA:788,1
DA:789,1
DA:790,1
DA:794,1
DA:795,1
DA:796,1
DA:797,1
DA:798,1
DA:799,1
DA:800,1
DA:801,1
DA:805,1
DA:807,1
DA:814,1
DA:815,1
DA:817,1
DA:818,1
DA:819,1
DA:820,1
DA:823,1
DA:824,1
DA:827,1
DA:828,1
DA:833,1
DA:834,1
DA:835,1
DA:836,1
DA:837,1
DA:838,1
DA:839,1
DA:840,1
DA:841,1
DA:842,1
DA:843,1
DA:844,1
DA:847,1
DA:848,1
DA:849,1
DA:850,1
DA:851,1
DA:852,1
DA:853,1
DA:854,1
DA:855,1
DA:856,1
DA:857,1
DA:858,1
DA:859,1
DA:861,1
DA:862,1
DA:863,1
DA:864,1
DA:866,1
DA:867,1
DA:868,1
DA:869,1
DA:873,1
DA:874,1
DA:875,1
DA:876,1
DA:877,1
DA:878,1
DA:879,1
DA:880,1
DA:881,1
DA:883,1
DA:884,1
DA:885,1
DA:886,1
DA:888,1
DA:889,1
DA:890,1
DA:891,1
DA:895,1
DA:896,1
DA:897,1
DA:898,1
DA:899,1
DA:903,1
DA:905,1
DA:914,1
DA:915,1
DA:917,1
DA:918,1
DA:919,1
DA:920,1
DA:923,1
DA:924,1
DA:927,1
DA:928,1
DA:933,1
DA:934,1
DA:935,1
DA:936,1
DA:937,1
DA:938,1
DA:939,1
DA:940,1
DA:941,1
DA:942,1
DA:943,1
DA:944,1
DA:947,1
DA:948,1
DA:949,1
DA:950,1
DA:951,1
DA:952,1
DA:953,1
DA:954,1
DA:955,1
DA:956,1
DA:957,1
DA:958,1
DA:960,1
DA:961,1
DA:962,1
DA:963,1
DA:964,1
DA:965,1
DA:966,1
DA:967,1
DA:968,1
DA:969,1
DA:970,1
DA:972,1
DA:973,1
DA:974,1
DA:975,1
DA:977,1
DA:978,1
DA:979,1
DA:980,1
DA:984,1
DA:985,1
DA:986,1
DA:988,1
DA:989,1
DA:990,1
DA:991,1
DA:992,1
DA:993,1
DA:994,1
DA:995,1
DA:997,1
DA:998,1
DA:999,1
DA:1000,1
DA:1002,1
DA:1003,1
DA:1004,1
DA:1005,1
DA:1009,1
DA:1010,1
DA:1011,1
DA:1012,1
DA:1013,1
DA:1014,1
DA:1015,1
DA:1017,1
DA:1018,1
DA:1019,1
DA:1020,1
DA:1022,1
DA:1023,1
DA:1024,1
DA:1025,1
DA:1029,1
DA:1030,1
DA:1031,1
DA:1032,1
DA:1033,1
DA:1034,1
DA:1035,1
DA:1036,1
DA:1037,1
DA:1038,1
DA:1040,1
DA:1041,1
DA:1042,1
DA:1043,1
DA:1047,1
DA:1048,1
DA:1049,1
DA:1050,1
DA:1051,1
DA:1052,1
DA:1053,1
DA:1054,1
DA:1055,1
DA:1056,1
DA:1069,1
DA:1072,1
DA:1073,1
DA:1074,1
DA:1075,1
DA:1076,1
DA:1079,1
DA:1081,1
DA:1082,1
DA:1083,1
DA:1086,12
DA:1087,12
DA:1090,12
DA:1091,12
DA:1094,12
DA:1095,12
DA:1096,12
DA:1097,12
DA:1098,12
DA:1101,12
DA:1102,12
DA:1103,12
DA:1104,12
DA:1107,12
DA:1108,12
DA:1109,12
DA:1112,12
DA:1113,12
DA:1114,12
DA:1115,12
DA:1119,5
DA:1120,5
DA:1123,5
DA:1124,5
DA:1125,5
DA:1128,5
DA:1129,5
DA:1130,5
DA:1133,5
DA:1134,5
DA:1135,5
DA:1136,5
DA:1139,5
DA:1140,5
DA:1141,5
DA:1144,5
DA:1145,5
DA:1146,5
DA:1151,26
DA:1152,26
DA:1153,26
DA:1154,1716
end_of_record
SF:utb_ProcBaseCtrl.v
DA:16,0
DA:19,68
DA:23,391
DA:24,0
DA:25,1
DA:26,353
DA:27,180
DA:31,8
DA:32,3
DA:33,3
DA:34,4
DA:35,2
DA:39,1
DA:40,4
DA:41,1
DA:42,1
DA:46,353
DA:47,56
DA:49,352
DA:50,7
DA:51,2
DA:52,0
DA:53,2
DA:55,12
DA:56,5
DA:57,2
DA:59,6
DA:60,2
DA:62,2
DA:63,2
DA:64,382
DA:65,0
DA:67,6
DA:68,2
DA:72,1
DA:73,2
DA:74,2
DA:75,2
DA:77,2
DA:78,1
DA:81,509
DA:174,1
DA:180,1
DA:181,1
DA:182,1
DA:183,1
DA:184,1
DA:186,1
DA:187,1
DA:190,1
DA:191,1
DA:192,1
DA:193,1
DA:194,1
DA:196,1
DA:197,1
DA:198,1
DA:199,1
DA:202,1
DA:204,1
DA:206,1
DA:207,1
DA:208,1
DA:209,1
DA:210,1
DA:212,1
DA:215,1
DA:216,1
DA:217,1
DA:218,1
DA:219,1
DA:221,1
DA:222,1
DA:223,1
DA:224,1
DA:226,1
DA:227,1
DA:228,1
DA:229,1
DA:231,1
DA:232,1
DA:233,1
DA:234,1
DA:236,1
DA:237,1
DA:238,1
DA:239,1
DA:241,1
DA:242,1
DA:243,1
DA:244,1
DA:246,1
DA:247,1
DA:248,1
DA:249,1
DA:251,1
DA:252,1
DA:253,1
DA:254,1
DA:256,1
DA:257,1
DA:258,1
DA:259,1
DA:261,1
DA:262,1
DA:263,1
DA:264,1
DA:266,1
DA:267,1
DA:268,1
DA:269,1
DA:271,1
DA:272,1
DA:273,1
DA:274,1
DA:276,1
DA:277,1
DA:278,1
DA:279,1
DA:281,1
DA:282,1
DA:283,1
DA:284,1
DA:286,1
DA:287,1
DA:288,1
DA:289,1
DA:293,1
DA:294,1
DA:295,1
DA:296,1
DA:297,1
DA:299,1
DA:300,1
DA:301,1
DA:302,1
DA:304,1
DA:305,1
DA:306,1
DA:307,1
DA:309,1
DA:310,1
DA:311,1
DA:312,1
DA:314,1
DA:315,1
DA:316,1
DA:317,1
DA:319,1
DA:320,1
DA:321,1
DA:322,1
DA:326,1
DA:327,1
DA:328,1
DA:329,1
DA:330,1
DA:332,1
DA:333,1
DA:334,1
DA:335,1
DA:337,1
DA:338,1
DA:339,1
DA:340,1
DA:344,1
DA:345,1
DA:346,1
DA:347,1
DA:348,1
DA:350,1
DA:351,1
DA:352,1
DA:353,1
DA:355,1
DA:356,1
DA:357,1
DA:358,1
DA:361,1
DA:369,1
DA:370,1
DA:371,1
DA:372,1
DA:373,1
DA:375,1
DA:376,1
DA:379,1
DA:380,1
DA:381,1
DA:382,1
DA:383,1
DA:385,1
DA:386,1
DA:387,1
DA:388,1
DA:392,1
DA:393,1
DA:394,1
DA:395,1
DA:396,1
DA:397,1
DA:398,1
DA:400,1
DA:401,1
DA:402,1
DA:403,1
DA:405,1
DA:406,1
DA:407,1
DA:408,1
DA:410,1
DA:411,1
DA:412,1
DA:413,1
DA:415,1
DA:416,1
DA:417,1
DA:418,1
DA:420,1
DA:421,1
DA:422,1
DA:423,1
DA:425,1
DA:426,1
DA:427,1
DA:428,1
DA:430,1
DA:431,1
DA:432,1
DA:433,1
DA:435,1
DA:436,1
DA:437,1
DA:438,1
DA:440,1
DA:441,1
DA:442,1
DA:443,1
DA:445,1
DA:446,1
DA:447,1
DA:448,1
DA:450,1
DA:451,1
DA:452,1
DA:453,1
DA:455,1
DA:456,1
DA:457,1
DA:458,1
DA:460,1
DA:461,1
DA:462,1
DA:463,1
DA:465,1
DA:466,1
DA:467,1
DA:468,1
DA:470,1
DA:471,1
DA:472,1
DA:473,1
DA:475,1
DA:476,1
DA:477,1
DA:478,1
DA:480,1
DA:481,1
DA:482,1
DA:483,1
DA:485,1
DA:486,1
DA:487,1
DA:488,1
DA:490,1
DA:491,1
DA:492,1
DA:493,1
DA:495,1
DA:496,1
DA:497,1
DA:498,1
DA:500,1
DA:501,1
DA:502,1
DA:503,1
DA:507,1
DA:508,1
DA:509,1
DA:510,1
DA:511,1
DA:512,1
DA:513,1
DA:515,1
DA:516,1
DA:517,1
DA:518,1
DA:520,1
DA:521,1
DA:522,1
DA:523,1
DA:525,1
DA:526,1
DA:527,1
DA:528,1
DA:530,1
DA:531,1
DA:532,1
DA:533,1
DA:535,1
DA:536,1
DA:537,1
DA:538,1
DA:540,1
DA:541,1
DA:542,1
DA:543,1
DA:545,1
DA:546,1
DA:547,1
DA:548,1
DA:550,1
DA:551,1
DA:552,1
DA:553,1
DA:555,1
DA:556,1
DA:557,1
DA:558,1
DA:560,1
DA:561,1
DA:562,1
DA:563,1
DA:565,1
DA:566,1
DA:567,1
DA:568,1
DA:570,1
DA:571,1
DA:572,1
DA:573,1
DA:575,1
DA:576,1
DA:577,1
DA:578,1
DA:580,1
DA:581,1
DA:582,1
DA:583,1
DA:585,1
DA:586,1
DA:587,1
DA:588,1
DA:590,1
DA:591,1
DA:592,1
DA:593,1
DA:595,1
DA:596,1
DA:597,1
DA:598,1
DA:600,1
DA:601,1
DA:602,1
DA:603,1
DA:605,1
DA:606,1
DA:607,1
DA:608,1
DA:610,1
DA:611,1
DA:612,1
DA:613,1
DA:615,1
DA:616,1
DA:617,1
DA:618,1
DA:620,1
DA:621,1
DA:622,1
DA:623,1
DA:625,1
DA:626,1
DA:627,1
DA:628,1
DA:630,1
DA:631,1
DA:632,1
DA:633,1
DA:635,1
DA:636,1
DA:637,1
DA:638,1
DA:640,1
DA:641,1
DA:642,1
DA:643,1
DA:645,1
DA:646,1
DA:647,1
DA:648,1
DA:650,1
DA:651,1
DA:652,1
DA:653,1
DA:655,1
DA:656,1
DA:657,1
DA:658,1
DA:662,1
DA:663,1
DA:664,1
DA:665,1
DA:666,1
DA:668,1
DA:669,1
DA:670,1
DA:671,1
DA:673,1
DA:674,1
DA:675,1
DA:676,1
DA:678,1
DA:679,1
DA:680,1
DA:681,1
DA:683,1
DA:684,1
DA:685,1
DA:686,1
DA:688,1
DA:689,1
DA:690,1
DA:691,1
DA:693,1
DA:694,1
DA:695,1
DA:696,1
DA:698,1
DA:699,1
DA:700,1
DA:701,1
DA:703,1
DA:704,1
DA:705,1
DA:706,1
DA:708,1
DA:709,1
DA:710,1
DA:711,1
DA:713,1
DA:714,1
DA:715,1
DA:716,1
DA:718,1
DA:719,1
DA:720,1
DA:721,1
DA:723,1
DA:724,1
DA:725,1
DA:726,1
DA:730,1
DA:731,1
DA:732,1
DA:733,1
DA:734,1
DA:736,1
DA:737,1
DA:738,1
DA:739,1
DA:741,1
DA:742,1
DA:743,1
DA:744,1
DA:746,1
DA:747,1
DA:748,1
DA:749,1
DA:751,1
DA:752,1
DA:753,1
DA:754,1
DA:756,1
DA:757,1
DA:758,1
DA:759,1
DA:761,1
DA:762,1
DA:763,1
DA:764,1
DA:766,1
DA:767,1
DA:768,1
DA:769,1
DA:771,1
DA:772,1
DA:773,1
DA:774,1
DA:776,1
DA:777,1
DA:778,1
DA:779,1
DA:781,1
DA:782,1
DA:783,1
DA:784,1
DA:786,1
DA:787,1
DA:788,1
DA:789,1
DA:791,1
DA:792,1
DA:793,1
DA:794,1
DA:796,1
DA:797,1
DA:798,1
DA:799,1
DA:801,1
DA:802,1
DA:803,1
DA:804,1
DA:806,1
DA:807,1
DA:808,1
DA:809,1
DA:811,1
DA:812,1
DA:813,1
DA:814,1
DA:818,1
DA:819,1
DA:820,1
DA:821,1
DA:822,1
DA:824,1
DA:825,1
DA:826,1
DA:827,1
DA:829,1
DA:830,1
DA:831,1
DA:832,1
DA:834,1
DA:835,1
DA:836,1
DA:837,1
DA:839,1
DA:840,1
DA:841,1
DA:842,1
DA:844,1
DA:845,1
DA:846,1
DA:847,1
DA:849,1
DA:850,1
DA:851,1
DA:852,1
DA:854,1
DA:855,1
DA:856,1
DA:857,1
DA:859,1
DA:860,1
DA:861,1
DA:862,1
DA:864,1
DA:865,1
DA:866,1
DA:867,1
DA:869,1
DA:870,1
DA:871,1
DA:872,1
DA:874,1
DA:875,1
DA:876,1
DA:877,1
DA:881,1
DA:882,1
DA:883,1
DA:884,1
DA:885,1
DA:887,1
DA:888,1
DA:889,1
DA:890,1
DA:892,1
DA:893,1
DA:894,1
DA:895,1
DA:897,1
DA:898,1
DA:899,1
DA:900,1
DA:902,1
DA:903,1
DA:904,1
DA:905,1
DA:907,1
DA:908,1
DA:909,1
DA:910,1
DA:912,1
DA:913,1
DA:914,1
DA:915,1
DA:919,1
DA:920,1
DA:921,1
DA:922,1
DA:923,1
DA:925,1
DA:926,1
DA:927,1
DA:928,1
DA:930,1
DA:931,1
DA:932,1
DA:933,1
DA:937,1
DA:938,1
DA:939,1
DA:940,1
DA:941,1
DA:943,1
DA:944,1
DA:945,1
DA:946,1
DA:948,1
DA:949,1
DA:950,1
DA:951,1
DA:953,1
DA:954,1
DA:955,1
DA:956,1
DA:959,1
DA:965,1
DA:966,1
DA:967,1
DA:968,1
DA:969,1
DA:971,1
DA:972,1
DA:975,1
DA:976,1
DA:977,1
DA:978,1
DA:979,1
DA:981,1
DA:982,1
DA:983,1
DA:984,1
DA:988,1
DA:989,1
DA:990,1
DA:991,1
DA:992,1
DA:993,1
DA:994,1
DA:996,1
DA:997,1
DA:998,1
DA:999,1
DA:1001,1
DA:1002,1
DA:1003,1
DA:1004,1
DA:1006,1
DA:1007,1
DA:1008,1
DA:1009,1
DA:1011,1
DA:1012,1
DA:1013,1
DA:1014,1
DA:1016,1
DA:1017,1
DA:1018,1
DA:1019,1
DA:1021,1
DA:1022,1
DA:1023,1
DA:1024,1
DA:1026,1
DA:1027,1
DA:1028,1
DA:1029,1
DA:1031,1
DA:1032,1
DA:1033,1
DA:1034,1
DA:1036,1
DA:1037,1
DA:1038,1
DA:1039,1
DA:1041,1
DA:1042,1
DA:1043,1
DA:1044,1
DA:1046,1
DA:1047,1
DA:1048,1
DA:1049,1
DA:1051,1
DA:1052,1
DA:1053,1
DA:1054,1
DA:1056,1
DA:1057,1
DA:1058,1
DA:1059,1
DA:1061,1
DA:1062,1
DA:1063,1
DA:1064,1
DA:1066,1
DA:1067,1
DA:1068,1
DA:1069,1
DA:1071,1
DA:1072,1
DA:1073,1
DA:1074,1
DA:1077,1
DA:1083,1
DA:1084,1
DA:1085,1
DA:1086,1
DA:1087,1
DA:1089,1
DA:1090,1
DA:1093,1
DA:1094,1
DA:1095,1
DA:1096,1
DA:1097,1
DA:1099,1
DA:1100,1
DA:1101,1
DA:1102,1
DA:1106,1
DA:1107,1
DA:1108,1
DA:1109,1
DA:1110,1
DA:1111,1
DA:1112,1
DA:1114,1
DA:1115,1
DA:1116,1
DA:1117,1
DA:1119,1
DA:1120,1
DA:1121,1
DA:1122,1
DA:1124,1
DA:1125,1
DA:1126,1
DA:1127,1
DA:1129,1
DA:1130,1
DA:1131,1
DA:1132,1
DA:1134,1
DA:1135,1
DA:1136,1
DA:1137,1
DA:1139,1
DA:1140,1
DA:1141,1
DA:1142,1
DA:1144,1
DA:1145,1
DA:1146,1
DA:1147,1
DA:1149,1
DA:1150,1
DA:1151,1
DA:1152,1
DA:1154,1
DA:1155,1
DA:1156,1
DA:1157,1
DA:1159,1
DA:1160,1
DA:1161,1
DA:1162,1
DA:1164,1
DA:1165,1
DA:1166,1
DA:1167,1
DA:1169,1
DA:1170,1
DA:1171,1
DA:1172,1
DA:1174,1
DA:1175,1
DA:1176,1
DA:1177,1
DA:1179,1
DA:1180,1
DA:1181,1
DA:1182,1
DA:1184,1
DA:1185,1
DA:1186,1
DA:1187,1
DA:1189,1
DA:1190,1
DA:1191,1
DA:1192,1
DA:1195,1
DA:1201,1
DA:1202,1
DA:1203,1
DA:1204,1
DA:1205,1
DA:1207,1
DA:1208,1
DA:1211,1
DA:1212,1
DA:1213,1
DA:1214,1
DA:1215,1
DA:1217,1
DA:1218,1
DA:1219,1
DA:1220,1
DA:1224,1
DA:1225,1
DA:1226,1
DA:1227,1
DA:1228,1
DA:1229,1
DA:1230,1
DA:1232,1
DA:1233,1
DA:1234,1
DA:1235,1
DA:1237,1
DA:1238,1
DA:1239,1
DA:1240,1
DA:1242,1
DA:1243,1
DA:1244,1
DA:1245,1
DA:1247,1
DA:1248,1
DA:1249,1
DA:1250,1
DA:1252,1
DA:1253,1
DA:1254,1
DA:1255,1
DA:1257,1
DA:1258,1
DA:1259,1
DA:1260,1
DA:1262,1
DA:1263,1
DA:1264,1
DA:1265,1
DA:1267,1
DA:1268,1
DA:1269,1
DA:1270,1
DA:1272,1
DA:1273,1
DA:1274,1
DA:1275,1
DA:1277,1
DA:1278,1
DA:1279,1
DA:1280,1
DA:1282,1
DA:1283,1
DA:1284,1
DA:1285,1
DA:1287,1
DA:1288,1
DA:1289,1
DA:1290,1
DA:1292,1
DA:1293,1
DA:1294,1
DA:1295,1
DA:1297,1
DA:1298,1
DA:1299,1
DA:1300,1
DA:1302,1
DA:1303,1
DA:1304,1
DA:1305,1
DA:1307,1
DA:1308,1
DA:1309,1
DA:1310,1
DA:1313,1
DA:1319,1
DA:1320,1
DA:1321,1
DA:1322,1
DA:1323,1
DA:1325,1
DA:1326,1
DA:1329,1
DA:1330,1
DA:1331,1
DA:1332,1
DA:1333,1
DA:1335,1
DA:1336,1
DA:1337,1
DA:1338,1
DA:1342,1
DA:1343,1
DA:1344,1
DA:1345,1
DA:1346,1
DA:1347,1
DA:1348,1
DA:1350,1
DA:1351,1
DA:1352,1
DA:1353,1
DA:1355,1
DA:1356,1
DA:1357,1
DA:1358,1
DA:1360,1
DA:1361,1
DA:1362,1
DA:1363,1
DA:1365,1
DA:1366,1
DA:1367,1
DA:1368,1
DA:1370,1
DA:1371,1
DA:1372,1
DA:1373,1
DA:1375,1
DA:1376,1
DA:1377,1
DA:1378,1
DA:1380,1
DA:1381,1
DA:1382,1
DA:1383,1
DA:1385,1
DA:1386,1
DA:1387,1
DA:1388,1
DA:1390,1
DA:1391,1
DA:1392,1
DA:1393,1
DA:1395,1
DA:1396,1
DA:1397,1
DA:1398,1
DA:1400,1
DA:1401,1
DA:1402,1
DA:1403,1
DA:1405,1
DA:1406,1
DA:1407,1
DA:1408,1
DA:1410,1
DA:1411,1
DA:1412,1
DA:1413,1
DA:1415,1
DA:1416,1
DA:1417,1
DA:1418,1
DA:1420,1
DA:1421,1
DA:1422,1
DA:1423,1
DA:1425,1
DA:1426,1
DA:1427,1
DA:1428,1
DA:1431,1
DA:1437,1
DA:1438,1
DA:1439,1
DA:1440,1
DA:1441,1
DA:1443,1
DA:1444,1
DA:1447,1
DA:1448,1
DA:1449,1
DA:1450,1
[...]
DA:3884,1
DA:3885,1
DA:3886,1
DA:3887,1
DA:3889,1
DA:3890,1
DA:3891,1
DA:3892,1
DA:3894,1
DA:3895,1
DA:3896,1
DA:3897,1
DA:3899,1
DA:3900,1
DA:3901,1
DA:3902,1
DA:3904,1
DA:3905,1
DA:3906,1
DA:3907,1
DA:3909,1
DA:3910,1
DA:3911,1
DA:3912,1
DA:3914,1
DA:3915,1
DA:3916,1
DA:3917,1
DA:3919,1
DA:3920,1
DA:3921,1
DA:3922,1
DA:3924,1
DA:3925,1
DA:3926,1
DA:3927,1
DA:3929,1
DA:3930,1
DA:3931,1
DA:3932,1
DA:3936,1
DA:3937,1
DA:3938,1
DA:3939,1
DA:3940,1
DA:3942,1
DA:3943,1
DA:3944,1
DA:3945,1
DA:3947,1
DA:3948,1
DA:3949,1
DA:3950,1
DA:3952,1
DA:3953,1
DA:3954,1
DA:3955,1
DA:3957,1
DA:3958,1
DA:3959,1
DA:3960,1
DA:3962,1
DA:3963,1
DA:3964,1
DA:3965,1
DA:3967,1
DA:3968,1
DA:3969,1
DA:3970,1
DA:3972,1
DA:3973,1
DA:3974,1
DA:3975,1
DA:3977,1
DA:3978,1
DA:3979,1
DA:3980,1
DA:3983,1
DA:3989,1
DA:3990,1
DA:3991,1
DA:3992,1
DA:3993,1
DA:3994,1
DA:3996,1
DA:3997,1
DA:4000,1
DA:4001,1
DA:4002,1
DA:4003,1
DA:4004,1
DA:4006,1
DA:4007,1
DA:4008,1
DA:4009,1
DA:4013,1
DA:4014,1
DA:4015,1
DA:4016,1
DA:4017,1
DA:4018,1
DA:4019,1
DA:4021,1
DA:4022,1
DA:4023,1
DA:4024,1
DA:4026,1
DA:4027,1
DA:4028,1
DA:4029,1
DA:4031,1
DA:4032,1
DA:4033,1
DA:4034,1
DA:4036,1
DA:4037,1
DA:4038,1
DA:4039,1
DA:4041,1
DA:4042,1
DA:4043,1
DA:4044,1
DA:4046,1
DA:4047,1
DA:4048,1
DA:4049,1
DA:4051,1
DA:4052,1
DA:4053,1
DA:4054,1
DA:4056,1
DA:4057,1
DA:4058,1
DA:4059,1
DA:4061,1
DA:4062,1
DA:4063,1
DA:4064,1
DA:4066,1
DA:4067,1
DA:4068,1
DA:4069,1
DA:4071,1
DA:4072,1
DA:4073,1
DA:4074,1
DA:4076,1
DA:4077,1
DA:4078,1
DA:4079,1
DA:4081,1
DA:4082,1
DA:4083,1
DA:4084,1
DA:4086,1
DA:4087,1
DA:4088,1
DA:4089,1
DA:4091,1
DA:4092,1
DA:4093,1
DA:4094,1
DA:4098,1
DA:4099,1
DA:4100,1
DA:4101,1
DA:4102,1
DA:4104,1
DA:4105,1
DA:4106,1
DA:4107,1
DA:4109,1
DA:4110,1
DA:4111,1
DA:4112,1
DA:4114,1
DA:4115,1
DA:4116,1
DA:4117,1
DA:4119,1
DA:4120,1
DA:4121,1
DA:4122,1
DA:4124,1
DA:4125,1
DA:4126,1
DA:4127,1
DA:4129,1
DA:4130,1
DA:4131,1
DA:4132,1
DA:4134,1
DA:4135,1
DA:4136,1
DA:4137,1
DA:4139,1
DA:4140,1
DA:4141,1
DA:4142,1
DA:4145,1
DA:4151,1
DA:4152,1
DA:4153,1
DA:4154,1
DA:4155,1
DA:4156,1
DA:4157,1
DA:4159,1
DA:4160,1
DA:4163,1
DA:4164,1
DA:4165,1
DA:4166,1
DA:4167,1
DA:4169,1
DA:4170,1
DA:4171,1
DA:4172,1
DA:4176,1
DA:4177,1
DA:4178,1
DA:4179,1
DA:4180,1
DA:4181,1
DA:4182,1
DA:4184,1
DA:4185,1
DA:4186,1
DA:4187,1
DA:4189,1
DA:4190,1
DA:4191,1
DA:4192,1
DA:4194,1
DA:4195,1
DA:4196,1
DA:4197,1
DA:4199,1
DA:4200,1
DA:4201,1
DA:4202,1
DA:4204,1
DA:4205,1
DA:4206,1
DA:4207,1
DA:4209,1
DA:4210,1
DA:4211,1
DA:4212,1
DA:4214,1
DA:4215,1
DA:4216,1
DA:4217,1
DA:4219,1
DA:4220,1
DA:4221,1
DA:4222,1
DA:4224,1
DA:4225,1
DA:4226,1
DA:4227,1
DA:4229,1
DA:4230,1
DA:4231,1
DA:4232,1
DA:4234,1
DA:4235,1
DA:4236,1
DA:4237,1
DA:4239,1
DA:4240,1
DA:4241,1
DA:4242,1
DA:4244,1
DA:4245,1
DA:4246,1
DA:4247,1
DA:4249,1
DA:4250,1
DA:4251,1
DA:4252,1
DA:4254,1
DA:4255,1
DA:4256,1
DA:4257,1
DA:4261,1
DA:4262,1
DA:4263,1
DA:4264,1
DA:4265,1
DA:4267,1
DA:4268,1
DA:4269,1
DA:4270,1
DA:4272,1
DA:4273,1
DA:4274,1
DA:4275,1
DA:4277,1
DA:4278,1
DA:4279,1
DA:4280,1
DA:4282,1
DA:4283,1
DA:4284,1
DA:4285,1
DA:4287,1
DA:4288,1
DA:4289,1
DA:4290,1
DA:4292,1
DA:4293,1
DA:4294,1
DA:4295,1
DA:4297,1
DA:4298,1
DA:4299,1
DA:4300,1
DA:4302,1
DA:4303,1
DA:4304,1
DA:4305,1
DA:4308,1
DA:4314,1
DA:4315,1
DA:4316,1
DA:4317,1
DA:4318,1
DA:4319,1
DA:4320,1
DA:4321,1
DA:4323,1
DA:4324,1
DA:4327,1
DA:4328,1
DA:4329,1
DA:4330,1
DA:4331,1
DA:4333,1
DA:4334,1
DA:4335,1
DA:4336,1
DA:4340,1
DA:4341,1
DA:4342,1
DA:4343,1
DA:4344,1
DA:4345,1
DA:4346,1
DA:4348,1
DA:4349,1
DA:4350,1
DA:4351,1
DA:4353,1
DA:4354,1
DA:4355,1
DA:4356,1
DA:4358,1
DA:4359,1
DA:4360,1
DA:4361,1
DA:4363,1
DA:4364,1
DA:4365,1
DA:4366,1
DA:4368,1
DA:4369,1
DA:4370,1
DA:4371,1
DA:4373,1
DA:4374,1
DA:4375,1
DA:4376,1
DA:4378,1
DA:4379,1
DA:4380,1
DA:4381,1
DA:4383,1
DA:4384,1
DA:4385,1
DA:4386,1
DA:4388,1
DA:4389,1
DA:4390,1
DA:4391,1
DA:4393,1
DA:4394,1
DA:4395,1
DA:4396,1
DA:4398,1
DA:4399,1
DA:4400,1
DA:4401,1
DA:4403,1
DA:4404,1
DA:4405,1
DA:4406,1
DA:4408,1
DA:4409,1
DA:4410,1
DA:4411,1
DA:4413,1
DA:4414,1
DA:4415,1
DA:4416,1
DA:4418,1
DA:4419,1
DA:4420,1
DA:4421,1
DA:4425,1
DA:4426,1
DA:4427,1
DA:4428,1
DA:4429,1
DA:4431,1
DA:4432,1
DA:4433,1
DA:4434,1
DA:4436,1
DA:4437,1
DA:4438,1
DA:4439,1
DA:4441,1
DA:4442,1
DA:4443,1
DA:4444,1
DA:4446,1
DA:4447,1
DA:4448,1
DA:4449,1
DA:4451,1
DA:4452,1
DA:4453,1
DA:4454,1
DA:4456,1
DA:4457,1
DA:4458,1
DA:4459,1
DA:4461,1
DA:4462,1
DA:4463,1
DA:4464,1
DA:4466,1
DA:4467,1
DA:4468,1
DA:4469,1
DA:4472,1
DA:4478,1
DA:4479,1
DA:4480,1
DA:4481,1
DA:4482,1
DA:4483,1
DA:4484,1
DA:4485,1
DA:4487,1
DA:4488,1
DA:4491,1
DA:4492,1
DA:4493,1
DA:4494,1
DA:4495,1
DA:4497,1
DA:4498,1
DA:4499,1
DA:4500,1
DA:4504,1
DA:4505,1
DA:4506,1
DA:4507,1
DA:4508,1
DA:4509,1
DA:4510,1
DA:4512,1
DA:4513,1
DA:4514,1
DA:4515,1
DA:4517,1
DA:4518,1
DA:4519,1
DA:4520,1
DA:4522,1
DA:4523,1
DA:4524,1
DA:4525,1
DA:4527,1
DA:4528,1
DA:4529,1
DA:4530,1
DA:4532,1
DA:4533,1
DA:4534,1
DA:4535,1
DA:4537,1
DA:4538,1
DA:4539,1
DA:4540,1
DA:4542,1
DA:4543,1
DA:4544,1
DA:4545,1
DA:4547,1
DA:4548,1
DA:4549,1
DA:4550,1
DA:4552,1
DA:4553,1
DA:4554,1
DA:4555,1
DA:4557,1
DA:4558,1
DA:4559,1
DA:4560,1
DA:4562,1
DA:4563,1
DA:4564,1
DA:4565,1
DA:4567,1
DA:4568,1
DA:4569,1
DA:4570,1
DA:4572,1
DA:4573,1
DA:4574,1
DA:4575,1
DA:4577,1
DA:4578,1
DA:4579,1
DA:4580,1
DA:4582,1
DA:4583,1
DA:4584,1
DA:4585,1
DA:4589,1
DA:4590,1
DA:4591,1
DA:4592,1
DA:4593,1
DA:4595,1
DA:4596,1
DA:4597,1
DA:4598,1
DA:4600,1
DA:4601,1
DA:4602,1
DA:4603,1
DA:4605,1
DA:4606,1
DA:4607,1
DA:4608,1
DA:4610,1
DA:4611,1
DA:4612,1
DA:4613,1
DA:4615,1
DA:4616,1
DA:4617,1
DA:4618,1
DA:4620,1
DA:4621,1
DA:4622,1
DA:4623,1
DA:4625,1
DA:4626,1
DA:4627,1
DA:4628,1
DA:4630,1
DA:4631,1
DA:4632,1
DA:4633,1
DA:4636,1
DA:4642,1
DA:4643,1
DA:4644,1
DA:4645,1
DA:4646,1
DA:4647,1
DA:4648,1
DA:4649,1
DA:4651,1
DA:4652,1
DA:4655,1
DA:4656,1
DA:4657,1
DA:4658,1
DA:4659,1
DA:4661,1
DA:4662,1
DA:4663,1
DA:4664,1
DA:4668,1
DA:4669,1
DA:4670,1
DA:4671,1
DA:4672,1
DA:4673,1
DA:4674,1
DA:4676,1
DA:4677,1
DA:4678,1
DA:4679,1
DA:4681,1
DA:4682,1
DA:4683,1
DA:4684,1
DA:4686,1
DA:4687,1
DA:4688,1
DA:4689,1
DA:4691,1
DA:4692,1
DA:4693,1
DA:4694,1
DA:4696,1
DA:4697,1
DA:4698,1
DA:4699,1
DA:4701,1
DA:4702,1
DA:4703,1
DA:4704,1
DA:4706,1
DA:4707,1
DA:4708,1
DA:4709,1
DA:4711,1
DA:4712,1
DA:4713,1
DA:4714,1
DA:4716,1
DA:4717,1
DA:4718,1
DA:4719,1
DA:4721,1
DA:4722,1
DA:4723,1
DA:4724,1
DA:4726,1
DA:4727,1
DA:4728,1
DA:4729,1
DA:4731,1
DA:4732,1
DA:4733,1
DA:4734,1
DA:4736,1
DA:4737,1
DA:4738,1
DA:4739,1
DA:4741,1
DA:4742,1
DA:4743,1
DA:4744,1
DA:4746,1
DA:4747,1
DA:4748,1
DA:4749,1
DA:4753,1
DA:4754,1
DA:4755,1
DA:4756,1
DA:4757,1
DA:4759,1
DA:4760,1
DA:4761,1
DA:4762,1
DA:4764,1
DA:4765,1
DA:4766,1
DA:4767,1
DA:4769,1
DA:4770,1
DA:4771,1
DA:4772,1
DA:4774,1
DA:4775,1
DA:4776,1
DA:4777,1
DA:4779,1
DA:4780,1
DA:4781,1
DA:4782,1
DA:4784,1
DA:4785,1
DA:4786,1
DA:4787,1
DA:4789,1
DA:4790,1
DA:4791,1
DA:4792,1
DA:4794,1
DA:4795,1
DA:4796,1
DA:4797,1
DA:4800,1
DA:4806,1
DA:4807,1
DA:4808,1
DA:4809,1
DA:4810,1
DA:4811,1
DA:4813,1
DA:4814,1
DA:4817,1
DA:4818,1
DA:4819,1
DA:4820,1
DA:4821,1
DA:4823,1
DA:4824,1
DA:4825,1
DA:4826,1
DA:4830,1
DA:4831,1
DA:4832,1
DA:4833,1
DA:4834,1
DA:4835,1
DA:4836,1
DA:4838,1
DA:4839,1
DA:4840,1
DA:4841,1
DA:4843,1
DA:4844,1
DA:4845,1
DA:4846,1
DA:4848,1
DA:4849,1
DA:4850,1
DA:4851,1
DA:4853,1
DA:4854,1
DA:4855,1
DA:4856,1
DA:4858,1
DA:4859,1
DA:4860,1
DA:4861,1
DA:4863,1
DA:4864,1
DA:4865,1
DA:4866,1
DA:4868,1
DA:4869,1
DA:4870,1
DA:4871,1
DA:4873,1
DA:4874,1
DA:4875,1
DA:4876,1
DA:4878,1
DA:4879,1
DA:4880,1
DA:4881,1
DA:4883,1
DA:4884,1
DA:4885,1
DA:4886,1
DA:4888,1
DA:4889,1
DA:4890,1
DA:4891,1
DA:4893,1
DA:4894,1
DA:4895,1
DA:4896,1
DA:4898,1
DA:4899,1
DA:4900,1
DA:4901,1
DA:4903,1
DA:4904,1
DA:4905,1
DA:4906,1
DA:4908,1
DA:4909,1
DA:4910,1
DA:4911,1
DA:4913,1
DA:4914,1
DA:4915,1
DA:4916,1
DA:4918,1
DA:4919,1
DA:4920,1
DA:4921,1
DA:4925,1
DA:4926,1
DA:4927,1
DA:4928,1
DA:4929,1
DA:4931,1
DA:4932,1
DA:4933,1
DA:4934,1
DA:4936,1
DA:4937,1
DA:4938,1
DA:4939,1
DA:4942,1
DA:4943,1
DA:4944,1
DA:4947,1
DA:4948,1
DA:4949,1
DA:4950,1
DA:4951,1
DA:4953,1
DA:4954,1
DA:4955,1
DA:4956,1
DA:4958,1
DA:4959,1
DA:4960,1
DA:4961,1
DA:4963,1
DA:4964,1
DA:4965,1
DA:4966,1
DA:4969,1
DA:4970,1
DA:4971,1
DA:4974,1
DA:4975,1
DA:4976,1
DA:4977,1
DA:4978,1
DA:4980,1
DA:4981,1
DA:4982,1
DA:4983,1
DA:4985,1
DA:4986,1
DA:4987,1
DA:4988,1
DA:4990,1
DA:4991,1
DA:4992,1
DA:4993,1
DA:4995,1
DA:4996,1
DA:4997,1
DA:4998,1
DA:5000,1
DA:5001,1
DA:5002,1
DA:5003,1
DA:5006,1
DA:5012,1
DA:5013,1
DA:5014,1
DA:5015,1
DA:5016,1
DA:5017,1
DA:5019,1
DA:5020,1
DA:5023,1
DA:5024,1
DA:5025,1
DA:5026,1
DA:5027,1
DA:5029,1
DA:5030,1
DA:5031,1
DA:5032,1
DA:5036,1
DA:5037,1
DA:5038,1
DA:5039,1
DA:5040,1
DA:5041,1
DA:5042,1
DA:5044,1
DA:5045,1
DA:5046,1
DA:5047,1
DA:5049,1
DA:5050,1
DA:5051,1
DA:5052,1
DA:5054,1
DA:5055,1
DA:5056,1
DA:5057,1
DA:5059,1
DA:5060,1
DA:5061,1
DA:5062,1
DA:5064,1
DA:5065,1
DA:5066,1
DA:5067,1
DA:5069,1
DA:5070,1
DA:5071,1
DA:5072,1
DA:5074,1
DA:5075,1
DA:5076,1
DA:5077,1
DA:5079,1
DA:5080,1
DA:5081,1
DA:5082,1
DA:5084,1
DA:5085,1
DA:5086,1
DA:5087,1
DA:5089,1
DA:5090,1
DA:5091,1
DA:5092,1
DA:5094,1
DA:5095,1
DA:5096,1
DA:5097,1
DA:5099,1
DA:5100,1
DA:5101,1
DA:5102,1
DA:5104,1
DA:5105,1
DA:5106,1
DA:5107,1
DA:5109,1
DA:5110,1
DA:5111,1
DA:5112,1
DA:5114,1
DA:5115,1
DA:5116,1
DA:5117,1
DA:5121,1
DA:5122,1
DA:5123,1
DA:5124,1
DA:5125,1
DA:5127,1
DA:5128,1
DA:5129,1
DA:5130,1
DA:5132,1
DA:5133,1
DA:5134,1
DA:5135,1
DA:5138,1
DA:5139,1
DA:5140,1
DA:5143,1
DA:5144,1
DA:5145,1
DA:5146,1
DA:5147,1
DA:5149,1
DA:5150,1
DA:5151,1
DA:5152,1
DA:5154,1
DA:5155,1
DA:5156,1
DA:5157,1
DA:5159,1
DA:5160,1
DA:5161,1
DA:5162,1
DA:5165,1
DA:5166,1
DA:5167,1
DA:5170,1
DA:5171,1
DA:5172,1
DA:5173,1
DA:5174,1
DA:5176,1
DA:5177,1
DA:5178,1
DA:5179,1
DA:5181,1
DA:5182,1
DA:5183,1
DA:5184,1
DA:5186,1
DA:5187,1
DA:5188,1
DA:5189,1
DA:5191,1
DA:5192,1
DA:5193,1
DA:5194,1
DA:5197,1
DA:5203,1
DA:5204,1
DA:5205,1
DA:5206,1
DA:5207,1
DA:5208,1
DA:5210,1
DA:5211,1
DA:5214,1
DA:5215,1
DA:5216,1
DA:5217,1
DA:5218,1
DA:5220,1
DA:5221,1
DA:5222,1
DA:5223,1
DA:5227,1
DA:5228,1
DA:5229,1
DA:5230,1
DA:5231,1
DA:5232,1
DA:5233,1
DA:5235,1
DA:5236,1
DA:5237,1
DA:5238,1
DA:5240,1
DA:5241,1
DA:5242,1
DA:5243,1
DA:5245,1
DA:5246,1
DA:5247,1
DA:5248,1
DA:5250,1
DA:5251,1
DA:5252,1
DA:5253,1
DA:5255,1
DA:5256,1
DA:5257,1
DA:5258,1
DA:5260,1
DA:5261,1
DA:5262,1
DA:5263,1
DA:5265,1
DA:5266,1
DA:5267,1
DA:5268,1
DA:5270,1
DA:5271,1
DA:5272,1
DA:5273,1
DA:5275,1
DA:5276,1
DA:5277,1
DA:5278,1
DA:5280,1
DA:5281,1
DA:5282,1
DA:5283,1
DA:5285,1
DA:5286,1
DA:5287,1
DA:5288,1
DA:5290,1
DA:5291,1
DA:5292,1
DA:5293,1
DA:5295,1
DA:5296,1
DA:5297,1
DA:5298,1
DA:5300,1
DA:5301,1
DA:5302,1
DA:5303,1
DA:5305,1
DA:5306,1
DA:5307,1
DA:5308,1
DA:5310,1
DA:5311,1
DA:5312,1
DA:5313,1
DA:5315,1
DA:5316,1
DA:5317,1
DA:5318,1
DA:5320,1
DA:5321,1
DA:5322,1
DA:5323,1
DA:5325,1
DA:5326,1
DA:5327,1
DA:5328,1
DA:5330,1
DA:5331,1
DA:5332,1
DA:5333,1
DA:5336,1
DA:5337,1
DA:5340,1
DA:5341,1
DA:5342,1
DA:5343,1
DA:5344,1
DA:5346,1
DA:5347,1
DA:5348,1
DA:5349,1
DA:5351,1
DA:5352,1
DA:5353,1
DA:5354,1
DA:5358,1
DA:5361,1
DA:5362,1
DA:5363,1
DA:5364,1
DA:5365,1
DA:5367,1
DA:5368,1
DA:5369,1
DA:5370,1
DA:5373,1
DA:5379,1
DA:5380,1
DA:5381,1
DA:5382,1
DA:5383,1
DA:5384,1
DA:5386,1
DA:5387,1
DA:5390,1
DA:5391,1
DA:5392,1
DA:5393,1
DA:5394,1
DA:5396,1
DA:5397,1
DA:5398,1
DA:5399,1
DA:5403,1
DA:5404,1
DA:5405,1
DA:5406,1
DA:5407,1
DA:5408,1
DA:5409,1
DA:5411,1
DA:5412,1
DA:5413,1
DA:5414,1
DA:5416,1
DA:5417,1
DA:5418,1
DA:5419,1
DA:5421,1
DA:5422,1
DA:5423,1
DA:5424,1
DA:5426,1
DA:5427,1
DA:5428,1
DA:5429,1
DA:5431,1
DA:5432,1
DA:5433,1
DA:5434,1
DA:5436,1
DA:5437,1
DA:5438,1
DA:5439,1
DA:5441,1
DA:5442,1
DA:5443,1
DA:5444,1
DA:5446,1
DA:5447,1
DA:5448,1
DA:5449,1
DA:5451,1
DA:5452,1
DA:5453,1
DA:5454,1
DA:5456,1
DA:5457,1
DA:5458,1
DA:5459,1
DA:5461,1
DA:5462,1
DA:5463,1
DA:5464,1
DA:5466,1
DA:5467,1
DA:5468,1
DA:5469,1
DA:5471,1
DA:5472,1
DA:5473,1
DA:5474,1
DA:5476,1
DA:5477,1
DA:5478,1
DA:5479,1
DA:5481,1
DA:5482,1
DA:5483,1
DA:5484,1
DA:5486,1
DA:5487,1
DA:5488,1
DA:5489,1
DA:5491,1
DA:5492,1
DA:5493,1
DA:5494,1
DA:5496,1
DA:5497,1
DA:5498,1
DA:5499,1
DA:5503,1
DA:5506,1
DA:5509,1
DA:5510,1
DA:5511,1
DA:5512,1
DA:5513,1
DA:5515,1
DA:5516,1
DA:5517,1
DA:5518,1
DA:5520,1
DA:5521,1
DA:5522,1
DA:5523,1
DA:5525,1
DA:5526,1
DA:5527,1
DA:5528,1
DA:5530,1
DA:5531,1
DA:5532,1
DA:5533,1
DA:5535,1
DA:5536,1
DA:5537,1
DA:5538,1
DA:5540,1
DA:5541,1
DA:5542,1
DA:5543,1
DA:5546,1
DA:5547,1
DA:5549,1
DA:5550,1
DA:5551,1
DA:5552,1
DA:5553,1
DA:5555,1
DA:5556,1
DA:5557,1
DA:5558,1
DA:5560,1
DA:5561,1
DA:5562,1
DA:5563,1
DA:5565,1
DA:5566,1
DA:5567,1
DA:5568,1
DA:5570,1
DA:5571,1
DA:5572,1
DA:5573,1
DA:5575,1
DA:5576,1
DA:5577,1
DA:5578,1
DA:5581,1
DA:5583,1
DA:5584,1
DA:5585,1
DA:5589,44
DA:5590,44
DA:5591,44
DA:5592,2980
end_of_record
SF:utb_ProcBaseDpath.v
DA:17,0
DA:20,15
DA:24,4
DA:25,0
DA:26,0
DA:30,12
DA:31,2
DA:32,2
DA:36,2
DA:37,10
DA:41,10
DA:42,2
DA:44,10
DA:45,1
DA:46,7
DA:47,0
DA:48,1
DA:50,6
DA:51,9
DA:52,2
DA:54,2
DA:55,4
DA:57,10
DA:58,2
DA:59,26
DA:60,0
DA:62,2
DA:63,2
DA:67,2
DA:68,21
DA:69,22
DA:70,20
DA:71,34
DA:72,34
DA:76,0
DA:77,0
DA:80,2
DA:100,1
DA:102,1
DA:104,1
DA:105,1
DA:106,1
DA:107,1
DA:108,1
DA:109,1
DA:110,1
DA:111,1
DA:112,1
DA:113,1
DA:114,1
DA:115,1
DA:116,1
DA:117,1
DA:118,1
DA:119,1
DA:120,1
DA:121,1
DA:122,1
DA:123,1
DA:124,1
DA:125,1
DA:126,1
DA:127,1
DA:128,1
DA:129,1
DA:130,1
DA:131,1
DA:132,1
DA:138,1
DA:139,1
DA:140,1
DA:141,1
DA:142,1
DA:144,1
DA:145,1
DA:146,1
DA:147,1
DA:150,1
DA:151,1
DA:153,1
DA:154,1
DA:155,1
DA:156,1
DA:158,1
DA:159,1
DA:160,1
DA:161,1
DA:164,1
DA:165,1
DA:167,1
DA:168,1
DA:169,1
DA:170,1
DA:172,1
DA:173,1
DA:174,1
DA:175,1
DA:177,1
DA:178,1
DA:179,1
DA:180,1
DA:183,1
DA:184,1
DA:187,1
DA:188,1
DA:190,1
DA:191,1
DA:192,1
DA:193,1
DA:195,1
DA:196,1
DA:197,1
DA:198,1
DA:200,1
DA:201,1
DA:202,1
DA:203,1
DA:205,1
DA:212,1
DA:213,1
DA:215,1
DA:216,1
DA:217,1
DA:218,1
DA:221,1
DA:222,1
DA:225,1
DA:226,1
DA:231,1
DA:232,1
DA:233,1
DA:234,1
DA:235,1
DA:236,1
DA:237,1
DA:238,1
DA:239,1
DA:240,1
DA:241,1
DA:242,1
DA:245,1
DA:246,1
DA:247,1
DA:248,1
DA:249,1
DA:250,1
DA:251,1
DA:252,1
DA:253,1
DA:254,1
DA:256,1
DA:257,1
DA:258,1
DA:259,1
DA:261,1
DA:262,1
DA:263,1
DA:264,1
DA:268,1
DA:269,1
DA:270,1
DA:271,1
DA:272,1
DA:273,1
DA:274,1
DA:275,1
DA:276,1
DA:278,1
DA:279,1
DA:280,1
DA:281,1
DA:285,1
DA:286,1
DA:287,1
DA:288,1
DA:289,1
DA:290,1
DA:291,1
DA:295,1
DA:296,1
DA:297,1
DA:298,1
DA:299,1
DA:300,1
DA:301,1
DA:302,1
DA:303,1
DA:304,1
DA:307,1
DA:310,1
DA:311,1
DA:312,1
DA:313,1
DA:314,1
DA:316,1
DA:323,1
DA:324,1
DA:326,1
DA:327,1
DA:328,1
DA:329,1
DA:332,1
DA:333,1
DA:338,1
DA:339,1
DA:340,1
DA:341,1
DA:342,1
DA:343,1
DA:344,1
DA:345,1
DA:346,1
DA:347,1
DA:348,1
DA:349,1
DA:352,1
DA:353,1
DA:354,1
DA:355,1
DA:356,1
DA:357,1
DA:358,1
DA:359,1
DA:360,1
DA:361,1
DA:363,1
DA:364,1
DA:365,1
DA:366,1
DA:370,1
DA:371,1
DA:372,1
DA:373,1
DA:374,1
DA:375,1
DA:376,1
DA:377,1
DA:378,1
DA:380,1
DA:381,1
DA:382,1
DA:383,1
DA:387,1
DA:388,1
DA:389,1
DA:390,1
DA:391,1
DA:392,1
DA:393,1
DA:397,1
DA:398,1
DA:399,1
DA:400,1
DA:401,1
DA:402,1
DA:403,1
DA:404,1
DA:405,1
DA:406,1
DA:409,1
DA:412,1
DA:413,1
DA:414,1
DA:415,1
DA:416,1
DA:418,1
DA:425,1
DA:426,1
DA:428,1
DA:429,1
DA:430,1
DA:431,1
DA:435,1
DA:436,1
DA:439,1
DA:440,1
DA:445,1
DA:446,1
DA:447,1
DA:448,1
DA:449,1
DA:450,1
DA:451,1
DA:452,1
DA:453,1
DA:454,1
DA:455,1
DA:456,1
DA:459,1
DA:460,1
DA:461,1
DA:462,1
DA:463,1
DA:464,1
DA:465,1
DA:466,1
DA:467,1
DA:469,1
DA:470,1
DA:471,1
DA:472,1
DA:474,1
DA:475,1
DA:476,1
DA:477,1
DA:481,1
DA:482,1
DA:483,1
DA:484,1
DA:485,1
DA:486,1
DA:487,1
DA:488,1
DA:489,1
DA:491,1
DA:492,1
DA:493,1
DA:494,1
DA:496,1
DA:497,1
DA:498,1
DA:499,1
DA:501,1
DA:502,1
DA:503,1
DA:504,1
DA:505,1
DA:506,1
DA:507,1
DA:510,1
DA:511,1
DA:512,1
DA:513,1
DA:514,1
DA:515,1
DA:516,1
DA:520,1
DA:521,1
DA:522,1
DA:523,1
DA:524,1
DA:525,1
DA:526,1
DA:527,1
DA:528,1
DA:529,1
DA:532,1
DA:535,1
DA:536,1
DA:537,1
DA:538,1
DA:539,1
DA:541,1
DA:548,1
DA:549,1
DA:551,1
DA:552,1
DA:553,1
DA:554,1
DA:557,1
DA:558,1
DA:563,1
DA:564,1
DA:565,1
DA:566,1
DA:567,1
DA:568,1
DA:569,1
DA:570,1
DA:571,1
DA:572,1
DA:573,1
DA:574,1
DA:577,1
DA:578,1
DA:579,1
DA:580,1
DA:581,1
DA:582,1
DA:583,1
DA:584,1
DA:585,1
DA:586,1
DA:588,1
DA:589,1
DA:590,1
DA:591,1
DA:595,1
DA:596,1
DA:597,1
DA:598,1
DA:599,1
DA:600,1
DA:601,1
DA:602,1
DA:603,1
DA:604,1
DA:605,1
DA:606,1
DA:608,1
DA:609,1
DA:610,1
DA:611,1
DA:613,1
DA:614,1
DA:615,1
DA:616,1
DA:618,1
DA:619,1
DA:620,1
DA:621,1
DA:625,1
DA:628,1
DA:629,1
DA:630,1
DA:631,1
DA:632,1
DA:634,1
DA:635,1
DA:636,1
DA:637,1
DA:639,1
DA:640,1
DA:641,1
DA:642,1
DA:644,1
DA:645,1
DA:646,1
DA:647,1
DA:649,1
DA:650,1
DA:651,1
DA:652,1
DA:653,1
DA:654,1
DA:655,1
DA:656,1
DA:659,1
DA:660,1
DA:661,1
DA:662,1
DA:663,1
DA:666,1
DA:669,1
DA:670,1
DA:671,1
DA:672,1
DA:673,1
DA:674,1
DA:675,1
DA:678,1
DA:679,1
DA:680,1
DA:681,1
DA:682,1
DA:683,1
DA:684,1
DA:685,1
DA:686,1
DA:687,1
DA:690,1
DA:693,1
DA:694,1
DA:695,1
DA:696,1
DA:697,1
DA:699,1
DA:706,1
DA:707,1
DA:709,1
DA:710,1
DA:711,1
DA:712,1
DA:715,1
DA:716,1
DA:719,1
DA:720,1
DA:725,1
DA:726,1
DA:727,1
DA:728,1
DA:729,1
DA:730,1
DA:731,1
DA:732,1
DA:733,1
DA:734,1
DA:735,1
DA:736,1
DA:739,1
DA:740,1
DA:741,1
DA:742,1
DA:743,1
DA:744,1
DA:745,1
DA:746,1
DA:747,1
DA:748,1
DA:750,1
DA:751,1
DA:752,1
DA:753,1
DA:755,1
DA:756,1
DA:757,1
DA:758,1
DA:762,1
DA:763,1
DA:764,1
DA:765,1
DA:766,1
DA:767,1
DA:768,1
DA:769,1
DA:771,1
DA:772,1
DA:773,1
DA:774,1
DA:776,1
DA:777,1
DA:778,1
DA:779,1
DA:783,1
DA:784,1
DA:785,1
DA:786,1
DA:787,1
DA:788,1
DA:789,1
DA:790,1
DA:794,1
DA:796,1
DA:803,1
DA:804,1
DA:806,1
DA:807,1
DA:808,1
DA:809,1
DA:812,1
DA:813,1
DA:816,1
DA:817,1
DA:822,1
DA:823,1
DA:824,1
DA:825,1
DA:826,1
DA:827,1
DA:828,1
DA:829,1
DA:830,1
DA:831,1
DA:832,1
DA:833,1
DA:836,1
DA:837,1
DA:838,1
DA:839,1
DA:840,1
DA:841,1
DA:842,1
DA:843,1
DA:844,1
DA:845,1
DA:846,1
DA:848,1
DA:849,1
DA:850,1
DA:851,1
DA:853,1
DA:854,1
DA:855,1
DA:856,1
DA:860,1
DA:861,1
DA:862,1
DA:863,1
DA:864,1
DA:865,1
DA:866,1
DA:867,1
DA:868,1
DA:870,1
DA:871,1
DA:872,1
DA:873,1
DA:875,1
DA:876,1
DA:877,1
DA:878,1
DA:882,1
DA:883,1
DA:884,1
DA:885,1
DA:886,1
DA:890,1
DA:892,1
DA:901,1
DA:902,1
DA:904,1
DA:905,1
DA:906,1
DA:907,1
DA:910,1
DA:911,1
DA:914,1
DA:915,1
DA:920,1
DA:921,1
DA:922,1
DA:923,1
DA:924,1
DA:925,1
DA:926,1
DA:927,1
DA:928,1
DA:929,1
DA:930,1
DA:931,1
DA:934,1
DA:935,1
DA:936,1
DA:937,1
DA:938,1
DA:939,1
DA:940,1
DA:941,1
DA:942,1
DA:943,1
DA:944,1
DA:945,1
DA:947,1
DA:948,1
DA:949,1
DA:950,1
DA:951,1
DA:952,1
DA:953,1
DA:954,1
DA:955,1
DA:956,1
DA:958,1
DA:959,1
DA:960,1
DA:961,1
DA:963,1
DA:964,1
DA:965,1
DA:966,1
DA:970,1
DA:971,1
DA:972,1
DA:973,1
DA:974,1
DA:975,1
DA:976,1
DA:977,1
DA:978,1
DA:979,1
DA:980,1
DA:982,1
DA:983,1
DA:984,1
DA:985,1
DA:987,1
DA:988,1
DA:989,1
DA:990,1
DA:992,1
DA:993,1
DA:994,1
DA:995,1
DA:999,1
DA:1000,1
DA:1001,1
DA:1002,1
DA:1003,1
DA:1004,1
DA:1005,1
DA:1009,1
DA:1010,1
DA:1011,1
DA:1012,1
DA:1013,1
DA:1014,1
DA:1015,1
DA:1016,1
DA:1017,1
DA:1018,1
DA:1019,1
DA:1020,1
DA:1023,1
DA:1026,1
DA:1027,1
DA:1028,1
DA:1029,1
DA:1030,1
DA:1031,1
DA:1032,1
DA:1033,1
DA:1034,1
DA:1035,1
DA:1036,1
DA:1037,1
DA:1039,1
DA:1040,1
DA:1041,1
DA:1042,1
DA:1046,1
DA:1047,1
DA:1048,1
DA:1049,1
DA:1050,1
DA:1051,1
DA:1052,1
DA:1056,1
DA:1057,1
DA:1058,1
DA:1059,1
DA:1060,1
DA:1061,1
DA:1062,1
DA:1063,1
DA:1064,1
DA:1065,1
DA:1068,1
DA:1071,1
DA:1072,1
DA:1073,1
DA:1074,1
DA:1075,1
DA:1078,1
DA:1080,1
DA:1081,1
DA:1082,1
DA:1085,12
DA:1086,12
DA:1089,12
DA:1090,12
DA:1093,12
DA:1094,12
DA:1095,12
DA:1096,12
DA:1097,12
DA:1100,12
DA:1101,12
DA:1102,12
DA:1103,12
DA:1106,12
DA:1107,12
DA:1108,12
DA:1111,12
DA:1112,12
DA:1113,12
DA:1114,12
DA:1118,5
DA:1119,5
DA:1122,5
DA:1123,5
DA:1124,5
DA:1127,5
DA:1128,5
DA:1129,5
DA:1132,5
DA:1133,5
DA:1134,5
DA:1135,5
DA:1138,5
DA:1139,5
DA:1140,5
DA:1143,5
DA:1144,5
DA:1145,5
DA:1150,26
DA:1151,26
DA:1152,26
DA:1153,1716
end_of_record
